[2025-10-19T14:54:48.580+0000] {local_task_job_runner.py:120} INFO - ::group::Pre task execution logs
[2025-10-19T14:54:48.632+0000] {taskinstance.py:2073} INFO - Dependencies all met for dep_context=non-requeueable deps ti=<TaskInstance: wiki_trending_pipeline.clean_top_pages manual__2025-10-19T14:54:28.659389+00:00 [queued]>
[2025-10-19T14:54:48.643+0000] {taskinstance.py:2073} INFO - Dependencies all met for dep_context=requeueable deps ti=<TaskInstance: wiki_trending_pipeline.clean_top_pages manual__2025-10-19T14:54:28.659389+00:00 [queued]>
[2025-10-19T14:54:48.643+0000] {taskinstance.py:2303} INFO - Starting attempt 1 of 3
[2025-10-19T14:54:48.663+0000] {taskinstance.py:2327} INFO - Executing <Task(PythonOperator): clean_top_pages> on 2025-10-19 14:54:28.659389+00:00
[2025-10-19T14:54:48.678+0000] {standard_task_runner.py:63} INFO - Started process 702 to run task
[2025-10-19T14:54:48.682+0000] {standard_task_runner.py:90} INFO - Running: ['***', 'tasks', 'run', 'wiki_trending_pipeline', 'clean_top_pages', 'manual__2025-10-19T14:54:28.659389+00:00', '--job-id', '51', '--raw', '--subdir', 'DAGS_FOLDER/wiki_top_pages_dag.py', '--cfg-path', '/tmp/tmpukjidigh']
[2025-10-19T14:54:48.685+0000] {standard_task_runner.py:91} INFO - Job 51: Subtask clean_top_pages
[2025-10-19T14:54:48.760+0000] {task_command.py:426} INFO - Running <TaskInstance: wiki_trending_pipeline.clean_top_pages manual__2025-10-19T14:54:28.659389+00:00 [running]> on host 6045c73eb554
[2025-10-19T14:54:48.912+0000] {taskinstance.py:2644} INFO - Exporting env vars: AIRFLOW_CTX_DAG_OWNER='data-engineering' AIRFLOW_CTX_DAG_ID='wiki_trending_pipeline' AIRFLOW_CTX_TASK_ID='clean_top_pages' AIRFLOW_CTX_EXECUTION_DATE='2025-10-19T14:54:28.659389+00:00' AIRFLOW_CTX_TRY_NUMBER='1' AIRFLOW_CTX_DAG_RUN_ID='manual__2025-10-19T14:54:28.659389+00:00'
[2025-10-19T14:54:48.913+0000] {taskinstance.py:430} INFO - ::endgroup::
[2025-10-19T14:54:48.950+0000] {logging_mixin.py:188} INFO - 📊 Processing file: top_pages_2025_10_18.csv
[2025-10-19T14:54:49.301+0000] {logging_mixin.py:188} INFO - ✓ Bucket 'silver' exists
[2025-10-19T14:54:49.302+0000] {logging_mixin.py:188} INFO - 🚀 Connecting to Spark cluster...
[2025-10-19T14:54:55.648+0000] {logging_mixin.py:188} INFO - ✅ Connected to Spark cluster!
[2025-10-19T14:54:55.652+0000] {logging_mixin.py:188} INFO -    • Application ID: app-20251019145454-0002
[2025-10-19T14:54:55.654+0000] {logging_mixin.py:188} INFO -    • Master: spark://spark-master:7077
[2025-10-19T14:54:55.656+0000] {logging_mixin.py:188} INFO - 📖 Reading CSV from: s3a://bronze/top_pages_2025_10_18.csv
[2025-10-19T14:55:16.740+0000] {logging_mixin.py:188} INFO - ✓ Loaded 1000 records from Bronze bucket
[2025-10-19T14:55:16.743+0000] {logging_mixin.py:188} INFO - 🧹 Cleaning data on Spark cluster...
[2025-10-19T14:55:16.868+0000] {logging_mixin.py:188} INFO - 📋 Sample of cleaned data:
[2025-10-19T14:55:17.800+0000] {logging_mixin.py:188} INFO - +-------------------------------------------+------+----+
|page                                       |views |rank|
+-------------------------------------------+------+----+
|1989_Tiananmen_Square_protests_and_massacre|816889|3   |
|Ed_Gein                                    |537592|4   |
|Google_Chrome                              |359664|5   |
|Shohei_Ohtani                              |331536|6   |
|George_Santos                              |247810|7   |
|Wikipedia:Featured_pictures                |247043|8   |
|6-7_(meme)                                 |242943|9   |
|Ace_Frehley                                |176362|10  |
|Killing_of_Ajike_Owens                     |173068|11  |
|No_Kings_protests                          |164543|12  |
+-------------------------------------------+------+----+
only showing top 10 rows
[2025-10-19T14:55:18.888+0000] {logging_mixin.py:188} INFO - ✓ Cleaned 996 records using Spark cluster
[2025-10-19T14:55:18.889+0000] {logging_mixin.py:188} INFO - 💾 Writing CSV to: s3a://silver/cleaned_2025_10_18.csv
[2025-10-19T14:55:21.949+0000] {logging_mixin.py:188} INFO - ✅ Successfully wrote cleaned data to Silver bucket
[2025-10-19T14:55:21.949+0000] {logging_mixin.py:188} INFO - 🛑 Stopping Spark session...
[2025-10-19T14:55:22.117+0000] {python.py:237} INFO - Done. Returned value was: {'input_file': 'top_pages_2025_10_18.csv', 'output_file': 'cleaned_2025_10_18.csv', 'record_count': 996}
[2025-10-19T14:55:22.118+0000] {taskinstance.py:441} INFO - ::group::Post task execution logs
[2025-10-19T14:55:22.172+0000] {taskinstance.py:1205} INFO - Marking task as SUCCESS. dag_id=wiki_trending_pipeline, task_id=clean_top_pages, execution_date=20251019T145428, start_date=20251019T145448, end_date=20251019T145522
[2025-10-19T14:55:22.258+0000] {local_task_job_runner.py:240} INFO - Task exited with return code 0
[2025-10-19T14:55:22.300+0000] {taskinstance.py:3482} INFO - 1 downstream tasks scheduled from follow-on schedule check
[2025-10-19T14:55:22.301+0000] {local_task_job_runner.py:222} INFO - ::endgroup::
