[2025-10-18T17:32:07.967+0000] {local_task_job_runner.py:120} INFO - ::group::Pre task execution logs
[2025-10-18T17:32:08.035+0000] {taskinstance.py:2073} INFO - Dependencies all met for dep_context=non-requeueable deps ti=<TaskInstance: wiki_trending_pipeline.check_spark_cluster manual__2025-10-18T17:32:05.405456+00:00 [queued]>
[2025-10-18T17:32:08.052+0000] {taskinstance.py:2073} INFO - Dependencies all met for dep_context=requeueable deps ti=<TaskInstance: wiki_trending_pipeline.check_spark_cluster manual__2025-10-18T17:32:05.405456+00:00 [queued]>
[2025-10-18T17:32:08.052+0000] {taskinstance.py:2303} INFO - Starting attempt 1 of 3
[2025-10-18T17:32:08.075+0000] {taskinstance.py:2327} INFO - Executing <Task(PythonOperator): check_spark_cluster> on 2025-10-18 17:32:05.405456+00:00
[2025-10-18T17:32:08.087+0000] {standard_task_runner.py:63} INFO - Started process 1354 to run task
[2025-10-18T17:32:08.093+0000] {standard_task_runner.py:90} INFO - Running: ['***', 'tasks', 'run', 'wiki_trending_pipeline', 'check_spark_cluster', 'manual__2025-10-18T17:32:05.405456+00:00', '--job-id', '36', '--raw', '--subdir', 'DAGS_FOLDER/wiki_dag/wiki_top_pages_dag.py', '--cfg-path', '/tmp/tmpucb6blte']
[2025-10-18T17:32:08.096+0000] {standard_task_runner.py:91} INFO - Job 36: Subtask check_spark_cluster
[2025-10-18T17:32:08.195+0000] {task_command.py:426} INFO - Running <TaskInstance: wiki_trending_pipeline.check_spark_cluster manual__2025-10-18T17:32:05.405456+00:00 [running]> on host 0071083d7e69
[2025-10-18T17:32:08.427+0000] {taskinstance.py:2644} INFO - Exporting env vars: AIRFLOW_CTX_DAG_OWNER='***' AIRFLOW_CTX_DAG_ID='wiki_trending_pipeline' AIRFLOW_CTX_TASK_ID='check_spark_cluster' AIRFLOW_CTX_EXECUTION_DATE='2025-10-18T17:32:05.405456+00:00' AIRFLOW_CTX_TRY_NUMBER='1' AIRFLOW_CTX_DAG_RUN_ID='manual__2025-10-18T17:32:05.405456+00:00'
[2025-10-18T17:32:08.428+0000] {taskinstance.py:430} INFO - ::endgroup::
[2025-10-18T17:32:08.883+0000] {logging_mixin.py:188} INFO - 🔍 Checking Spark cluster connectivity...
[2025-10-18T17:32:08.884+0000] {logging_mixin.py:188} INFO - Attempt 1/5 - Connecting to Spark cluster...
[2025-10-18T17:32:16.912+0000] {logging_mixin.py:188} INFO - Running test computation...
[2025-10-18T17:32:26.268+0000] {logging_mixin.py:188} INFO - ✅ Spark cluster is healthy!
[2025-10-18T17:32:26.269+0000] {logging_mixin.py:188} INFO -    • Spark Version: 3.5.1
[2025-10-18T17:32:26.270+0000] {logging_mixin.py:188} INFO -    • Master: spark://spark-master:7077
[2025-10-18T17:32:26.272+0000] {logging_mixin.py:188} INFO -    • Application ID: app-20251018173215-0004
[2025-10-18T17:32:26.273+0000] {logging_mixin.py:188} INFO -    • Test Result: Sum(1-5) = 15
[2025-10-18T17:32:27.255+0000] {python.py:237} INFO - Done. Returned value was: Spark cluster is ready
[2025-10-18T17:32:27.257+0000] {taskinstance.py:441} INFO - ::group::Post task execution logs
[2025-10-18T17:32:27.379+0000] {taskinstance.py:1205} INFO - Marking task as SUCCESS. dag_id=wiki_trending_pipeline, task_id=check_spark_cluster, execution_date=20251018T173205, start_date=20251018T173208, end_date=20251018T173227
[2025-10-18T17:32:27.458+0000] {local_task_job_runner.py:240} INFO - Task exited with return code 0
[2025-10-18T17:32:27.550+0000] {taskinstance.py:3482} INFO - 0 downstream tasks scheduled from follow-on schedule check
[2025-10-18T17:32:27.555+0000] {local_task_job_runner.py:222} INFO - ::endgroup::
