[2025-10-18T17:30:04.146+0000] {local_task_job_runner.py:120} INFO - ::group::Pre task execution logs
[2025-10-18T17:30:04.222+0000] {taskinstance.py:2073} INFO - Dependencies all met for dep_context=non-requeueable deps ti=<TaskInstance: wiki_trending_pipeline.fetch_top_pages manual__2025-10-18T17:29:42.564973+00:00 [queued]>
[2025-10-18T17:30:04.239+0000] {taskinstance.py:2073} INFO - Dependencies all met for dep_context=requeueable deps ti=<TaskInstance: wiki_trending_pipeline.fetch_top_pages manual__2025-10-18T17:29:42.564973+00:00 [queued]>
[2025-10-18T17:30:04.239+0000] {taskinstance.py:2303} INFO - Starting attempt 1 of 3
[2025-10-18T17:30:04.266+0000] {taskinstance.py:2327} INFO - Executing <Task(PythonOperator): fetch_top_pages> on 2025-10-18 17:29:42.564973+00:00
[2025-10-18T17:30:04.282+0000] {standard_task_runner.py:63} INFO - Started process 995 to run task
[2025-10-18T17:30:04.287+0000] {standard_task_runner.py:90} INFO - Running: ['***', 'tasks', 'run', 'wiki_trending_pipeline', 'fetch_top_pages', 'manual__2025-10-18T17:29:42.564973+00:00', '--job-id', '33', '--raw', '--subdir', 'DAGS_FOLDER/wiki_dag/wiki_top_pages_dag.py', '--cfg-path', '/tmp/tmp7nealzt5']
[2025-10-18T17:30:04.291+0000] {standard_task_runner.py:91} INFO - Job 33: Subtask fetch_top_pages
[2025-10-18T17:30:04.381+0000] {task_command.py:426} INFO - Running <TaskInstance: wiki_trending_pipeline.fetch_top_pages manual__2025-10-18T17:29:42.564973+00:00 [running]> on host 0071083d7e69
[2025-10-18T17:30:04.587+0000] {taskinstance.py:2644} INFO - Exporting env vars: AIRFLOW_CTX_DAG_OWNER='***' AIRFLOW_CTX_DAG_ID='wiki_trending_pipeline' AIRFLOW_CTX_TASK_ID='fetch_top_pages' AIRFLOW_CTX_EXECUTION_DATE='2025-10-18T17:29:42.564973+00:00' AIRFLOW_CTX_TRY_NUMBER='1' AIRFLOW_CTX_DAG_RUN_ID='manual__2025-10-18T17:29:42.564973+00:00'
[2025-10-18T17:30:04.589+0000] {taskinstance.py:430} INFO - ::endgroup::
[2025-10-18T17:30:05.256+0000] {logging_mixin.py:188} INFO - 📥 Fetching Wikipedia data for 2025/10/17
[2025-10-18T17:30:06.158+0000] {logging_mixin.py:188} INFO - ✓ Fetched 1 items from API
[2025-10-18T17:30:06.165+0000] {logging_mixin.py:188} INFO - ✓ Converted to DataFrame with 1000 records
[2025-10-18T17:30:06.765+0000] {logging_mixin.py:188} INFO - ✓ Bucket 'bronze' exists
[2025-10-18T17:30:06.813+0000] {logging_mixin.py:188} INFO - ✅ Uploaded to MinIO: s3://bronze/top_pages_2025_10_17.csv
[2025-10-18T17:30:06.816+0000] {python.py:237} INFO - Done. Returned value was: top_pages_2025_10_17.csv
[2025-10-18T17:30:06.817+0000] {taskinstance.py:441} INFO - ::group::Post task execution logs
[2025-10-18T17:30:06.865+0000] {taskinstance.py:1205} INFO - Marking task as SUCCESS. dag_id=wiki_trending_pipeline, task_id=fetch_top_pages, execution_date=20251018T172942, start_date=20251018T173004, end_date=20251018T173006
[2025-10-18T17:30:06.947+0000] {local_task_job_runner.py:240} INFO - Task exited with return code 0
[2025-10-18T17:30:07.001+0000] {taskinstance.py:3482} INFO - 1 downstream tasks scheduled from follow-on schedule check
[2025-10-18T17:30:07.003+0000] {local_task_job_runner.py:222} INFO - ::endgroup::
