[2025-10-18T10:53:22.731+0000] {local_task_job_runner.py:120} INFO - ::group::Pre task execution logs
[2025-10-18T10:53:22.796+0000] {taskinstance.py:2073} INFO - Dependencies all met for dep_context=non-requeueable deps ti=<TaskInstance: wiki_trending_pipeline.fetch_top_pages manual__2025-10-18T10:53:21.023878+00:00 [queued]>
[2025-10-18T10:53:22.811+0000] {taskinstance.py:2073} INFO - Dependencies all met for dep_context=requeueable deps ti=<TaskInstance: wiki_trending_pipeline.fetch_top_pages manual__2025-10-18T10:53:21.023878+00:00 [queued]>
[2025-10-18T10:53:22.812+0000] {taskinstance.py:2303} INFO - Starting attempt 1 of 2
[2025-10-18T10:53:22.831+0000] {taskinstance.py:2327} INFO - Executing <Task(PythonOperator): fetch_top_pages> on 2025-10-18 10:53:21.023878+00:00
[2025-10-18T10:53:22.851+0000] {logging_mixin.py:188} WARNING - /home/***/.local/lib/python3.12/site-packages/***/task/task_runner/standard_task_runner.py:61 DeprecationWarning: This process (pid=184) is multi-threaded, use of fork() may lead to deadlocks in the child.
[2025-10-18T10:53:22.852+0000] {standard_task_runner.py:63} INFO - Started process 185 to run task
[2025-10-18T10:53:22.852+0000] {standard_task_runner.py:90} INFO - Running: ['***', 'tasks', 'run', 'wiki_trending_pipeline', 'fetch_top_pages', 'manual__2025-10-18T10:53:21.023878+00:00', '--job-id', '7', '--raw', '--subdir', 'DAGS_FOLDER/wiki_dag/wiki_top_pages_dag.py', '--cfg-path', '/tmp/tmp0x7keqyi']
[2025-10-18T10:53:22.858+0000] {standard_task_runner.py:91} INFO - Job 7: Subtask fetch_top_pages
[2025-10-18T10:53:22.883+0000] {logging_mixin.py:188} WARNING - /home/***/.local/lib/python3.12/site-packages/***/settings.py:195 DeprecationWarning: The sql_alchemy_conn option in [core] has been moved to the sql_alchemy_conn option in [database] - the old setting has been used, but please update your config.
[2025-10-18T10:53:22.938+0000] {task_command.py:426} INFO - Running <TaskInstance: wiki_trending_pipeline.fetch_top_pages manual__2025-10-18T10:53:21.023878+00:00 [running]> on host 72cf498422e4
[2025-10-18T10:53:23.083+0000] {taskinstance.py:2644} INFO - Exporting env vars: AIRFLOW_CTX_DAG_OWNER='***' AIRFLOW_CTX_DAG_ID='wiki_trending_pipeline' AIRFLOW_CTX_TASK_ID='fetch_top_pages' AIRFLOW_CTX_EXECUTION_DATE='2025-10-18T10:53:21.023878+00:00' AIRFLOW_CTX_TRY_NUMBER='1' AIRFLOW_CTX_DAG_RUN_ID='manual__2025-10-18T10:53:21.023878+00:00'
[2025-10-18T10:53:23.084+0000] {taskinstance.py:430} INFO - ::endgroup::
[2025-10-18T10:53:23.543+0000] {logging_mixin.py:188} INFO - ✅ Data saved to /opt/***/output/top_pages_2025_10_17.json
[2025-10-18T10:53:23.546+0000] {python.py:237} INFO - Done. Returned value was: /opt/***/output/top_pages_2025_10_17.json
[2025-10-18T10:53:23.548+0000] {taskinstance.py:441} INFO - ::group::Post task execution logs
[2025-10-18T10:53:23.585+0000] {taskinstance.py:1205} INFO - Marking task as SUCCESS. dag_id=wiki_trending_pipeline, task_id=fetch_top_pages, execution_date=20251018T105321, start_date=20251018T105322, end_date=20251018T105323
[2025-10-18T10:53:23.630+0000] {local_task_job_runner.py:240} INFO - Task exited with return code 0
[2025-10-18T10:53:23.701+0000] {taskinstance.py:3482} INFO - 1 downstream tasks scheduled from follow-on schedule check
[2025-10-18T10:53:23.704+0000] {local_task_job_runner.py:222} INFO - ::endgroup::
