[2025-10-18T18:46:17.565+0000] {local_task_job_runner.py:120} INFO - ::group::Pre task execution logs
[2025-10-18T18:46:17.616+0000] {taskinstance.py:2073} INFO - Dependencies all met for dep_context=non-requeueable deps ti=<TaskInstance: wiki_trending_pipeline.check_spark_cluster scheduled__2025-10-17T00:00:00+00:00 [queued]>
[2025-10-18T18:46:17.626+0000] {taskinstance.py:2073} INFO - Dependencies all met for dep_context=requeueable deps ti=<TaskInstance: wiki_trending_pipeline.check_spark_cluster scheduled__2025-10-17T00:00:00+00:00 [queued]>
[2025-10-18T18:46:17.626+0000] {taskinstance.py:2303} INFO - Starting attempt 1 of 3
[2025-10-18T18:46:17.641+0000] {taskinstance.py:2327} INFO - Executing <Task(PythonOperator): check_spark_cluster> on 2025-10-17 00:00:00+00:00
[2025-10-18T18:46:17.654+0000] {standard_task_runner.py:63} INFO - Started process 413 to run task
[2025-10-18T18:46:17.658+0000] {standard_task_runner.py:90} INFO - Running: ['***', 'tasks', 'run', 'wiki_trending_pipeline', 'check_spark_cluster', 'scheduled__2025-10-17T00:00:00+00:00', '--job-id', '6', '--raw', '--subdir', 'DAGS_FOLDER/wiki_dag/wiki_top_pages_dag.py', '--cfg-path', '/tmp/tmpnsip_4l0']
[2025-10-18T18:46:17.661+0000] {standard_task_runner.py:91} INFO - Job 6: Subtask check_spark_cluster
[2025-10-18T18:46:17.735+0000] {task_command.py:426} INFO - Running <TaskInstance: wiki_trending_pipeline.check_spark_cluster scheduled__2025-10-17T00:00:00+00:00 [running]> on host 994b5d9a43a8
[2025-10-18T18:46:17.874+0000] {taskinstance.py:2644} INFO - Exporting env vars: AIRFLOW_CTX_DAG_OWNER='***' AIRFLOW_CTX_DAG_ID='wiki_trending_pipeline' AIRFLOW_CTX_TASK_ID='check_spark_cluster' AIRFLOW_CTX_EXECUTION_DATE='2025-10-17T00:00:00+00:00' AIRFLOW_CTX_TRY_NUMBER='1' AIRFLOW_CTX_DAG_RUN_ID='scheduled__2025-10-17T00:00:00+00:00'
[2025-10-18T18:46:17.875+0000] {taskinstance.py:430} INFO - ::endgroup::
[2025-10-18T18:46:17.891+0000] {logging_mixin.py:188} INFO - 🔍 Checking Spark cluster connectivity...
[2025-10-18T18:46:17.891+0000] {logging_mixin.py:188} INFO - Attempt 1/5 - Connecting to Spark cluster...
[2025-10-18T18:46:23.378+0000] {logging_mixin.py:188} INFO - Running test computation...
[2025-10-18T18:53:42.071+0000] {local_task_job_runner.py:120} INFO - ::group::Pre task execution logs
[2025-10-18T18:53:42.124+0000] {taskinstance.py:2073} INFO - Dependencies all met for dep_context=non-requeueable deps ti=<TaskInstance: wiki_trending_pipeline.check_spark_cluster scheduled__2025-10-17T00:00:00+00:00 [queued]>
[2025-10-18T18:53:42.136+0000] {taskinstance.py:2073} INFO - Dependencies all met for dep_context=requeueable deps ti=<TaskInstance: wiki_trending_pipeline.check_spark_cluster scheduled__2025-10-17T00:00:00+00:00 [queued]>
[2025-10-18T18:53:42.137+0000] {taskinstance.py:2303} INFO - Starting attempt 1 of 3
[2025-10-18T18:53:42.155+0000] {taskinstance.py:2327} INFO - Executing <Task(PythonOperator): check_spark_cluster> on 2025-10-17 00:00:00+00:00
[2025-10-18T18:53:42.168+0000] {standard_task_runner.py:63} INFO - Started process 198 to run task
[2025-10-18T18:53:42.172+0000] {standard_task_runner.py:90} INFO - Running: ['***', 'tasks', 'run', 'wiki_trending_pipeline', 'check_spark_cluster', 'scheduled__2025-10-17T00:00:00+00:00', '--job-id', '4', '--raw', '--subdir', 'DAGS_FOLDER/wiki_dag/wiki_top_pages_dag.py', '--cfg-path', '/tmp/tmpbj2cqdnr']
[2025-10-18T18:53:42.174+0000] {standard_task_runner.py:91} INFO - Job 4: Subtask check_spark_cluster
[2025-10-18T18:53:42.266+0000] {task_command.py:426} INFO - Running <TaskInstance: wiki_trending_pipeline.check_spark_cluster scheduled__2025-10-17T00:00:00+00:00 [running]> on host 96f4bad2117e
[2025-10-18T18:53:42.410+0000] {taskinstance.py:2644} INFO - Exporting env vars: AIRFLOW_CTX_DAG_OWNER='***' AIRFLOW_CTX_DAG_ID='wiki_trending_pipeline' AIRFLOW_CTX_TASK_ID='check_spark_cluster' AIRFLOW_CTX_EXECUTION_DATE='2025-10-17T00:00:00+00:00' AIRFLOW_CTX_TRY_NUMBER='1' AIRFLOW_CTX_DAG_RUN_ID='scheduled__2025-10-17T00:00:00+00:00'
[2025-10-18T18:53:42.411+0000] {taskinstance.py:430} INFO - ::endgroup::
[2025-10-18T18:53:42.424+0000] {logging_mixin.py:188} INFO - 🔍 Checking Spark cluster connectivity...
[2025-10-18T18:53:42.424+0000] {logging_mixin.py:188} INFO - Attempt 1/5 - Connecting to Spark cluster...
[2025-10-18T18:53:49.414+0000] {logging_mixin.py:188} INFO - Running test computation...
[2025-10-18T18:53:58.939+0000] {logging_mixin.py:188} INFO - ✅ Spark cluster is healthy!
[2025-10-18T18:53:58.941+0000] {logging_mixin.py:188} INFO -    • Spark Version: 3.5.1
[2025-10-18T18:53:58.941+0000] {logging_mixin.py:188} INFO -    • Master: spark://spark-master:7077
[2025-10-18T18:53:58.943+0000] {logging_mixin.py:188} INFO -    • Application ID: app-20251018185347-0000
[2025-10-18T18:53:58.944+0000] {logging_mixin.py:188} INFO -    • Test Result: Sum(1-5) = 15
[2025-10-18T18:53:59.901+0000] {python.py:237} INFO - Done. Returned value was: Spark cluster is ready
[2025-10-18T18:53:59.902+0000] {taskinstance.py:441} INFO - ::group::Post task execution logs
[2025-10-18T18:54:00.216+0000] {taskinstance.py:1205} INFO - Marking task as SUCCESS. dag_id=wiki_trending_pipeline, task_id=check_spark_cluster, execution_date=20251017T000000, start_date=20251018T185342, end_date=20251018T185400
[2025-10-18T18:54:00.287+0000] {local_task_job_runner.py:240} INFO - Task exited with return code 0
[2025-10-18T18:54:00.333+0000] {taskinstance.py:3482} INFO - 1 downstream tasks scheduled from follow-on schedule check
[2025-10-18T18:54:00.335+0000] {local_task_job_runner.py:222} INFO - ::endgroup::
