[2025-10-19T12:21:19.858+0000] {local_task_job_runner.py:120} INFO - ::group::Pre task execution logs
[2025-10-19T12:21:19.964+0000] {taskinstance.py:2073} INFO - Dependencies all met for dep_context=non-requeueable deps ti=<TaskInstance: wiki_trending_pipeline.clean_top_pages scheduled__2025-10-18T00:00:00+00:00 [queued]>
[2025-10-19T12:21:19.984+0000] {taskinstance.py:2073} INFO - Dependencies all met for dep_context=requeueable deps ti=<TaskInstance: wiki_trending_pipeline.clean_top_pages scheduled__2025-10-18T00:00:00+00:00 [queued]>
[2025-10-19T12:21:19.985+0000] {taskinstance.py:2303} INFO - Starting attempt 1 of 3
[2025-10-19T12:21:20.010+0000] {taskinstance.py:2327} INFO - Executing <Task(PythonOperator): clean_top_pages> on 2025-10-18 00:00:00+00:00
[2025-10-19T12:21:20.030+0000] {standard_task_runner.py:63} INFO - Started process 352 to run task
[2025-10-19T12:21:20.035+0000] {standard_task_runner.py:90} INFO - Running: ['***', 'tasks', 'run', 'wiki_trending_pipeline', 'clean_top_pages', 'scheduled__2025-10-18T00:00:00+00:00', '--job-id', '7', '--raw', '--subdir', 'DAGS_FOLDER/wiki_top_pages_dag.py', '--cfg-path', '/tmp/tmph4mv_7is']
[2025-10-19T12:21:20.039+0000] {standard_task_runner.py:91} INFO - Job 7: Subtask clean_top_pages
[2025-10-19T12:21:20.187+0000] {task_command.py:426} INFO - Running <TaskInstance: wiki_trending_pipeline.clean_top_pages scheduled__2025-10-18T00:00:00+00:00 [running]> on host 6045c73eb554
[2025-10-19T12:21:20.409+0000] {taskinstance.py:2644} INFO - Exporting env vars: AIRFLOW_CTX_DAG_OWNER='data-engineering' AIRFLOW_CTX_DAG_ID='wiki_trending_pipeline' AIRFLOW_CTX_TASK_ID='clean_top_pages' AIRFLOW_CTX_EXECUTION_DATE='2025-10-18T00:00:00+00:00' AIRFLOW_CTX_TRY_NUMBER='1' AIRFLOW_CTX_DAG_RUN_ID='scheduled__2025-10-18T00:00:00+00:00'
[2025-10-19T12:21:20.410+0000] {taskinstance.py:430} INFO - ::endgroup::
[2025-10-19T12:21:20.489+0000] {logging_mixin.py:188} INFO - 📊 Processing file: top_pages_2025_10_18.csv
[2025-10-19T12:21:21.600+0000] {logging_mixin.py:188} INFO - ✓ Created bucket 'silver'
[2025-10-19T12:21:21.601+0000] {logging_mixin.py:188} INFO - 🚀 Connecting to Spark cluster...
[2025-10-19T12:21:28.516+0000] {logging_mixin.py:188} INFO - ✅ Connected to Spark cluster!
[2025-10-19T12:21:28.520+0000] {logging_mixin.py:188} INFO -    • Application ID: app-20251019122127-0001
[2025-10-19T12:21:28.520+0000] {logging_mixin.py:188} INFO -    • Master: spark://spark-master:7077
[2025-10-19T12:21:28.521+0000] {logging_mixin.py:188} INFO - 📖 Reading CSV from: s3a://bronze/top_pages_2025_10_18.csv
[2025-10-19T12:21:47.992+0000] {logging_mixin.py:188} INFO - ✓ Loaded 1000 records from Bronze bucket
[2025-10-19T12:21:47.994+0000] {logging_mixin.py:188} INFO - 🧹 Cleaning data on Spark cluster...
[2025-10-19T12:21:48.099+0000] {logging_mixin.py:188} INFO - 📋 Sample of cleaned data:
[2025-10-19T12:21:49.159+0000] {logging_mixin.py:188} INFO - +-------------------------------------------+------+----+
|page                                       |views |rank|
+-------------------------------------------+------+----+
|1989_Tiananmen_Square_protests_and_massacre|816889|3   |
|Ed_Gein                                    |537592|4   |
|Google_Chrome                              |359664|5   |
|Shohei_Ohtani                              |331536|6   |
|George_Santos                              |247810|7   |
|Wikipedia:Featured_pictures                |247043|8   |
|6-7_(meme)                                 |242943|9   |
|Ace_Frehley                                |176362|10  |
|Killing_of_Ajike_Owens                     |173068|11  |
|No_Kings_protests                          |164543|12  |
+-------------------------------------------+------+----+
only showing top 10 rows
[2025-10-19T12:21:49.888+0000] {logging_mixin.py:188} INFO - ✓ Cleaned 996 records using Spark cluster
[2025-10-19T12:21:49.889+0000] {logging_mixin.py:188} INFO - 💾 Writing CSV to: s3a://silver/cleaned_2025_10_18.csv
[2025-10-19T12:21:52.941+0000] {logging_mixin.py:188} INFO - ✅ Successfully wrote cleaned data to Silver bucket
[2025-10-19T12:21:52.942+0000] {logging_mixin.py:188} INFO - 🛑 Stopping Spark session...
[2025-10-19T12:21:53.503+0000] {python.py:237} INFO - Done. Returned value was: {'input_file': 'top_pages_2025_10_18.csv', 'output_file': 'cleaned_2025_10_18.csv', 'record_count': 996}
[2025-10-19T12:21:53.504+0000] {taskinstance.py:441} INFO - ::group::Post task execution logs
[2025-10-19T12:21:53.599+0000] {taskinstance.py:1205} INFO - Marking task as SUCCESS. dag_id=wiki_trending_pipeline, task_id=clean_top_pages, execution_date=20251018T000000, start_date=20251019T122119, end_date=20251019T122153
[2025-10-19T12:21:53.694+0000] {local_task_job_runner.py:240} INFO - Task exited with return code 0
[2025-10-19T12:21:53.744+0000] {taskinstance.py:3482} INFO - 1 downstream tasks scheduled from follow-on schedule check
[2025-10-19T12:21:53.746+0000] {local_task_job_runner.py:222} INFO - ::endgroup::
[2025-10-19T18:03:30.401+0000] {local_task_job_runner.py:120} INFO - ::group::Pre task execution logs
[2025-10-19T18:03:30.516+0000] {taskinstance.py:2073} INFO - Dependencies all met for dep_context=non-requeueable deps ti=<TaskInstance: wiki_trending_pipeline.clean_top_pages scheduled__2025-10-18T00:00:00+00:00 [queued]>
[2025-10-19T18:03:30.545+0000] {taskinstance.py:2073} INFO - Dependencies all met for dep_context=requeueable deps ti=<TaskInstance: wiki_trending_pipeline.clean_top_pages scheduled__2025-10-18T00:00:00+00:00 [queued]>
[2025-10-19T18:03:30.546+0000] {taskinstance.py:2303} INFO - Starting attempt 1 of 3
[2025-10-19T18:03:30.576+0000] {taskinstance.py:2327} INFO - Executing <Task(PythonOperator): clean_top_pages> on 2025-10-18 00:00:00+00:00
[2025-10-19T18:03:30.594+0000] {standard_task_runner.py:63} INFO - Started process 393 to run task
[2025-10-19T18:03:30.603+0000] {standard_task_runner.py:90} INFO - Running: ['***', 'tasks', 'run', 'wiki_trending_pipeline', 'clean_top_pages', 'scheduled__2025-10-18T00:00:00+00:00', '--job-id', '8', '--raw', '--subdir', 'DAGS_FOLDER/wiki_top_pages_dag.py', '--cfg-path', '/tmp/tmphslzgnr5']
[2025-10-19T18:03:30.609+0000] {standard_task_runner.py:91} INFO - Job 8: Subtask clean_top_pages
[2025-10-19T18:03:30.723+0000] {task_command.py:426} INFO - Running <TaskInstance: wiki_trending_pipeline.clean_top_pages scheduled__2025-10-18T00:00:00+00:00 [running]> on host fd86742dd253
[2025-10-19T18:03:31.302+0000] {taskinstance.py:2644} INFO - Exporting env vars: AIRFLOW_CTX_DAG_OWNER='data-engineering' AIRFLOW_CTX_DAG_ID='wiki_trending_pipeline' AIRFLOW_CTX_TASK_ID='clean_top_pages' AIRFLOW_CTX_EXECUTION_DATE='2025-10-18T00:00:00+00:00' AIRFLOW_CTX_TRY_NUMBER='1' AIRFLOW_CTX_DAG_RUN_ID='scheduled__2025-10-18T00:00:00+00:00'
[2025-10-19T18:03:31.303+0000] {taskinstance.py:430} INFO - ::endgroup::
[2025-10-19T18:03:31.345+0000] {logging_mixin.py:188} INFO - 📊 Processing file: top_pages_2025_10_18.csv
[2025-10-19T18:03:31.518+0000] {logging_mixin.py:188} INFO - ✓ Created bucket 'silver'
[2025-10-19T18:03:31.519+0000] {logging_mixin.py:188} INFO - 🚀 Connecting to Spark cluster...
[2025-10-19T18:03:42.497+0000] {logging_mixin.py:188} INFO - ✅ Connected to Spark cluster!
[2025-10-19T18:03:42.503+0000] {logging_mixin.py:188} INFO -    • Application ID: app-20251019180340-0002
[2025-10-19T18:03:42.505+0000] {logging_mixin.py:188} INFO -    • Master: spark://spark-master:7077
[2025-10-19T18:03:42.506+0000] {logging_mixin.py:188} INFO - 📖 Reading CSV from: s3a://bronze/top_pages_2025_10_18.csv
[2025-10-19T18:04:12.246+0000] {logging_mixin.py:188} INFO - ✓ Loaded 1000 records from Bronze bucket
[2025-10-19T18:04:12.248+0000] {logging_mixin.py:188} INFO - 🧹 Cleaning data on Spark cluster...
[2025-10-19T18:04:12.385+0000] {logging_mixin.py:188} INFO - 📋 Sample of cleaned data:
[2025-10-19T18:04:13.114+0000] {logging_mixin.py:188} INFO - +-------------------------------------------+------+----+-------------------------------------------------------------------------+
|page                                       |views |rank|link                                                                     |
+-------------------------------------------+------+----+-------------------------------------------------------------------------+
|1989_Tiananmen_Square_protests_and_massacre|816889|3   |https://en.wikipedia.org/wiki/1989_Tiananmen_Square_protests_and_massacre|
|Ed_Gein                                    |537592|4   |https://en.wikipedia.org/wiki/Ed_Gein                                    |
|Google_Chrome                              |359664|5   |https://en.wikipedia.org/wiki/Google_Chrome                              |
|Shohei_Ohtani                              |331536|6   |https://en.wikipedia.org/wiki/Shohei_Ohtani                              |
|George_Santos                              |247810|7   |https://en.wikipedia.org/wiki/George_Santos                              |
|Wikipedia:Featured_pictures                |247043|8   |https://en.wikipedia.org/wiki/Wikipedia:Featured_pictures                |
|6-7_(meme)                                 |242943|9   |https://en.wikipedia.org/wiki/6-7_(meme)                                 |
|Ace_Frehley                                |176362|10  |https://en.wikipedia.org/wiki/Ace_Frehley                                |
|Killing_of_Ajike_Owens                     |173068|11  |https://en.wikipedia.org/wiki/Killing_of_Ajike_Owens                     |
|No_Kings_protests                          |164543|12  |https://en.wikipedia.org/wiki/No_Kings_protests                          |
+-------------------------------------------+------+----+-------------------------------------------------------------------------+
only showing top 10 rows
[2025-10-19T18:04:13.729+0000] {logging_mixin.py:188} INFO - ✓ Cleaned 996 records using Spark cluster
[2025-10-19T18:04:13.729+0000] {logging_mixin.py:188} INFO - 💾 Writing CSV to: s3a://silver/cleaned_2025_10_18.csv
[2025-10-19T18:04:16.373+0000] {logging_mixin.py:188} INFO - ✅ Successfully wrote cleaned data to Silver bucket
[2025-10-19T18:04:16.374+0000] {logging_mixin.py:188} INFO - 🛑 Stopping Spark session...
[2025-10-19T18:04:16.653+0000] {python.py:237} INFO - Done. Returned value was: {'input_file': 'top_pages_2025_10_18.csv', 'output_file': 'cleaned_2025_10_18.csv', 'record_count': 996}
[2025-10-19T18:04:16.653+0000] {taskinstance.py:441} INFO - ::group::Post task execution logs
[2025-10-19T18:04:16.729+0000] {taskinstance.py:1205} INFO - Marking task as SUCCESS. dag_id=wiki_trending_pipeline, task_id=clean_top_pages, execution_date=20251018T000000, start_date=20251019T180330, end_date=20251019T180416
[2025-10-19T18:04:16.839+0000] {local_task_job_runner.py:240} INFO - Task exited with return code 0
[2025-10-19T18:04:16.898+0000] {taskinstance.py:3482} INFO - 1 downstream tasks scheduled from follow-on schedule check
[2025-10-19T18:04:16.903+0000] {local_task_job_runner.py:222} INFO - ::endgroup::
