[2025-10-19T15:42:24.423+0000] {local_task_job_runner.py:120} INFO - ::group::Pre task execution logs
[2025-10-19T15:42:24.576+0000] {taskinstance.py:2073} INFO - Dependencies all met for dep_context=non-requeueable deps ti=<TaskInstance: wiki_trending_pipeline.check_spark_cluster manual__2025-10-19T15:42:22.754245+00:00 [queued]>
[2025-10-19T15:42:24.599+0000] {taskinstance.py:2073} INFO - Dependencies all met for dep_context=requeueable deps ti=<TaskInstance: wiki_trending_pipeline.check_spark_cluster manual__2025-10-19T15:42:22.754245+00:00 [queued]>
[2025-10-19T15:42:24.600+0000] {taskinstance.py:2303} INFO - Starting attempt 1 of 3
[2025-10-19T15:42:24.669+0000] {taskinstance.py:2327} INFO - Executing <Task(PythonOperator): check_spark_cluster> on 2025-10-19 15:42:22.754245+00:00
[2025-10-19T15:42:24.685+0000] {standard_task_runner.py:63} INFO - Started process 1858 to run task
[2025-10-19T15:42:24.690+0000] {standard_task_runner.py:90} INFO - Running: ['***', 'tasks', 'run', 'wiki_trending_pipeline', 'check_spark_cluster', 'manual__2025-10-19T15:42:22.754245+00:00', '--job-id', '71', '--raw', '--subdir', 'DAGS_FOLDER/wiki_top_pages_dag.py', '--cfg-path', '/tmp/tmp3mcfbgoi']
[2025-10-19T15:42:24.694+0000] {standard_task_runner.py:91} INFO - Job 71: Subtask check_spark_cluster
[2025-10-19T15:42:24.816+0000] {task_command.py:426} INFO - Running <TaskInstance: wiki_trending_pipeline.check_spark_cluster manual__2025-10-19T15:42:22.754245+00:00 [running]> on host 6045c73eb554
[2025-10-19T15:42:25.020+0000] {taskinstance.py:2644} INFO - Exporting env vars: AIRFLOW_CTX_DAG_OWNER='data-engineering' AIRFLOW_CTX_DAG_ID='wiki_trending_pipeline' AIRFLOW_CTX_TASK_ID='check_spark_cluster' AIRFLOW_CTX_EXECUTION_DATE='2025-10-19T15:42:22.754245+00:00' AIRFLOW_CTX_TRY_NUMBER='1' AIRFLOW_CTX_DAG_RUN_ID='manual__2025-10-19T15:42:22.754245+00:00'
[2025-10-19T15:42:25.021+0000] {taskinstance.py:430} INFO - ::endgroup::
[2025-10-19T15:42:25.051+0000] {logging_mixin.py:188} INFO - 🔍 Checking Spark cluster connectivity...
[2025-10-19T15:42:25.052+0000] {logging_mixin.py:188} INFO - Attempt 1/5 - Connecting to Spark cluster...
[2025-10-19T15:42:31.343+0000] {logging_mixin.py:188} INFO - Running test computation...
[2025-10-19T15:42:38.591+0000] {logging_mixin.py:188} INFO - ✅ Spark cluster is healthy!
[2025-10-19T15:42:38.592+0000] {logging_mixin.py:188} INFO -    • Spark Version: 3.5.1
[2025-10-19T15:42:38.593+0000] {logging_mixin.py:188} INFO -    • Master: spark://spark-master:7077
[2025-10-19T15:42:38.595+0000] {logging_mixin.py:188} INFO -    • Application ID: app-20251019154230-0004
[2025-10-19T15:42:38.595+0000] {logging_mixin.py:188} INFO -    • Test Result: Sum(1-5) = 15
[2025-10-19T15:42:39.564+0000] {python.py:237} INFO - Done. Returned value was: Spark cluster is ready
[2025-10-19T15:42:39.565+0000] {taskinstance.py:441} INFO - ::group::Post task execution logs
[2025-10-19T15:42:39.637+0000] {taskinstance.py:1205} INFO - Marking task as SUCCESS. dag_id=wiki_trending_pipeline, task_id=check_spark_cluster, execution_date=20251019T154222, start_date=20251019T154224, end_date=20251019T154239
[2025-10-19T15:42:39.678+0000] {local_task_job_runner.py:240} INFO - Task exited with return code 0
[2025-10-19T15:42:39.734+0000] {taskinstance.py:3482} INFO - 1 downstream tasks scheduled from follow-on schedule check
[2025-10-19T15:42:39.735+0000] {local_task_job_runner.py:222} INFO - ::endgroup::
