[2025-10-18T18:54:39.967+0000] {local_task_job_runner.py:120} INFO - ::group::Pre task execution logs
[2025-10-18T18:54:40.013+0000] {taskinstance.py:2073} INFO - Dependencies all met for dep_context=non-requeueable deps ti=<TaskInstance: wiki_trending_pipeline.verify_pipeline scheduled__2025-10-17T00:00:00+00:00 [queued]>
[2025-10-18T18:54:40.024+0000] {taskinstance.py:2073} INFO - Dependencies all met for dep_context=requeueable deps ti=<TaskInstance: wiki_trending_pipeline.verify_pipeline scheduled__2025-10-17T00:00:00+00:00 [queued]>
[2025-10-18T18:54:40.025+0000] {taskinstance.py:2303} INFO - Starting attempt 1 of 3
[2025-10-18T18:54:40.043+0000] {taskinstance.py:2327} INFO - Executing <Task(PythonOperator): verify_pipeline> on 2025-10-17 00:00:00+00:00
[2025-10-18T18:54:40.058+0000] {standard_task_runner.py:63} INFO - Started process 680 to run task
[2025-10-18T18:54:40.066+0000] {standard_task_runner.py:90} INFO - Running: ['***', 'tasks', 'run', 'wiki_trending_pipeline', 'verify_pipeline', 'scheduled__2025-10-17T00:00:00+00:00', '--job-id', '6', '--raw', '--subdir', 'DAGS_FOLDER/wiki_dag/wiki_top_pages_dag.py', '--cfg-path', '/tmp/tmpzptt3vjx']
[2025-10-18T18:54:40.071+0000] {standard_task_runner.py:91} INFO - Job 6: Subtask verify_pipeline
[2025-10-18T18:54:40.172+0000] {task_command.py:426} INFO - Running <TaskInstance: wiki_trending_pipeline.verify_pipeline scheduled__2025-10-17T00:00:00+00:00 [running]> on host 96f4bad2117e
[2025-10-18T18:54:40.342+0000] {taskinstance.py:2644} INFO - Exporting env vars: AIRFLOW_CTX_DAG_OWNER='***' AIRFLOW_CTX_DAG_ID='wiki_trending_pipeline' AIRFLOW_CTX_TASK_ID='verify_pipeline' AIRFLOW_CTX_EXECUTION_DATE='2025-10-17T00:00:00+00:00' AIRFLOW_CTX_TRY_NUMBER='1' AIRFLOW_CTX_DAG_RUN_ID='scheduled__2025-10-17T00:00:00+00:00'
[2025-10-18T18:54:40.343+0000] {taskinstance.py:430} INFO - ::endgroup::
[2025-10-18T18:54:40.812+0000] {logging_mixin.py:188} INFO - ============================================================
[2025-10-18T18:54:40.813+0000] {logging_mixin.py:188} INFO - 📊 PIPELINE VERIFICATION
[2025-10-18T18:54:40.813+0000] {logging_mixin.py:188} INFO - ============================================================
[2025-10-18T18:54:40.813+0000] {logging_mixin.py:188} INFO - 
🥉 Bronze Bucket (bronze):
[2025-10-18T18:54:40.824+0000] {logging_mixin.py:188} INFO -   • top_pages_2025_10_17.csv (0.03 MB)
[2025-10-18T18:54:40.824+0000] {logging_mixin.py:188} INFO - 
🥈 Silver Bucket (silver):
[2025-10-18T18:54:40.831+0000] {logging_mixin.py:188} INFO -   • cleaned_2025_10_17.csv/_SUCCESS (0.00 KB)
[2025-10-18T18:54:40.831+0000] {logging_mixin.py:188} INFO -   • cleaned_2025_10_17.csv/part-00000-34a7cada-2322-457b-860c-3089b2be5d6b-c000.csv (26.54 KB)
[2025-10-18T18:54:40.832+0000] {logging_mixin.py:188} INFO - 
✅ Pipeline Summary:
[2025-10-18T18:54:40.832+0000] {logging_mixin.py:188} INFO -   • Input: top_pages_2025_10_17.csv
[2025-10-18T18:54:40.833+0000] {logging_mixin.py:188} INFO -   • Output: cleaned_2025_10_17.csv
[2025-10-18T18:54:40.833+0000] {logging_mixin.py:188} INFO -   • Records Processed: 996
[2025-10-18T18:54:40.833+0000] {logging_mixin.py:188} INFO -   • Status: SUCCESS
[2025-10-18T18:54:40.834+0000] {logging_mixin.py:188} INFO - ============================================================
[2025-10-18T18:54:40.834+0000] {python.py:237} INFO - Done. Returned value was: Pipeline completed successfully!
[2025-10-18T18:54:40.835+0000] {taskinstance.py:441} INFO - ::group::Post task execution logs
[2025-10-18T18:54:40.880+0000] {taskinstance.py:1205} INFO - Marking task as SUCCESS. dag_id=wiki_trending_pipeline, task_id=verify_pipeline, execution_date=20251017T000000, start_date=20251018T185440, end_date=20251018T185440
[2025-10-18T18:54:40.956+0000] {local_task_job_runner.py:240} INFO - Task exited with return code 0
[2025-10-18T18:54:41.071+0000] {taskinstance.py:3482} INFO - 0 downstream tasks scheduled from follow-on schedule check
[2025-10-18T18:54:41.072+0000] {local_task_job_runner.py:222} INFO - ::endgroup::
