[2025-10-18T10:31:46.686+0000] {local_task_job_runner.py:120} INFO - ::group::Pre task execution logs
[2025-10-18T10:31:46.780+0000] {taskinstance.py:2073} INFO - Dependencies all met for dep_context=non-requeueable deps ti=<TaskInstance: wiki_trending_pipeline.fetch_top_pages manual__2025-10-18T10:31:45.719547+00:00 [queued]>
[2025-10-18T10:31:46.796+0000] {taskinstance.py:2073} INFO - Dependencies all met for dep_context=requeueable deps ti=<TaskInstance: wiki_trending_pipeline.fetch_top_pages manual__2025-10-18T10:31:45.719547+00:00 [queued]>
[2025-10-18T10:31:46.796+0000] {taskinstance.py:2303} INFO - Starting attempt 1 of 2
[2025-10-18T10:31:46.820+0000] {taskinstance.py:2327} INFO - Executing <Task(PythonOperator): fetch_top_pages> on 2025-10-18 10:31:45.719547+00:00
[2025-10-18T10:31:46.836+0000] {logging_mixin.py:188} WARNING - /home/***/.local/lib/python3.12/site-packages/***/task/task_runner/standard_task_runner.py:61 DeprecationWarning: This process (pid=179) is multi-threaded, use of fork() may lead to deadlocks in the child.
[2025-10-18T10:31:46.837+0000] {standard_task_runner.py:63} INFO - Started process 180 to run task
[2025-10-18T10:31:46.836+0000] {standard_task_runner.py:90} INFO - Running: ['***', 'tasks', 'run', 'wiki_trending_pipeline', 'fetch_top_pages', 'manual__2025-10-18T10:31:45.719547+00:00', '--job-id', '2', '--raw', '--subdir', 'DAGS_FOLDER/wiki_dag/wiki_top_pages_dag.py', '--cfg-path', '/tmp/tmpv_cwbwgf']
[2025-10-18T10:31:46.839+0000] {standard_task_runner.py:91} INFO - Job 2: Subtask fetch_top_pages
[2025-10-18T10:31:46.859+0000] {logging_mixin.py:188} WARNING - /home/***/.local/lib/python3.12/site-packages/***/settings.py:195 DeprecationWarning: The sql_alchemy_conn option in [core] has been moved to the sql_alchemy_conn option in [database] - the old setting has been used, but please update your config.
[2025-10-18T10:31:46.911+0000] {task_command.py:426} INFO - Running <TaskInstance: wiki_trending_pipeline.fetch_top_pages manual__2025-10-18T10:31:45.719547+00:00 [running]> on host 6001116caf96
[2025-10-18T10:31:47.090+0000] {taskinstance.py:2644} INFO - Exporting env vars: AIRFLOW_CTX_DAG_OWNER='***' AIRFLOW_CTX_DAG_ID='wiki_trending_pipeline' AIRFLOW_CTX_TASK_ID='fetch_top_pages' AIRFLOW_CTX_EXECUTION_DATE='2025-10-18T10:31:45.719547+00:00' AIRFLOW_CTX_TRY_NUMBER='1' AIRFLOW_CTX_DAG_RUN_ID='manual__2025-10-18T10:31:45.719547+00:00'
[2025-10-18T10:31:47.095+0000] {taskinstance.py:430} INFO - ::endgroup::
[2025-10-18T10:31:47.649+0000] {logging_mixin.py:188} INFO - ✅ Data saved to /opt/***/output/top_pages_2025_10_17.json
[2025-10-18T10:31:47.651+0000] {python.py:237} INFO - Done. Returned value was: /opt/***/output/top_pages_2025_10_17.json
[2025-10-18T10:31:47.652+0000] {taskinstance.py:441} INFO - ::group::Post task execution logs
[2025-10-18T10:31:47.704+0000] {taskinstance.py:1205} INFO - Marking task as SUCCESS. dag_id=wiki_trending_pipeline, task_id=fetch_top_pages, execution_date=20251018T103145, start_date=20251018T103146, end_date=20251018T103147
[2025-10-18T10:31:47.778+0000] {local_task_job_runner.py:240} INFO - Task exited with return code 0
[2025-10-18T10:31:47.833+0000] {taskinstance.py:3482} INFO - 1 downstream tasks scheduled from follow-on schedule check
[2025-10-18T10:31:47.835+0000] {local_task_job_runner.py:222} INFO - ::endgroup::
