[2025-10-19T15:38:36.366+0000] {local_task_job_runner.py:120} INFO - ::group::Pre task execution logs
[2025-10-19T15:38:36.424+0000] {taskinstance.py:2073} INFO - Dependencies all met for dep_context=non-requeueable deps ti=<TaskInstance: wiki_trending_pipeline.clean_top_pages manual__2025-10-19T15:38:17.345526+00:00 [queued]>
[2025-10-19T15:38:36.436+0000] {taskinstance.py:2073} INFO - Dependencies all met for dep_context=requeueable deps ti=<TaskInstance: wiki_trending_pipeline.clean_top_pages manual__2025-10-19T15:38:17.345526+00:00 [queued]>
[2025-10-19T15:38:36.437+0000] {taskinstance.py:2303} INFO - Starting attempt 1 of 3
[2025-10-19T15:38:36.453+0000] {taskinstance.py:2327} INFO - Executing <Task(PythonOperator): clean_top_pages> on 2025-10-19 15:38:17.345526+00:00
[2025-10-19T15:38:36.464+0000] {standard_task_runner.py:63} INFO - Started process 1435 to run task
[2025-10-19T15:38:36.471+0000] {standard_task_runner.py:90} INFO - Running: ['***', 'tasks', 'run', 'wiki_trending_pipeline', 'clean_top_pages', 'manual__2025-10-19T15:38:17.345526+00:00', '--job-id', '69', '--raw', '--subdir', 'DAGS_FOLDER/wiki_top_pages_dag.py', '--cfg-path', '/tmp/tmpzcb9l768']
[2025-10-19T15:38:36.475+0000] {standard_task_runner.py:91} INFO - Job 69: Subtask clean_top_pages
[2025-10-19T15:38:36.554+0000] {task_command.py:426} INFO - Running <TaskInstance: wiki_trending_pipeline.clean_top_pages manual__2025-10-19T15:38:17.345526+00:00 [running]> on host 6045c73eb554
[2025-10-19T15:38:36.713+0000] {taskinstance.py:2644} INFO - Exporting env vars: AIRFLOW_CTX_DAG_OWNER='data-engineering' AIRFLOW_CTX_DAG_ID='wiki_trending_pipeline' AIRFLOW_CTX_TASK_ID='clean_top_pages' AIRFLOW_CTX_EXECUTION_DATE='2025-10-19T15:38:17.345526+00:00' AIRFLOW_CTX_TRY_NUMBER='1' AIRFLOW_CTX_DAG_RUN_ID='manual__2025-10-19T15:38:17.345526+00:00'
[2025-10-19T15:38:36.714+0000] {taskinstance.py:430} INFO - ::endgroup::
[2025-10-19T15:38:36.767+0000] {logging_mixin.py:188} INFO - 📊 Processing file: top_pages_2025_10_18.csv
[2025-10-19T15:38:38.005+0000] {logging_mixin.py:188} INFO - ✓ Bucket 'silver' exists
[2025-10-19T15:38:38.005+0000] {logging_mixin.py:188} INFO - 🚀 Connecting to Spark cluster...
[2025-10-19T15:38:44.039+0000] {logging_mixin.py:188} INFO - ✅ Connected to Spark cluster!
[2025-10-19T15:38:44.044+0000] {logging_mixin.py:188} INFO -    • Application ID: app-20251019153842-0003
[2025-10-19T15:38:44.046+0000] {logging_mixin.py:188} INFO -    • Master: spark://spark-master:7077
[2025-10-19T15:38:44.047+0000] {logging_mixin.py:188} INFO - 📖 Reading CSV from: s3a://bronze/top_pages_2025_10_18.csv
[2025-10-19T15:39:08.551+0000] {logging_mixin.py:188} INFO - ✓ Loaded 1000 records from Bronze bucket
[2025-10-19T15:39:08.576+0000] {logging_mixin.py:188} INFO - 🧹 Cleaning data on Spark cluster...
[2025-10-19T15:39:08.734+0000] {logging_mixin.py:188} INFO - 📋 Sample of cleaned data:
[2025-10-19T15:39:09.765+0000] {logging_mixin.py:188} INFO - +-------------------------------------------+------+----+
|page                                       |views |rank|
+-------------------------------------------+------+----+
|1989_Tiananmen_Square_protests_and_massacre|816889|3   |
|Ed_Gein                                    |537592|4   |
|Google_Chrome                              |359664|5   |
|Shohei_Ohtani                              |331536|6   |
|George_Santos                              |247810|7   |
|Wikipedia:Featured_pictures                |247043|8   |
|6-7_(meme)                                 |242943|9   |
|Ace_Frehley                                |176362|10  |
|Killing_of_Ajike_Owens                     |173068|11  |
|No_Kings_protests                          |164543|12  |
+-------------------------------------------+------+----+
only showing top 10 rows
[2025-10-19T15:39:11.151+0000] {logging_mixin.py:188} INFO - ✓ Cleaned 996 records using Spark cluster
[2025-10-19T15:39:11.153+0000] {logging_mixin.py:188} INFO - 💾 Writing CSV to: s3a://silver/cleaned_2025_10_18.csv
[2025-10-19T15:39:13.993+0000] {logging_mixin.py:188} INFO - ✅ Successfully wrote cleaned data to Silver bucket
[2025-10-19T15:39:13.994+0000] {logging_mixin.py:188} INFO - 🛑 Stopping Spark session...
[2025-10-19T15:39:14.174+0000] {python.py:237} INFO - Done. Returned value was: {'input_file': 'top_pages_2025_10_18.csv', 'output_file': 'cleaned_2025_10_18.csv', 'record_count': 996}
[2025-10-19T15:39:14.178+0000] {taskinstance.py:441} INFO - ::group::Post task execution logs
[2025-10-19T15:39:14.372+0000] {taskinstance.py:1205} INFO - Marking task as SUCCESS. dag_id=wiki_trending_pipeline, task_id=clean_top_pages, execution_date=20251019T153817, start_date=20251019T153836, end_date=20251019T153914
[2025-10-19T15:39:14.499+0000] {local_task_job_runner.py:240} INFO - Task exited with return code 0
[2025-10-19T15:39:14.673+0000] {taskinstance.py:3482} INFO - 0 downstream tasks scheduled from follow-on schedule check
[2025-10-19T15:39:14.675+0000] {local_task_job_runner.py:222} INFO - ::endgroup::
