[2025-10-18T18:10:05.900+0000] {processor.py:161} INFO - Started process (PID=167) to work on /opt/airflow/dags/wiki_dag/tasks/clean_top_pages.py
[2025-10-18T18:10:05.902+0000] {processor.py:830} INFO - Processing file /opt/airflow/dags/wiki_dag/tasks/clean_top_pages.py for tasks to queue
[2025-10-18T18:10:05.905+0000] {logging_mixin.py:188} INFO - [2025-10-18T18:10:05.904+0000] {dagbag.py:540} INFO - Filling up the DagBag from /opt/airflow/dags/wiki_dag/tasks/clean_top_pages.py
[2025-10-18T18:10:06.837+0000] {logging_mixin.py:188} INFO - [2025-10-18T18:10:06.836+0000] {dagbag.py:350} ERROR - Failed to import: /opt/airflow/dags/wiki_dag/tasks/clean_top_pages.py
Traceback (most recent call last):
  File "/home/airflow/.local/lib/python3.11/site-packages/airflow/models/dagbag.py", line 346, in parse
    loader.exec_module(new_module)
  File "<frozen importlib._bootstrap_external>", line 940, in exec_module
  File "<frozen importlib._bootstrap>", line 241, in _call_with_frames_removed
  File "/opt/airflow/dags/wiki_dag/tasks/clean_top_pages.py", line 4, in <module>
    from  ..wiki_top_pages_dag import BRONZE_BUCKET, MINIO_ACCESS_KEY, MINIO_ENDPOINT, MINIO_SECRET_KEY, SILVER_BUCKET, ensure_bucket_exists
ImportError: attempted relative import with no known parent package
[2025-10-18T18:10:06.838+0000] {processor.py:842} WARNING - No viable dags retrieved from /opt/airflow/dags/wiki_dag/tasks/clean_top_pages.py
[2025-10-18T18:10:06.871+0000] {processor.py:183} INFO - Processing /opt/airflow/dags/wiki_dag/tasks/clean_top_pages.py took 0.983 seconds
[2025-10-18T18:10:37.146+0000] {processor.py:161} INFO - Started process (PID=186) to work on /opt/airflow/dags/wiki_dag/tasks/clean_top_pages.py
[2025-10-18T18:10:37.147+0000] {processor.py:830} INFO - Processing file /opt/airflow/dags/wiki_dag/tasks/clean_top_pages.py for tasks to queue
[2025-10-18T18:10:37.149+0000] {logging_mixin.py:188} INFO - [2025-10-18T18:10:37.149+0000] {dagbag.py:540} INFO - Filling up the DagBag from /opt/airflow/dags/wiki_dag/tasks/clean_top_pages.py
[2025-10-18T18:10:37.575+0000] {logging_mixin.py:188} INFO - [2025-10-18T18:10:37.574+0000] {dagbag.py:350} ERROR - Failed to import: /opt/airflow/dags/wiki_dag/tasks/clean_top_pages.py
Traceback (most recent call last):
  File "/home/airflow/.local/lib/python3.11/site-packages/airflow/models/dagbag.py", line 346, in parse
    loader.exec_module(new_module)
  File "<frozen importlib._bootstrap_external>", line 940, in exec_module
  File "<frozen importlib._bootstrap>", line 241, in _call_with_frames_removed
  File "/opt/airflow/dags/wiki_dag/tasks/clean_top_pages.py", line 4, in <module>
    from  ..wiki_top_pages_dag import BRONZE_BUCKET, MINIO_ACCESS_KEY, MINIO_ENDPOINT, MINIO_SECRET_KEY, SILVER_BUCKET, ensure_bucket_exists
ImportError: attempted relative import with no known parent package
[2025-10-18T18:10:37.576+0000] {processor.py:842} WARNING - No viable dags retrieved from /opt/airflow/dags/wiki_dag/tasks/clean_top_pages.py
[2025-10-18T18:10:37.608+0000] {processor.py:183} INFO - Processing /opt/airflow/dags/wiki_dag/tasks/clean_top_pages.py took 0.469 seconds
[2025-10-18T18:11:08.356+0000] {processor.py:161} INFO - Started process (PID=203) to work on /opt/airflow/dags/wiki_dag/tasks/clean_top_pages.py
[2025-10-18T18:11:08.356+0000] {processor.py:830} INFO - Processing file /opt/airflow/dags/wiki_dag/tasks/clean_top_pages.py for tasks to queue
[2025-10-18T18:11:08.358+0000] {logging_mixin.py:188} INFO - [2025-10-18T18:11:08.358+0000] {dagbag.py:540} INFO - Filling up the DagBag from /opt/airflow/dags/wiki_dag/tasks/clean_top_pages.py
[2025-10-18T18:11:08.890+0000] {logging_mixin.py:188} INFO - [2025-10-18T18:11:08.889+0000] {dagbag.py:350} ERROR - Failed to import: /opt/airflow/dags/wiki_dag/tasks/clean_top_pages.py
Traceback (most recent call last):
  File "/home/airflow/.local/lib/python3.11/site-packages/airflow/models/dagbag.py", line 346, in parse
    loader.exec_module(new_module)
  File "<frozen importlib._bootstrap_external>", line 940, in exec_module
  File "<frozen importlib._bootstrap>", line 241, in _call_with_frames_removed
  File "/opt/airflow/dags/wiki_dag/tasks/clean_top_pages.py", line 4, in <module>
    from  ..wiki_top_pages_dag import BRONZE_BUCKET, MINIO_ACCESS_KEY, MINIO_ENDPOINT, MINIO_SECRET_KEY, SILVER_BUCKET, ensure_bucket_exists
ImportError: attempted relative import with no known parent package
[2025-10-18T18:11:08.890+0000] {processor.py:842} WARNING - No viable dags retrieved from /opt/airflow/dags/wiki_dag/tasks/clean_top_pages.py
[2025-10-18T18:11:08.915+0000] {processor.py:183} INFO - Processing /opt/airflow/dags/wiki_dag/tasks/clean_top_pages.py took 0.571 seconds
[2025-10-18T18:11:39.991+0000] {processor.py:161} INFO - Started process (PID=220) to work on /opt/airflow/dags/wiki_dag/tasks/clean_top_pages.py
[2025-10-18T18:11:39.992+0000] {processor.py:830} INFO - Processing file /opt/airflow/dags/wiki_dag/tasks/clean_top_pages.py for tasks to queue
[2025-10-18T18:11:39.994+0000] {logging_mixin.py:188} INFO - [2025-10-18T18:11:39.993+0000] {dagbag.py:540} INFO - Filling up the DagBag from /opt/airflow/dags/wiki_dag/tasks/clean_top_pages.py
[2025-10-18T18:11:40.432+0000] {logging_mixin.py:188} INFO - [2025-10-18T18:11:40.430+0000] {dagbag.py:350} ERROR - Failed to import: /opt/airflow/dags/wiki_dag/tasks/clean_top_pages.py
Traceback (most recent call last):
  File "/home/airflow/.local/lib/python3.11/site-packages/airflow/models/dagbag.py", line 346, in parse
    loader.exec_module(new_module)
  File "<frozen importlib._bootstrap_external>", line 940, in exec_module
  File "<frozen importlib._bootstrap>", line 241, in _call_with_frames_removed
  File "/opt/airflow/dags/wiki_dag/tasks/clean_top_pages.py", line 4, in <module>
    from  ..wiki_top_pages_dag import BRONZE_BUCKET, MINIO_ACCESS_KEY, MINIO_ENDPOINT, MINIO_SECRET_KEY, SILVER_BUCKET, ensure_bucket_exists
ImportError: attempted relative import with no known parent package
[2025-10-18T18:11:40.433+0000] {processor.py:842} WARNING - No viable dags retrieved from /opt/airflow/dags/wiki_dag/tasks/clean_top_pages.py
[2025-10-18T18:11:40.466+0000] {processor.py:183} INFO - Processing /opt/airflow/dags/wiki_dag/tasks/clean_top_pages.py took 0.486 seconds
[2025-10-18T18:12:11.196+0000] {processor.py:161} INFO - Started process (PID=237) to work on /opt/airflow/dags/wiki_dag/tasks/clean_top_pages.py
[2025-10-18T18:12:11.197+0000] {processor.py:830} INFO - Processing file /opt/airflow/dags/wiki_dag/tasks/clean_top_pages.py for tasks to queue
[2025-10-18T18:12:11.199+0000] {logging_mixin.py:188} INFO - [2025-10-18T18:12:11.199+0000] {dagbag.py:540} INFO - Filling up the DagBag from /opt/airflow/dags/wiki_dag/tasks/clean_top_pages.py
[2025-10-18T18:12:11.550+0000] {logging_mixin.py:188} INFO - [2025-10-18T18:12:11.548+0000] {dagbag.py:350} ERROR - Failed to import: /opt/airflow/dags/wiki_dag/tasks/clean_top_pages.py
Traceback (most recent call last):
  File "/home/airflow/.local/lib/python3.11/site-packages/airflow/models/dagbag.py", line 346, in parse
    loader.exec_module(new_module)
  File "<frozen importlib._bootstrap_external>", line 940, in exec_module
  File "<frozen importlib._bootstrap>", line 241, in _call_with_frames_removed
  File "/opt/airflow/dags/wiki_dag/tasks/clean_top_pages.py", line 4, in <module>
    from  ..wiki_top_pages_dag import BRONZE_BUCKET, MINIO_ACCESS_KEY, MINIO_ENDPOINT, MINIO_SECRET_KEY, SILVER_BUCKET, ensure_bucket_exists
ImportError: attempted relative import with no known parent package
[2025-10-18T18:12:11.550+0000] {processor.py:842} WARNING - No viable dags retrieved from /opt/airflow/dags/wiki_dag/tasks/clean_top_pages.py
[2025-10-18T18:12:11.583+0000] {processor.py:183} INFO - Processing /opt/airflow/dags/wiki_dag/tasks/clean_top_pages.py took 0.395 seconds
[2025-10-18T18:12:42.447+0000] {processor.py:161} INFO - Started process (PID=254) to work on /opt/airflow/dags/wiki_dag/tasks/clean_top_pages.py
[2025-10-18T18:12:42.448+0000] {processor.py:830} INFO - Processing file /opt/airflow/dags/wiki_dag/tasks/clean_top_pages.py for tasks to queue
[2025-10-18T18:12:42.451+0000] {logging_mixin.py:188} INFO - [2025-10-18T18:12:42.450+0000] {dagbag.py:540} INFO - Filling up the DagBag from /opt/airflow/dags/wiki_dag/tasks/clean_top_pages.py
[2025-10-18T18:12:42.858+0000] {logging_mixin.py:188} INFO - [2025-10-18T18:12:42.857+0000] {dagbag.py:350} ERROR - Failed to import: /opt/airflow/dags/wiki_dag/tasks/clean_top_pages.py
Traceback (most recent call last):
  File "/home/airflow/.local/lib/python3.11/site-packages/airflow/models/dagbag.py", line 346, in parse
    loader.exec_module(new_module)
  File "<frozen importlib._bootstrap_external>", line 940, in exec_module
  File "<frozen importlib._bootstrap>", line 241, in _call_with_frames_removed
  File "/opt/airflow/dags/wiki_dag/tasks/clean_top_pages.py", line 4, in <module>
    from  ..wiki_top_pages_dag import BRONZE_BUCKET, MINIO_ACCESS_KEY, MINIO_ENDPOINT, MINIO_SECRET_KEY, SILVER_BUCKET, ensure_bucket_exists
ImportError: attempted relative import with no known parent package
[2025-10-18T18:12:42.859+0000] {processor.py:842} WARNING - No viable dags retrieved from /opt/airflow/dags/wiki_dag/tasks/clean_top_pages.py
[2025-10-18T18:12:42.898+0000] {processor.py:183} INFO - Processing /opt/airflow/dags/wiki_dag/tasks/clean_top_pages.py took 0.462 seconds
[2025-10-18T18:13:13.697+0000] {processor.py:161} INFO - Started process (PID=271) to work on /opt/airflow/dags/wiki_dag/tasks/clean_top_pages.py
[2025-10-18T18:13:13.698+0000] {processor.py:830} INFO - Processing file /opt/airflow/dags/wiki_dag/tasks/clean_top_pages.py for tasks to queue
[2025-10-18T18:13:13.700+0000] {logging_mixin.py:188} INFO - [2025-10-18T18:13:13.700+0000] {dagbag.py:540} INFO - Filling up the DagBag from /opt/airflow/dags/wiki_dag/tasks/clean_top_pages.py
[2025-10-18T18:13:14.077+0000] {logging_mixin.py:188} INFO - [2025-10-18T18:13:14.076+0000] {dagbag.py:350} ERROR - Failed to import: /opt/airflow/dags/wiki_dag/tasks/clean_top_pages.py
Traceback (most recent call last):
  File "/home/airflow/.local/lib/python3.11/site-packages/airflow/models/dagbag.py", line 346, in parse
    loader.exec_module(new_module)
  File "<frozen importlib._bootstrap_external>", line 940, in exec_module
  File "<frozen importlib._bootstrap>", line 241, in _call_with_frames_removed
  File "/opt/airflow/dags/wiki_dag/tasks/clean_top_pages.py", line 4, in <module>
    from  ..wiki_top_pages_dag import BRONZE_BUCKET, MINIO_ACCESS_KEY, MINIO_ENDPOINT, MINIO_SECRET_KEY, SILVER_BUCKET, ensure_bucket_exists
ImportError: attempted relative import with no known parent package
[2025-10-18T18:13:14.077+0000] {processor.py:842} WARNING - No viable dags retrieved from /opt/airflow/dags/wiki_dag/tasks/clean_top_pages.py
[2025-10-18T18:13:14.116+0000] {processor.py:183} INFO - Processing /opt/airflow/dags/wiki_dag/tasks/clean_top_pages.py took 0.430 seconds
[2025-10-18T18:13:44.988+0000] {processor.py:161} INFO - Started process (PID=281) to work on /opt/airflow/dags/wiki_dag/tasks/clean_top_pages.py
[2025-10-18T18:13:44.989+0000] {processor.py:830} INFO - Processing file /opt/airflow/dags/wiki_dag/tasks/clean_top_pages.py for tasks to queue
[2025-10-18T18:13:44.991+0000] {logging_mixin.py:188} INFO - [2025-10-18T18:13:44.991+0000] {dagbag.py:540} INFO - Filling up the DagBag from /opt/airflow/dags/wiki_dag/tasks/clean_top_pages.py
[2025-10-18T18:13:45.351+0000] {logging_mixin.py:188} INFO - [2025-10-18T18:13:45.350+0000] {dagbag.py:350} ERROR - Failed to import: /opt/airflow/dags/wiki_dag/tasks/clean_top_pages.py
Traceback (most recent call last):
  File "/home/airflow/.local/lib/python3.11/site-packages/airflow/models/dagbag.py", line 346, in parse
    loader.exec_module(new_module)
  File "<frozen importlib._bootstrap_external>", line 940, in exec_module
  File "<frozen importlib._bootstrap>", line 241, in _call_with_frames_removed
  File "/opt/airflow/dags/wiki_dag/tasks/clean_top_pages.py", line 4, in <module>
    from  ..wiki_top_pages_dag import BRONZE_BUCKET, MINIO_ACCESS_KEY, MINIO_ENDPOINT, MINIO_SECRET_KEY, SILVER_BUCKET, ensure_bucket_exists
ImportError: attempted relative import with no known parent package
[2025-10-18T18:13:45.352+0000] {processor.py:842} WARNING - No viable dags retrieved from /opt/airflow/dags/wiki_dag/tasks/clean_top_pages.py
[2025-10-18T18:13:45.388+0000] {processor.py:183} INFO - Processing /opt/airflow/dags/wiki_dag/tasks/clean_top_pages.py took 0.412 seconds
[2025-10-18T18:14:16.243+0000] {processor.py:161} INFO - Started process (PID=298) to work on /opt/airflow/dags/wiki_dag/tasks/clean_top_pages.py
[2025-10-18T18:14:16.244+0000] {processor.py:830} INFO - Processing file /opt/airflow/dags/wiki_dag/tasks/clean_top_pages.py for tasks to queue
[2025-10-18T18:14:16.246+0000] {logging_mixin.py:188} INFO - [2025-10-18T18:14:16.246+0000] {dagbag.py:540} INFO - Filling up the DagBag from /opt/airflow/dags/wiki_dag/tasks/clean_top_pages.py
[2025-10-18T18:14:16.571+0000] {logging_mixin.py:188} INFO - [2025-10-18T18:14:16.569+0000] {dagbag.py:350} ERROR - Failed to import: /opt/airflow/dags/wiki_dag/tasks/clean_top_pages.py
Traceback (most recent call last):
  File "/home/airflow/.local/lib/python3.11/site-packages/airflow/models/dagbag.py", line 346, in parse
    loader.exec_module(new_module)
  File "<frozen importlib._bootstrap_external>", line 940, in exec_module
  File "<frozen importlib._bootstrap>", line 241, in _call_with_frames_removed
  File "/opt/airflow/dags/wiki_dag/tasks/clean_top_pages.py", line 4, in <module>
    from  ..wiki_top_pages_dag import BRONZE_BUCKET, MINIO_ACCESS_KEY, MINIO_ENDPOINT, MINIO_SECRET_KEY, SILVER_BUCKET, ensure_bucket_exists
ImportError: attempted relative import with no known parent package
[2025-10-18T18:14:16.572+0000] {processor.py:842} WARNING - No viable dags retrieved from /opt/airflow/dags/wiki_dag/tasks/clean_top_pages.py
[2025-10-18T18:14:16.601+0000] {processor.py:183} INFO - Processing /opt/airflow/dags/wiki_dag/tasks/clean_top_pages.py took 0.365 seconds
[2025-10-18T18:14:46.807+0000] {processor.py:161} INFO - Started process (PID=310) to work on /opt/airflow/dags/wiki_dag/tasks/clean_top_pages.py
[2025-10-18T18:14:46.808+0000] {processor.py:830} INFO - Processing file /opt/airflow/dags/wiki_dag/tasks/clean_top_pages.py for tasks to queue
[2025-10-18T18:14:46.809+0000] {logging_mixin.py:188} INFO - [2025-10-18T18:14:46.809+0000] {dagbag.py:540} INFO - Filling up the DagBag from /opt/airflow/dags/wiki_dag/tasks/clean_top_pages.py
[2025-10-18T18:14:47.124+0000] {logging_mixin.py:188} INFO - [2025-10-18T18:14:47.123+0000] {dagbag.py:350} ERROR - Failed to import: /opt/airflow/dags/wiki_dag/tasks/clean_top_pages.py
Traceback (most recent call last):
  File "/home/airflow/.local/lib/python3.11/site-packages/airflow/models/dagbag.py", line 346, in parse
    loader.exec_module(new_module)
  File "<frozen importlib._bootstrap_external>", line 940, in exec_module
  File "<frozen importlib._bootstrap>", line 241, in _call_with_frames_removed
  File "/opt/airflow/dags/wiki_dag/tasks/clean_top_pages.py", line 4, in <module>
    from  ..wiki_top_pages_dag import BRONZE_BUCKET, MINIO_ACCESS_KEY, MINIO_ENDPOINT, MINIO_SECRET_KEY, SILVER_BUCKET, ensure_bucket_exists
ImportError: attempted relative import with no known parent package
[2025-10-18T18:14:47.125+0000] {processor.py:842} WARNING - No viable dags retrieved from /opt/airflow/dags/wiki_dag/tasks/clean_top_pages.py
[2025-10-18T18:14:47.156+0000] {processor.py:183} INFO - Processing /opt/airflow/dags/wiki_dag/tasks/clean_top_pages.py took 0.356 seconds
[2025-10-18T18:15:18.035+0000] {processor.py:161} INFO - Started process (PID=327) to work on /opt/airflow/dags/wiki_dag/tasks/clean_top_pages.py
[2025-10-18T18:15:18.036+0000] {processor.py:830} INFO - Processing file /opt/airflow/dags/wiki_dag/tasks/clean_top_pages.py for tasks to queue
[2025-10-18T18:15:18.037+0000] {logging_mixin.py:188} INFO - [2025-10-18T18:15:18.037+0000] {dagbag.py:540} INFO - Filling up the DagBag from /opt/airflow/dags/wiki_dag/tasks/clean_top_pages.py
[2025-10-18T18:15:18.444+0000] {logging_mixin.py:188} INFO - [2025-10-18T18:15:18.443+0000] {dagbag.py:350} ERROR - Failed to import: /opt/airflow/dags/wiki_dag/tasks/clean_top_pages.py
Traceback (most recent call last):
  File "/home/airflow/.local/lib/python3.11/site-packages/airflow/models/dagbag.py", line 346, in parse
    loader.exec_module(new_module)
  File "<frozen importlib._bootstrap_external>", line 940, in exec_module
  File "<frozen importlib._bootstrap>", line 241, in _call_with_frames_removed
  File "/opt/airflow/dags/wiki_dag/tasks/clean_top_pages.py", line 4, in <module>
    from  ..wiki_top_pages_dag import BRONZE_BUCKET, MINIO_ACCESS_KEY, MINIO_ENDPOINT, MINIO_SECRET_KEY, SILVER_BUCKET, ensure_bucket_exists
ImportError: attempted relative import with no known parent package
[2025-10-18T18:15:18.445+0000] {processor.py:842} WARNING - No viable dags retrieved from /opt/airflow/dags/wiki_dag/tasks/clean_top_pages.py
[2025-10-18T18:15:18.477+0000] {processor.py:183} INFO - Processing /opt/airflow/dags/wiki_dag/tasks/clean_top_pages.py took 0.449 seconds
[2025-10-18T18:15:49.313+0000] {processor.py:161} INFO - Started process (PID=344) to work on /opt/airflow/dags/wiki_dag/tasks/clean_top_pages.py
[2025-10-18T18:15:49.314+0000] {processor.py:830} INFO - Processing file /opt/airflow/dags/wiki_dag/tasks/clean_top_pages.py for tasks to queue
[2025-10-18T18:15:49.315+0000] {logging_mixin.py:188} INFO - [2025-10-18T18:15:49.315+0000] {dagbag.py:540} INFO - Filling up the DagBag from /opt/airflow/dags/wiki_dag/tasks/clean_top_pages.py
[2025-10-18T18:15:49.654+0000] {logging_mixin.py:188} INFO - [2025-10-18T18:15:49.653+0000] {dagbag.py:350} ERROR - Failed to import: /opt/airflow/dags/wiki_dag/tasks/clean_top_pages.py
Traceback (most recent call last):
  File "/home/airflow/.local/lib/python3.11/site-packages/airflow/models/dagbag.py", line 346, in parse
    loader.exec_module(new_module)
  File "<frozen importlib._bootstrap_external>", line 940, in exec_module
  File "<frozen importlib._bootstrap>", line 241, in _call_with_frames_removed
  File "/opt/airflow/dags/wiki_dag/tasks/clean_top_pages.py", line 4, in <module>
    from  ..wiki_top_pages_dag import BRONZE_BUCKET, MINIO_ACCESS_KEY, MINIO_ENDPOINT, MINIO_SECRET_KEY, SILVER_BUCKET, ensure_bucket_exists
ImportError: attempted relative import with no known parent package
[2025-10-18T18:15:49.655+0000] {processor.py:842} WARNING - No viable dags retrieved from /opt/airflow/dags/wiki_dag/tasks/clean_top_pages.py
[2025-10-18T18:15:49.691+0000] {processor.py:183} INFO - Processing /opt/airflow/dags/wiki_dag/tasks/clean_top_pages.py took 0.387 seconds
[2025-10-18T18:16:20.594+0000] {processor.py:161} INFO - Started process (PID=361) to work on /opt/airflow/dags/wiki_dag/tasks/clean_top_pages.py
[2025-10-18T18:16:20.595+0000] {processor.py:830} INFO - Processing file /opt/airflow/dags/wiki_dag/tasks/clean_top_pages.py for tasks to queue
[2025-10-18T18:16:20.596+0000] {logging_mixin.py:188} INFO - [2025-10-18T18:16:20.595+0000] {dagbag.py:540} INFO - Filling up the DagBag from /opt/airflow/dags/wiki_dag/tasks/clean_top_pages.py
[2025-10-18T18:16:20.933+0000] {logging_mixin.py:188} INFO - [2025-10-18T18:16:20.932+0000] {dagbag.py:350} ERROR - Failed to import: /opt/airflow/dags/wiki_dag/tasks/clean_top_pages.py
Traceback (most recent call last):
  File "/home/airflow/.local/lib/python3.11/site-packages/airflow/models/dagbag.py", line 346, in parse
    loader.exec_module(new_module)
  File "<frozen importlib._bootstrap_external>", line 940, in exec_module
  File "<frozen importlib._bootstrap>", line 241, in _call_with_frames_removed
  File "/opt/airflow/dags/wiki_dag/tasks/clean_top_pages.py", line 4, in <module>
    from  ..wiki_top_pages_dag import BRONZE_BUCKET, MINIO_ACCESS_KEY, MINIO_ENDPOINT, MINIO_SECRET_KEY, SILVER_BUCKET, ensure_bucket_exists
ImportError: attempted relative import with no known parent package
[2025-10-18T18:16:20.934+0000] {processor.py:842} WARNING - No viable dags retrieved from /opt/airflow/dags/wiki_dag/tasks/clean_top_pages.py
[2025-10-18T18:16:20.966+0000] {processor.py:183} INFO - Processing /opt/airflow/dags/wiki_dag/tasks/clean_top_pages.py took 0.381 seconds
[2025-10-18T18:16:51.864+0000] {processor.py:161} INFO - Started process (PID=378) to work on /opt/airflow/dags/wiki_dag/tasks/clean_top_pages.py
[2025-10-18T18:16:51.868+0000] {processor.py:830} INFO - Processing file /opt/airflow/dags/wiki_dag/tasks/clean_top_pages.py for tasks to queue
[2025-10-18T18:16:51.869+0000] {logging_mixin.py:188} INFO - [2025-10-18T18:16:51.869+0000] {dagbag.py:540} INFO - Filling up the DagBag from /opt/airflow/dags/wiki_dag/tasks/clean_top_pages.py
[2025-10-18T18:16:52.491+0000] {logging_mixin.py:188} INFO - [2025-10-18T18:16:52.487+0000] {dagbag.py:350} ERROR - Failed to import: /opt/airflow/dags/wiki_dag/tasks/clean_top_pages.py
Traceback (most recent call last):
  File "/home/airflow/.local/lib/python3.11/site-packages/airflow/models/dagbag.py", line 346, in parse
    loader.exec_module(new_module)
  File "<frozen importlib._bootstrap_external>", line 940, in exec_module
  File "<frozen importlib._bootstrap>", line 241, in _call_with_frames_removed
  File "/opt/airflow/dags/wiki_dag/tasks/clean_top_pages.py", line 4, in <module>
    from  ..wiki_top_pages_dag import BRONZE_BUCKET, MINIO_ACCESS_KEY, MINIO_ENDPOINT, MINIO_SECRET_KEY, SILVER_BUCKET, ensure_bucket_exists
ImportError: attempted relative import with no known parent package
[2025-10-18T18:16:52.493+0000] {processor.py:842} WARNING - No viable dags retrieved from /opt/airflow/dags/wiki_dag/tasks/clean_top_pages.py
[2025-10-18T18:16:52.541+0000] {processor.py:183} INFO - Processing /opt/airflow/dags/wiki_dag/tasks/clean_top_pages.py took 0.690 seconds
[2025-10-18T18:17:17.069+0000] {processor.py:161} INFO - Started process (PID=395) to work on /opt/airflow/dags/wiki_dag/tasks/clean_top_pages.py
[2025-10-18T18:17:17.071+0000] {processor.py:830} INFO - Processing file /opt/airflow/dags/wiki_dag/tasks/clean_top_pages.py for tasks to queue
[2025-10-18T18:17:17.072+0000] {logging_mixin.py:188} INFO - [2025-10-18T18:17:17.071+0000] {dagbag.py:540} INFO - Filling up the DagBag from /opt/airflow/dags/wiki_dag/tasks/clean_top_pages.py
[2025-10-18T18:17:17.443+0000] {logging_mixin.py:188} INFO - [2025-10-18T18:17:17.442+0000] {dagbag.py:350} ERROR - Failed to import: /opt/airflow/dags/wiki_dag/tasks/clean_top_pages.py
Traceback (most recent call last):
  File "/home/airflow/.local/lib/python3.11/site-packages/airflow/models/dagbag.py", line 346, in parse
    loader.exec_module(new_module)
  File "<frozen importlib._bootstrap_external>", line 940, in exec_module
  File "<frozen importlib._bootstrap>", line 241, in _call_with_frames_removed
  File "/opt/airflow/dags/wiki_dag/tasks/clean_top_pages.py", line 4, in <module>
    from  ..wiki_dag.wiki_top_pages_dag import BRONZE_BUCKET, MINIO_ACCESS_KEY, MINIO_ENDPOINT, MINIO_SECRET_KEY, SILVER_BUCKET, ensure_bucket_exists
ImportError: attempted relative import with no known parent package
[2025-10-18T18:17:17.444+0000] {processor.py:842} WARNING - No viable dags retrieved from /opt/airflow/dags/wiki_dag/tasks/clean_top_pages.py
[2025-10-18T18:17:17.474+0000] {processor.py:183} INFO - Processing /opt/airflow/dags/wiki_dag/tasks/clean_top_pages.py took 0.413 seconds
[2025-10-18T18:17:48.327+0000] {processor.py:161} INFO - Started process (PID=412) to work on /opt/airflow/dags/wiki_dag/tasks/clean_top_pages.py
[2025-10-18T18:17:48.329+0000] {processor.py:830} INFO - Processing file /opt/airflow/dags/wiki_dag/tasks/clean_top_pages.py for tasks to queue
[2025-10-18T18:17:48.330+0000] {logging_mixin.py:188} INFO - [2025-10-18T18:17:48.330+0000] {dagbag.py:540} INFO - Filling up the DagBag from /opt/airflow/dags/wiki_dag/tasks/clean_top_pages.py
[2025-10-18T18:17:48.888+0000] {logging_mixin.py:188} INFO - [2025-10-18T18:17:48.886+0000] {dagbag.py:350} ERROR - Failed to import: /opt/airflow/dags/wiki_dag/tasks/clean_top_pages.py
Traceback (most recent call last):
  File "/home/airflow/.local/lib/python3.11/site-packages/airflow/models/dagbag.py", line 346, in parse
    loader.exec_module(new_module)
  File "<frozen importlib._bootstrap_external>", line 940, in exec_module
  File "<frozen importlib._bootstrap>", line 241, in _call_with_frames_removed
  File "/opt/airflow/dags/wiki_dag/tasks/clean_top_pages.py", line 4, in <module>
    from  ..wiki_dag.wiki_top_pages_dag import BRONZE_BUCKET, MINIO_ACCESS_KEY, MINIO_ENDPOINT, MINIO_SECRET_KEY, SILVER_BUCKET, ensure_bucket_exists
ImportError: attempted relative import with no known parent package
[2025-10-18T18:17:48.889+0000] {processor.py:842} WARNING - No viable dags retrieved from /opt/airflow/dags/wiki_dag/tasks/clean_top_pages.py
[2025-10-18T18:17:48.923+0000] {processor.py:183} INFO - Processing /opt/airflow/dags/wiki_dag/tasks/clean_top_pages.py took 0.604 seconds
[2025-10-18T18:18:19.640+0000] {processor.py:161} INFO - Started process (PID=434) to work on /opt/airflow/dags/wiki_dag/tasks/clean_top_pages.py
[2025-10-18T18:18:19.642+0000] {processor.py:830} INFO - Processing file /opt/airflow/dags/wiki_dag/tasks/clean_top_pages.py for tasks to queue
[2025-10-18T18:18:19.644+0000] {logging_mixin.py:188} INFO - [2025-10-18T18:18:19.644+0000] {dagbag.py:540} INFO - Filling up the DagBag from /opt/airflow/dags/wiki_dag/tasks/clean_top_pages.py
[2025-10-18T18:18:20.041+0000] {logging_mixin.py:188} INFO - [2025-10-18T18:18:20.040+0000] {dagbag.py:350} ERROR - Failed to import: /opt/airflow/dags/wiki_dag/tasks/clean_top_pages.py
Traceback (most recent call last):
  File "/home/airflow/.local/lib/python3.11/site-packages/airflow/models/dagbag.py", line 346, in parse
    loader.exec_module(new_module)
  File "<frozen importlib._bootstrap_external>", line 940, in exec_module
  File "<frozen importlib._bootstrap>", line 241, in _call_with_frames_removed
  File "/opt/airflow/dags/wiki_dag/tasks/clean_top_pages.py", line 4, in <module>
    from  ..wiki_dag.wiki_top_pages_dag import BRONZE_BUCKET, MINIO_ACCESS_KEY, MINIO_ENDPOINT, MINIO_SECRET_KEY, SILVER_BUCKET, ensure_bucket_exists
ImportError: attempted relative import with no known parent package
[2025-10-18T18:18:20.042+0000] {processor.py:842} WARNING - No viable dags retrieved from /opt/airflow/dags/wiki_dag/tasks/clean_top_pages.py
[2025-10-18T18:18:20.079+0000] {processor.py:183} INFO - Processing /opt/airflow/dags/wiki_dag/tasks/clean_top_pages.py took 0.453 seconds
[2025-10-18T18:18:41.568+0000] {processor.py:161} INFO - Started process (PID=167) to work on /opt/airflow/dags/wiki_dag/tasks/clean_top_pages.py
[2025-10-18T18:18:41.570+0000] {processor.py:830} INFO - Processing file /opt/airflow/dags/wiki_dag/tasks/clean_top_pages.py for tasks to queue
[2025-10-18T18:18:41.573+0000] {logging_mixin.py:188} INFO - [2025-10-18T18:18:41.572+0000] {dagbag.py:540} INFO - Filling up the DagBag from /opt/airflow/dags/wiki_dag/tasks/clean_top_pages.py
[2025-10-18T18:18:42.350+0000] {logging_mixin.py:188} INFO - [2025-10-18T18:18:42.348+0000] {dagbag.py:350} ERROR - Failed to import: /opt/airflow/dags/wiki_dag/tasks/clean_top_pages.py
Traceback (most recent call last):
  File "/home/airflow/.local/lib/python3.11/site-packages/airflow/models/dagbag.py", line 346, in parse
    loader.exec_module(new_module)
  File "<frozen importlib._bootstrap_external>", line 940, in exec_module
  File "<frozen importlib._bootstrap>", line 241, in _call_with_frames_removed
  File "/opt/airflow/dags/wiki_dag/tasks/clean_top_pages.py", line 4, in <module>
    from  ..wiki_dag.wiki_top_pages_dag import BRONZE_BUCKET, MINIO_ACCESS_KEY, MINIO_ENDPOINT, MINIO_SECRET_KEY, SILVER_BUCKET, ensure_bucket_exists
ImportError: attempted relative import with no known parent package
[2025-10-18T18:18:42.351+0000] {processor.py:842} WARNING - No viable dags retrieved from /opt/airflow/dags/wiki_dag/tasks/clean_top_pages.py
[2025-10-18T18:18:42.388+0000] {processor.py:183} INFO - Processing /opt/airflow/dags/wiki_dag/tasks/clean_top_pages.py took 0.831 seconds
[2025-10-18T18:20:34.477+0000] {processor.py:161} INFO - Started process (PID=167) to work on /opt/airflow/dags/wiki_dag/tasks/clean_top_pages.py
[2025-10-18T18:20:34.479+0000] {processor.py:830} INFO - Processing file /opt/airflow/dags/wiki_dag/tasks/clean_top_pages.py for tasks to queue
[2025-10-18T18:20:34.481+0000] {logging_mixin.py:188} INFO - [2025-10-18T18:20:34.481+0000] {dagbag.py:540} INFO - Filling up the DagBag from /opt/airflow/dags/wiki_dag/tasks/clean_top_pages.py
[2025-10-18T18:20:35.253+0000] {logging_mixin.py:188} INFO - [2025-10-18T18:20:35.241+0000] {dagbag.py:350} ERROR - Failed to import: /opt/airflow/dags/wiki_dag/tasks/clean_top_pages.py
Traceback (most recent call last):
  File "/home/airflow/.local/lib/python3.11/site-packages/airflow/models/dagbag.py", line 346, in parse
    loader.exec_module(new_module)
  File "<frozen importlib._bootstrap_external>", line 940, in exec_module
  File "<frozen importlib._bootstrap>", line 241, in _call_with_frames_removed
  File "/opt/airflow/dags/wiki_dag/tasks/clean_top_pages.py", line 4, in <module>
    from  ..wiki_dag.wiki_top_pages_dag import BRONZE_BUCKET, MINIO_ACCESS_KEY, MINIO_ENDPOINT, MINIO_SECRET_KEY, SILVER_BUCKET, ensure_bucket_exists
ImportError: attempted relative import with no known parent package
[2025-10-18T18:20:35.259+0000] {processor.py:842} WARNING - No viable dags retrieved from /opt/airflow/dags/wiki_dag/tasks/clean_top_pages.py
[2025-10-18T18:20:35.307+0000] {processor.py:183} INFO - Processing /opt/airflow/dags/wiki_dag/tasks/clean_top_pages.py took 0.838 seconds
[2025-10-18T18:21:05.732+0000] {processor.py:161} INFO - Started process (PID=186) to work on /opt/airflow/dags/wiki_dag/tasks/clean_top_pages.py
[2025-10-18T18:21:05.734+0000] {processor.py:830} INFO - Processing file /opt/airflow/dags/wiki_dag/tasks/clean_top_pages.py for tasks to queue
[2025-10-18T18:21:05.737+0000] {logging_mixin.py:188} INFO - [2025-10-18T18:21:05.737+0000] {dagbag.py:540} INFO - Filling up the DagBag from /opt/airflow/dags/wiki_dag/tasks/clean_top_pages.py
[2025-10-18T18:21:06.343+0000] {logging_mixin.py:188} INFO - [2025-10-18T18:21:06.341+0000] {dagbag.py:350} ERROR - Failed to import: /opt/airflow/dags/wiki_dag/tasks/clean_top_pages.py
Traceback (most recent call last):
  File "/home/airflow/.local/lib/python3.11/site-packages/airflow/models/dagbag.py", line 346, in parse
    loader.exec_module(new_module)
  File "<frozen importlib._bootstrap_external>", line 940, in exec_module
  File "<frozen importlib._bootstrap>", line 241, in _call_with_frames_removed
  File "/opt/airflow/dags/wiki_dag/tasks/clean_top_pages.py", line 4, in <module>
    from  ..wiki_dag.wiki_top_pages_dag import BRONZE_BUCKET, MINIO_ACCESS_KEY, MINIO_ENDPOINT, MINIO_SECRET_KEY, SILVER_BUCKET, ensure_bucket_exists
ImportError: attempted relative import with no known parent package
[2025-10-18T18:21:06.344+0000] {processor.py:842} WARNING - No viable dags retrieved from /opt/airflow/dags/wiki_dag/tasks/clean_top_pages.py
[2025-10-18T18:21:06.391+0000] {processor.py:183} INFO - Processing /opt/airflow/dags/wiki_dag/tasks/clean_top_pages.py took 0.669 seconds
[2025-10-18T18:21:37.319+0000] {processor.py:161} INFO - Started process (PID=203) to work on /opt/airflow/dags/wiki_dag/tasks/clean_top_pages.py
[2025-10-18T18:21:37.321+0000] {processor.py:830} INFO - Processing file /opt/airflow/dags/wiki_dag/tasks/clean_top_pages.py for tasks to queue
[2025-10-18T18:21:37.323+0000] {logging_mixin.py:188} INFO - [2025-10-18T18:21:37.323+0000] {dagbag.py:540} INFO - Filling up the DagBag from /opt/airflow/dags/wiki_dag/tasks/clean_top_pages.py
[2025-10-18T18:21:37.741+0000] {logging_mixin.py:188} INFO - [2025-10-18T18:21:37.740+0000] {dagbag.py:350} ERROR - Failed to import: /opt/airflow/dags/wiki_dag/tasks/clean_top_pages.py
Traceback (most recent call last):
  File "/home/airflow/.local/lib/python3.11/site-packages/airflow/models/dagbag.py", line 346, in parse
    loader.exec_module(new_module)
  File "<frozen importlib._bootstrap_external>", line 940, in exec_module
  File "<frozen importlib._bootstrap>", line 241, in _call_with_frames_removed
  File "/opt/airflow/dags/wiki_dag/tasks/clean_top_pages.py", line 4, in <module>
    from  ..wiki_dag.wiki_top_pages_dag import BRONZE_BUCKET, MINIO_ACCESS_KEY, MINIO_ENDPOINT, MINIO_SECRET_KEY, SILVER_BUCKET, ensure_bucket_exists
ImportError: attempted relative import with no known parent package
[2025-10-18T18:21:37.742+0000] {processor.py:842} WARNING - No viable dags retrieved from /opt/airflow/dags/wiki_dag/tasks/clean_top_pages.py
[2025-10-18T18:21:37.782+0000] {processor.py:183} INFO - Processing /opt/airflow/dags/wiki_dag/tasks/clean_top_pages.py took 0.472 seconds
[2025-10-18T18:22:08.593+0000] {processor.py:161} INFO - Started process (PID=220) to work on /opt/airflow/dags/wiki_dag/tasks/clean_top_pages.py
[2025-10-18T18:22:08.594+0000] {processor.py:830} INFO - Processing file /opt/airflow/dags/wiki_dag/tasks/clean_top_pages.py for tasks to queue
[2025-10-18T18:22:08.596+0000] {logging_mixin.py:188} INFO - [2025-10-18T18:22:08.595+0000] {dagbag.py:540} INFO - Filling up the DagBag from /opt/airflow/dags/wiki_dag/tasks/clean_top_pages.py
[2025-10-18T18:22:08.997+0000] {logging_mixin.py:188} INFO - [2025-10-18T18:22:08.996+0000] {dagbag.py:350} ERROR - Failed to import: /opt/airflow/dags/wiki_dag/tasks/clean_top_pages.py
Traceback (most recent call last):
  File "/home/airflow/.local/lib/python3.11/site-packages/airflow/models/dagbag.py", line 346, in parse
    loader.exec_module(new_module)
  File "<frozen importlib._bootstrap_external>", line 940, in exec_module
  File "<frozen importlib._bootstrap>", line 241, in _call_with_frames_removed
  File "/opt/airflow/dags/wiki_dag/tasks/clean_top_pages.py", line 4, in <module>
    from  ..wiki_dag.wiki_top_pages_dag import BRONZE_BUCKET, MINIO_ACCESS_KEY, MINIO_ENDPOINT, MINIO_SECRET_KEY, SILVER_BUCKET, ensure_bucket_exists
ImportError: attempted relative import with no known parent package
[2025-10-18T18:22:08.998+0000] {processor.py:842} WARNING - No viable dags retrieved from /opt/airflow/dags/wiki_dag/tasks/clean_top_pages.py
[2025-10-18T18:22:09.046+0000] {processor.py:183} INFO - Processing /opt/airflow/dags/wiki_dag/tasks/clean_top_pages.py took 0.462 seconds
[2025-10-18T18:22:19.767+0000] {processor.py:161} INFO - Started process (PID=225) to work on /opt/airflow/dags/wiki_dag/tasks/clean_top_pages.py
[2025-10-18T18:22:19.769+0000] {processor.py:830} INFO - Processing file /opt/airflow/dags/wiki_dag/tasks/clean_top_pages.py for tasks to queue
[2025-10-18T18:22:19.773+0000] {logging_mixin.py:188} INFO - [2025-10-18T18:22:19.772+0000] {dagbag.py:540} INFO - Filling up the DagBag from /opt/airflow/dags/wiki_dag/tasks/clean_top_pages.py
[2025-10-18T18:22:19.776+0000] {logging_mixin.py:188} INFO - [2025-10-18T18:22:19.776+0000] {dagbag.py:329} INFO - File /opt/airflow/dags/wiki_dag/tasks/clean_top_pages.py assumed to contain no DAGs. Skipping.
[2025-10-18T18:22:19.777+0000] {processor.py:842} WARNING - No viable dags retrieved from /opt/airflow/dags/wiki_dag/tasks/clean_top_pages.py
[2025-10-18T18:22:19.823+0000] {processor.py:183} INFO - Processing /opt/airflow/dags/wiki_dag/tasks/clean_top_pages.py took 0.070 seconds
[2025-10-18T18:22:50.084+0000] {processor.py:161} INFO - Started process (PID=242) to work on /opt/airflow/dags/wiki_dag/tasks/clean_top_pages.py
[2025-10-18T18:22:50.086+0000] {processor.py:830} INFO - Processing file /opt/airflow/dags/wiki_dag/tasks/clean_top_pages.py for tasks to queue
[2025-10-18T18:22:50.089+0000] {logging_mixin.py:188} INFO - [2025-10-18T18:22:50.088+0000] {dagbag.py:540} INFO - Filling up the DagBag from /opt/airflow/dags/wiki_dag/tasks/clean_top_pages.py
[2025-10-18T18:22:50.092+0000] {logging_mixin.py:188} INFO - [2025-10-18T18:22:50.092+0000] {dagbag.py:329} INFO - File /opt/airflow/dags/wiki_dag/tasks/clean_top_pages.py assumed to contain no DAGs. Skipping.
[2025-10-18T18:22:50.093+0000] {processor.py:842} WARNING - No viable dags retrieved from /opt/airflow/dags/wiki_dag/tasks/clean_top_pages.py
[2025-10-18T18:22:50.121+0000] {processor.py:183} INFO - Processing /opt/airflow/dags/wiki_dag/tasks/clean_top_pages.py took 0.049 seconds
[2025-10-18T18:23:20.338+0000] {processor.py:161} INFO - Started process (PID=259) to work on /opt/airflow/dags/wiki_dag/tasks/clean_top_pages.py
[2025-10-18T18:23:20.339+0000] {processor.py:830} INFO - Processing file /opt/airflow/dags/wiki_dag/tasks/clean_top_pages.py for tasks to queue
[2025-10-18T18:23:20.341+0000] {logging_mixin.py:188} INFO - [2025-10-18T18:23:20.340+0000] {dagbag.py:540} INFO - Filling up the DagBag from /opt/airflow/dags/wiki_dag/tasks/clean_top_pages.py
[2025-10-18T18:23:20.342+0000] {logging_mixin.py:188} INFO - [2025-10-18T18:23:20.342+0000] {dagbag.py:329} INFO - File /opt/airflow/dags/wiki_dag/tasks/clean_top_pages.py assumed to contain no DAGs. Skipping.
[2025-10-18T18:23:20.342+0000] {processor.py:842} WARNING - No viable dags retrieved from /opt/airflow/dags/wiki_dag/tasks/clean_top_pages.py
[2025-10-18T18:23:20.368+0000] {processor.py:183} INFO - Processing /opt/airflow/dags/wiki_dag/tasks/clean_top_pages.py took 0.037 seconds
[2025-10-18T18:38:39.917+0000] {processor.py:161} INFO - Started process (PID=167) to work on /opt/airflow/dags/wiki_dag/tasks/clean_top_pages.py
[2025-10-18T18:38:39.919+0000] {processor.py:830} INFO - Processing file /opt/airflow/dags/wiki_dag/tasks/clean_top_pages.py for tasks to queue
[2025-10-18T18:38:39.922+0000] {logging_mixin.py:188} INFO - [2025-10-18T18:38:39.922+0000] {dagbag.py:540} INFO - Filling up the DagBag from /opt/airflow/dags/wiki_dag/tasks/clean_top_pages.py
[2025-10-18T18:38:40.703+0000] {logging_mixin.py:188} INFO - [2025-10-18T18:38:40.702+0000] {dagbag.py:350} ERROR - Failed to import: /opt/airflow/dags/wiki_dag/tasks/clean_top_pages.py
Traceback (most recent call last):
  File "/home/airflow/.local/lib/python3.11/site-packages/airflow/models/dagbag.py", line 346, in parse
    loader.exec_module(new_module)
  File "<frozen importlib._bootstrap_external>", line 940, in exec_module
  File "<frozen importlib._bootstrap>", line 241, in _call_with_frames_removed
  File "/opt/airflow/dags/wiki_dag/tasks/clean_top_pages.py", line 14, in <module>
    from config import (
ModuleNotFoundError: No module named 'config'
[2025-10-18T18:38:40.704+0000] {processor.py:842} WARNING - No viable dags retrieved from /opt/airflow/dags/wiki_dag/tasks/clean_top_pages.py
[2025-10-18T18:38:40.744+0000] {processor.py:183} INFO - Processing /opt/airflow/dags/wiki_dag/tasks/clean_top_pages.py took 0.836 seconds
[2025-10-18T18:39:11.143+0000] {processor.py:161} INFO - Started process (PID=182) to work on /opt/airflow/dags/wiki_dag/tasks/clean_top_pages.py
[2025-10-18T18:39:11.144+0000] {processor.py:830} INFO - Processing file /opt/airflow/dags/wiki_dag/tasks/clean_top_pages.py for tasks to queue
[2025-10-18T18:39:11.146+0000] {logging_mixin.py:188} INFO - [2025-10-18T18:39:11.145+0000] {dagbag.py:540} INFO - Filling up the DagBag from /opt/airflow/dags/wiki_dag/tasks/clean_top_pages.py
[2025-10-18T18:39:11.652+0000] {logging_mixin.py:188} INFO - [2025-10-18T18:39:11.651+0000] {dagbag.py:350} ERROR - Failed to import: /opt/airflow/dags/wiki_dag/tasks/clean_top_pages.py
Traceback (most recent call last):
  File "/home/airflow/.local/lib/python3.11/site-packages/airflow/models/dagbag.py", line 346, in parse
    loader.exec_module(new_module)
  File "<frozen importlib._bootstrap_external>", line 940, in exec_module
  File "<frozen importlib._bootstrap>", line 241, in _call_with_frames_removed
  File "/opt/airflow/dags/wiki_dag/tasks/clean_top_pages.py", line 14, in <module>
    from config import (
ModuleNotFoundError: No module named 'config'
[2025-10-18T18:39:11.653+0000] {processor.py:842} WARNING - No viable dags retrieved from /opt/airflow/dags/wiki_dag/tasks/clean_top_pages.py
[2025-10-18T18:39:11.680+0000] {processor.py:183} INFO - Processing /opt/airflow/dags/wiki_dag/tasks/clean_top_pages.py took 0.547 seconds
[2025-10-18T18:39:41.826+0000] {processor.py:161} INFO - Started process (PID=200) to work on /opt/airflow/dags/wiki_dag/tasks/clean_top_pages.py
[2025-10-18T18:39:41.827+0000] {processor.py:830} INFO - Processing file /opt/airflow/dags/wiki_dag/tasks/clean_top_pages.py for tasks to queue
[2025-10-18T18:39:41.830+0000] {logging_mixin.py:188} INFO - [2025-10-18T18:39:41.829+0000] {dagbag.py:540} INFO - Filling up the DagBag from /opt/airflow/dags/wiki_dag/tasks/clean_top_pages.py
[2025-10-18T18:39:42.281+0000] {logging_mixin.py:188} INFO - [2025-10-18T18:39:42.280+0000] {dagbag.py:350} ERROR - Failed to import: /opt/airflow/dags/wiki_dag/tasks/clean_top_pages.py
Traceback (most recent call last):
  File "/home/airflow/.local/lib/python3.11/site-packages/airflow/models/dagbag.py", line 346, in parse
    loader.exec_module(new_module)
  File "<frozen importlib._bootstrap_external>", line 940, in exec_module
  File "<frozen importlib._bootstrap>", line 241, in _call_with_frames_removed
  File "/opt/airflow/dags/wiki_dag/tasks/clean_top_pages.py", line 14, in <module>
    from config import (
ModuleNotFoundError: No module named 'config'
[2025-10-18T18:39:42.282+0000] {processor.py:842} WARNING - No viable dags retrieved from /opt/airflow/dags/wiki_dag/tasks/clean_top_pages.py
[2025-10-18T18:39:42.316+0000] {processor.py:183} INFO - Processing /opt/airflow/dags/wiki_dag/tasks/clean_top_pages.py took 0.498 seconds
[2025-10-18T18:40:12.656+0000] {processor.py:161} INFO - Started process (PID=218) to work on /opt/airflow/dags/wiki_dag/tasks/clean_top_pages.py
[2025-10-18T18:40:12.657+0000] {processor.py:830} INFO - Processing file /opt/airflow/dags/wiki_dag/tasks/clean_top_pages.py for tasks to queue
[2025-10-18T18:40:12.658+0000] {logging_mixin.py:188} INFO - [2025-10-18T18:40:12.658+0000] {dagbag.py:540} INFO - Filling up the DagBag from /opt/airflow/dags/wiki_dag/tasks/clean_top_pages.py
[2025-10-18T18:40:12.951+0000] {logging_mixin.py:188} INFO - [2025-10-18T18:40:12.950+0000] {dagbag.py:350} ERROR - Failed to import: /opt/airflow/dags/wiki_dag/tasks/clean_top_pages.py
Traceback (most recent call last):
  File "/home/airflow/.local/lib/python3.11/site-packages/airflow/models/dagbag.py", line 346, in parse
    loader.exec_module(new_module)
  File "<frozen importlib._bootstrap_external>", line 940, in exec_module
  File "<frozen importlib._bootstrap>", line 241, in _call_with_frames_removed
  File "/opt/airflow/dags/wiki_dag/tasks/clean_top_pages.py", line 14, in <module>
    from config import (
ModuleNotFoundError: No module named 'config'
[2025-10-18T18:40:12.951+0000] {processor.py:842} WARNING - No viable dags retrieved from /opt/airflow/dags/wiki_dag/tasks/clean_top_pages.py
[2025-10-18T18:40:12.988+0000] {processor.py:183} INFO - Processing /opt/airflow/dags/wiki_dag/tasks/clean_top_pages.py took 0.343 seconds
[2025-10-18T18:40:30.172+0000] {processor.py:161} INFO - Started process (PID=241) to work on /opt/airflow/dags/wiki_dag/tasks/clean_top_pages.py
[2025-10-18T18:40:30.173+0000] {processor.py:830} INFO - Processing file /opt/airflow/dags/wiki_dag/tasks/clean_top_pages.py for tasks to queue
[2025-10-18T18:40:30.175+0000] {logging_mixin.py:188} INFO - [2025-10-18T18:40:30.175+0000] {dagbag.py:540} INFO - Filling up the DagBag from /opt/airflow/dags/wiki_dag/tasks/clean_top_pages.py
[2025-10-18T18:40:30.177+0000] {logging_mixin.py:188} INFO - [2025-10-18T18:40:30.176+0000] {dagbag.py:329} INFO - File /opt/airflow/dags/wiki_dag/tasks/clean_top_pages.py assumed to contain no DAGs. Skipping.
[2025-10-18T18:40:30.177+0000] {processor.py:842} WARNING - No viable dags retrieved from /opt/airflow/dags/wiki_dag/tasks/clean_top_pages.py
[2025-10-18T18:40:30.203+0000] {processor.py:183} INFO - Processing /opt/airflow/dags/wiki_dag/tasks/clean_top_pages.py took 0.039 seconds
[2025-10-18T18:41:00.434+0000] {processor.py:161} INFO - Started process (PID=260) to work on /opt/airflow/dags/wiki_dag/tasks/clean_top_pages.py
[2025-10-18T18:41:00.435+0000] {processor.py:830} INFO - Processing file /opt/airflow/dags/wiki_dag/tasks/clean_top_pages.py for tasks to queue
[2025-10-18T18:41:00.437+0000] {logging_mixin.py:188} INFO - [2025-10-18T18:41:00.437+0000] {dagbag.py:540} INFO - Filling up the DagBag from /opt/airflow/dags/wiki_dag/tasks/clean_top_pages.py
[2025-10-18T18:41:00.439+0000] {logging_mixin.py:188} INFO - [2025-10-18T18:41:00.438+0000] {dagbag.py:329} INFO - File /opt/airflow/dags/wiki_dag/tasks/clean_top_pages.py assumed to contain no DAGs. Skipping.
[2025-10-18T18:41:00.439+0000] {processor.py:842} WARNING - No viable dags retrieved from /opt/airflow/dags/wiki_dag/tasks/clean_top_pages.py
[2025-10-18T18:41:00.466+0000] {processor.py:183} INFO - Processing /opt/airflow/dags/wiki_dag/tasks/clean_top_pages.py took 0.041 seconds
[2025-10-18T18:41:30.668+0000] {processor.py:161} INFO - Started process (PID=277) to work on /opt/airflow/dags/wiki_dag/tasks/clean_top_pages.py
[2025-10-18T18:41:30.671+0000] {processor.py:830} INFO - Processing file /opt/airflow/dags/wiki_dag/tasks/clean_top_pages.py for tasks to queue
[2025-10-18T18:41:30.673+0000] {logging_mixin.py:188} INFO - [2025-10-18T18:41:30.672+0000] {dagbag.py:540} INFO - Filling up the DagBag from /opt/airflow/dags/wiki_dag/tasks/clean_top_pages.py
[2025-10-18T18:41:30.674+0000] {logging_mixin.py:188} INFO - [2025-10-18T18:41:30.674+0000] {dagbag.py:329} INFO - File /opt/airflow/dags/wiki_dag/tasks/clean_top_pages.py assumed to contain no DAGs. Skipping.
[2025-10-18T18:41:30.675+0000] {processor.py:842} WARNING - No viable dags retrieved from /opt/airflow/dags/wiki_dag/tasks/clean_top_pages.py
[2025-10-18T18:41:30.703+0000] {processor.py:183} INFO - Processing /opt/airflow/dags/wiki_dag/tasks/clean_top_pages.py took 0.049 seconds
[2025-10-18T18:42:00.874+0000] {processor.py:161} INFO - Started process (PID=289) to work on /opt/airflow/dags/wiki_dag/tasks/clean_top_pages.py
[2025-10-18T18:42:00.876+0000] {processor.py:830} INFO - Processing file /opt/airflow/dags/wiki_dag/tasks/clean_top_pages.py for tasks to queue
[2025-10-18T18:42:00.878+0000] {logging_mixin.py:188} INFO - [2025-10-18T18:42:00.877+0000] {dagbag.py:540} INFO - Filling up the DagBag from /opt/airflow/dags/wiki_dag/tasks/clean_top_pages.py
[2025-10-18T18:42:00.880+0000] {logging_mixin.py:188} INFO - [2025-10-18T18:42:00.879+0000] {dagbag.py:329} INFO - File /opt/airflow/dags/wiki_dag/tasks/clean_top_pages.py assumed to contain no DAGs. Skipping.
[2025-10-18T18:42:00.880+0000] {processor.py:842} WARNING - No viable dags retrieved from /opt/airflow/dags/wiki_dag/tasks/clean_top_pages.py
[2025-10-18T18:42:00.910+0000] {processor.py:183} INFO - Processing /opt/airflow/dags/wiki_dag/tasks/clean_top_pages.py took 0.050 seconds
[2025-10-18T18:42:31.139+0000] {processor.py:161} INFO - Started process (PID=306) to work on /opt/airflow/dags/wiki_dag/tasks/clean_top_pages.py
[2025-10-18T18:42:31.141+0000] {processor.py:830} INFO - Processing file /opt/airflow/dags/wiki_dag/tasks/clean_top_pages.py for tasks to queue
[2025-10-18T18:42:31.142+0000] {logging_mixin.py:188} INFO - [2025-10-18T18:42:31.141+0000] {dagbag.py:540} INFO - Filling up the DagBag from /opt/airflow/dags/wiki_dag/tasks/clean_top_pages.py
[2025-10-18T18:42:31.144+0000] {logging_mixin.py:188} INFO - [2025-10-18T18:42:31.143+0000] {dagbag.py:329} INFO - File /opt/airflow/dags/wiki_dag/tasks/clean_top_pages.py assumed to contain no DAGs. Skipping.
[2025-10-18T18:42:31.144+0000] {processor.py:842} WARNING - No viable dags retrieved from /opt/airflow/dags/wiki_dag/tasks/clean_top_pages.py
[2025-10-18T18:42:31.167+0000] {processor.py:183} INFO - Processing /opt/airflow/dags/wiki_dag/tasks/clean_top_pages.py took 0.040 seconds
[2025-10-18T18:43:01.399+0000] {processor.py:161} INFO - Started process (PID=323) to work on /opt/airflow/dags/wiki_dag/tasks/clean_top_pages.py
[2025-10-18T18:43:01.400+0000] {processor.py:830} INFO - Processing file /opt/airflow/dags/wiki_dag/tasks/clean_top_pages.py for tasks to queue
[2025-10-18T18:43:01.401+0000] {logging_mixin.py:188} INFO - [2025-10-18T18:43:01.401+0000] {dagbag.py:540} INFO - Filling up the DagBag from /opt/airflow/dags/wiki_dag/tasks/clean_top_pages.py
[2025-10-18T18:43:01.404+0000] {logging_mixin.py:188} INFO - [2025-10-18T18:43:01.403+0000] {dagbag.py:329} INFO - File /opt/airflow/dags/wiki_dag/tasks/clean_top_pages.py assumed to contain no DAGs. Skipping.
[2025-10-18T18:43:01.404+0000] {processor.py:842} WARNING - No viable dags retrieved from /opt/airflow/dags/wiki_dag/tasks/clean_top_pages.py
[2025-10-18T18:43:01.436+0000] {processor.py:183} INFO - Processing /opt/airflow/dags/wiki_dag/tasks/clean_top_pages.py took 0.049 seconds
[2025-10-18T18:43:31.541+0000] {processor.py:161} INFO - Started process (PID=333) to work on /opt/airflow/dags/wiki_dag/tasks/clean_top_pages.py
[2025-10-18T18:43:31.542+0000] {processor.py:830} INFO - Processing file /opt/airflow/dags/wiki_dag/tasks/clean_top_pages.py for tasks to queue
[2025-10-18T18:43:31.544+0000] {logging_mixin.py:188} INFO - [2025-10-18T18:43:31.543+0000] {dagbag.py:540} INFO - Filling up the DagBag from /opt/airflow/dags/wiki_dag/tasks/clean_top_pages.py
[2025-10-18T18:43:31.545+0000] {logging_mixin.py:188} INFO - [2025-10-18T18:43:31.545+0000] {dagbag.py:329} INFO - File /opt/airflow/dags/wiki_dag/tasks/clean_top_pages.py assumed to contain no DAGs. Skipping.
[2025-10-18T18:43:31.546+0000] {processor.py:842} WARNING - No viable dags retrieved from /opt/airflow/dags/wiki_dag/tasks/clean_top_pages.py
[2025-10-18T18:43:31.573+0000] {processor.py:183} INFO - Processing /opt/airflow/dags/wiki_dag/tasks/clean_top_pages.py took 0.045 seconds
