[2025-10-18T13:34:30.426+0000] {local_task_job_runner.py:120} INFO - ::group::Pre task execution logs
[2025-10-18T13:34:30.580+0000] {taskinstance.py:2073} INFO - Dependencies all met for dep_context=non-requeueable deps ti=<TaskInstance: wiki_trending_pipeline.fetch_top_pages scheduled__2025-10-17T00:00:00+00:00 [queued]>
[2025-10-18T13:34:30.614+0000] {taskinstance.py:2073} INFO - Dependencies all met for dep_context=requeueable deps ti=<TaskInstance: wiki_trending_pipeline.fetch_top_pages scheduled__2025-10-17T00:00:00+00:00 [queued]>
[2025-10-18T13:34:30.615+0000] {taskinstance.py:2303} INFO - Starting attempt 1 of 3
[2025-10-18T13:34:30.668+0000] {taskinstance.py:2327} INFO - Executing <Task(PythonOperator): fetch_top_pages> on 2025-10-17 00:00:00+00:00
[2025-10-18T13:34:30.700+0000] {standard_task_runner.py:63} INFO - Started process 401 to run task
[2025-10-18T13:34:30.738+0000] {standard_task_runner.py:90} INFO - Running: ['***', 'tasks', 'run', 'wiki_trending_pipeline', 'fetch_top_pages', 'scheduled__2025-10-17T00:00:00+00:00', '--job-id', '2', '--raw', '--subdir', 'DAGS_FOLDER/wiki_dag/wiki_top_pages_dag.py', '--cfg-path', '/tmp/tmpt3nwdu68']
[2025-10-18T13:34:30.782+0000] {standard_task_runner.py:91} INFO - Job 2: Subtask fetch_top_pages
[2025-10-18T13:34:31.101+0000] {task_command.py:426} INFO - Running <TaskInstance: wiki_trending_pipeline.fetch_top_pages scheduled__2025-10-17T00:00:00+00:00 [running]> on host 43c98df84003
[2025-10-18T13:34:31.390+0000] {taskinstance.py:2644} INFO - Exporting env vars: AIRFLOW_CTX_DAG_OWNER='***' AIRFLOW_CTX_DAG_ID='wiki_trending_pipeline' AIRFLOW_CTX_TASK_ID='fetch_top_pages' AIRFLOW_CTX_EXECUTION_DATE='2025-10-17T00:00:00+00:00' AIRFLOW_CTX_TRY_NUMBER='1' AIRFLOW_CTX_DAG_RUN_ID='scheduled__2025-10-17T00:00:00+00:00'
[2025-10-18T13:34:31.395+0000] {taskinstance.py:430} INFO - ::endgroup::
[2025-10-18T13:34:31.447+0000] {logging_mixin.py:188} INFO - 📥 Fetching Wikipedia data for 2025/10/17
[2025-10-18T13:34:31.805+0000] {logging_mixin.py:188} INFO - ✓ Fetched 1 items from API
[2025-10-18T13:34:32.054+0000] {logging_mixin.py:188} INFO - ✓ Created bucket 'bronze'
[2025-10-18T13:34:32.092+0000] {logging_mixin.py:188} INFO - ✅ Uploaded to MinIO: s3://bronze/top_pages_2025_10_17.json
[2025-10-18T13:34:32.098+0000] {python.py:237} INFO - Done. Returned value was: top_pages_2025_10_17.json
[2025-10-18T13:34:32.102+0000] {taskinstance.py:441} INFO - ::group::Post task execution logs
[2025-10-18T13:34:32.164+0000] {taskinstance.py:1205} INFO - Marking task as SUCCESS. dag_id=wiki_trending_pipeline, task_id=fetch_top_pages, execution_date=20251017T000000, start_date=20251018T133430, end_date=20251018T133432
[2025-10-18T13:34:32.232+0000] {local_task_job_runner.py:240} INFO - Task exited with return code 0
[2025-10-18T13:34:32.319+0000] {taskinstance.py:3482} INFO - 1 downstream tasks scheduled from follow-on schedule check
[2025-10-18T13:34:32.323+0000] {local_task_job_runner.py:222} INFO - ::endgroup::
[2025-10-18T18:53:38.082+0000] {local_task_job_runner.py:120} INFO - ::group::Pre task execution logs
[2025-10-18T18:53:38.152+0000] {taskinstance.py:2073} INFO - Dependencies all met for dep_context=non-requeueable deps ti=<TaskInstance: wiki_trending_pipeline.fetch_top_pages scheduled__2025-10-17T00:00:00+00:00 [queued]>
[2025-10-18T18:53:38.171+0000] {taskinstance.py:2073} INFO - Dependencies all met for dep_context=requeueable deps ti=<TaskInstance: wiki_trending_pipeline.fetch_top_pages scheduled__2025-10-17T00:00:00+00:00 [queued]>
[2025-10-18T18:53:38.172+0000] {taskinstance.py:2303} INFO - Starting attempt 1 of 3
[2025-10-18T18:53:38.196+0000] {taskinstance.py:2327} INFO - Executing <Task(PythonOperator): fetch_top_pages> on 2025-10-17 00:00:00+00:00
[2025-10-18T18:53:38.215+0000] {standard_task_runner.py:63} INFO - Started process 194 to run task
[2025-10-18T18:53:38.222+0000] {standard_task_runner.py:90} INFO - Running: ['***', 'tasks', 'run', 'wiki_trending_pipeline', 'fetch_top_pages', 'scheduled__2025-10-17T00:00:00+00:00', '--job-id', '3', '--raw', '--subdir', 'DAGS_FOLDER/wiki_dag/wiki_top_pages_dag.py', '--cfg-path', '/tmp/tmpgpjx7ek4']
[2025-10-18T18:53:38.226+0000] {standard_task_runner.py:91} INFO - Job 3: Subtask fetch_top_pages
[2025-10-18T18:53:38.352+0000] {task_command.py:426} INFO - Running <TaskInstance: wiki_trending_pipeline.fetch_top_pages scheduled__2025-10-17T00:00:00+00:00 [running]> on host 96f4bad2117e
[2025-10-18T18:53:38.534+0000] {taskinstance.py:2644} INFO - Exporting env vars: AIRFLOW_CTX_DAG_OWNER='***' AIRFLOW_CTX_DAG_ID='wiki_trending_pipeline' AIRFLOW_CTX_TASK_ID='fetch_top_pages' AIRFLOW_CTX_EXECUTION_DATE='2025-10-17T00:00:00+00:00' AIRFLOW_CTX_TRY_NUMBER='1' AIRFLOW_CTX_DAG_RUN_ID='scheduled__2025-10-17T00:00:00+00:00'
[2025-10-18T18:53:38.536+0000] {taskinstance.py:430} INFO - ::endgroup::
[2025-10-18T18:53:38.578+0000] {logging_mixin.py:188} INFO - 📥 Fetching Wikipedia data for 2025/10/17
[2025-10-18T18:53:39.220+0000] {logging_mixin.py:188} INFO - ✓ Fetched 1 items from API
[2025-10-18T18:53:39.225+0000] {logging_mixin.py:188} INFO - ✓ Converted to DataFrame with 1000 records
[2025-10-18T18:53:39.669+0000] {logging_mixin.py:188} INFO - ✓ Created bucket 'bronze'
[2025-10-18T18:53:39.703+0000] {logging_mixin.py:188} INFO - ✅ Uploaded to MinIO: s3://bronze/top_pages_2025_10_17.csv
[2025-10-18T18:53:39.709+0000] {python.py:237} INFO - Done. Returned value was: top_pages_2025_10_17.csv
[2025-10-18T18:53:39.710+0000] {taskinstance.py:441} INFO - ::group::Post task execution logs
[2025-10-18T18:53:39.768+0000] {taskinstance.py:1205} INFO - Marking task as SUCCESS. dag_id=wiki_trending_pipeline, task_id=fetch_top_pages, execution_date=20251017T000000, start_date=20251018T185338, end_date=20251018T185339
[2025-10-18T18:53:39.839+0000] {local_task_job_runner.py:240} INFO - Task exited with return code 0
[2025-10-18T18:53:39.889+0000] {taskinstance.py:3482} INFO - 1 downstream tasks scheduled from follow-on schedule check
[2025-10-18T18:53:39.890+0000] {local_task_job_runner.py:222} INFO - ::endgroup::
