[2025-10-18T18:45:59.186+0000] {local_task_job_runner.py:120} INFO - ::group::Pre task execution logs
[2025-10-18T18:45:59.274+0000] {taskinstance.py:2073} INFO - Dependencies all met for dep_context=non-requeueable deps ti=<TaskInstance: wiki_trending_pipeline.fetch_top_pages scheduled__2025-10-17T00:00:00+00:00 [queued]>
[2025-10-18T18:45:59.293+0000] {taskinstance.py:2073} INFO - Dependencies all met for dep_context=requeueable deps ti=<TaskInstance: wiki_trending_pipeline.fetch_top_pages scheduled__2025-10-17T00:00:00+00:00 [queued]>
[2025-10-18T18:45:59.293+0000] {taskinstance.py:2303} INFO - Starting attempt 2 of 3
[2025-10-18T18:45:59.326+0000] {taskinstance.py:2327} INFO - Executing <Task(PythonOperator): fetch_top_pages> on 2025-10-17 00:00:00+00:00
[2025-10-18T18:45:59.348+0000] {standard_task_runner.py:63} INFO - Started process 404 to run task
[2025-10-18T18:45:59.357+0000] {standard_task_runner.py:90} INFO - Running: ['***', 'tasks', 'run', 'wiki_trending_pipeline', 'fetch_top_pages', 'scheduled__2025-10-17T00:00:00+00:00', '--job-id', '4', '--raw', '--subdir', 'DAGS_FOLDER/wiki_dag/wiki_top_pages_dag.py', '--cfg-path', '/tmp/tmp5fn2tdx1']
[2025-10-18T18:45:59.362+0000] {standard_task_runner.py:91} INFO - Job 4: Subtask fetch_top_pages
[2025-10-18T18:45:59.489+0000] {task_command.py:426} INFO - Running <TaskInstance: wiki_trending_pipeline.fetch_top_pages scheduled__2025-10-17T00:00:00+00:00 [running]> on host 994b5d9a43a8
[2025-10-18T18:45:59.692+0000] {taskinstance.py:2644} INFO - Exporting env vars: AIRFLOW_CTX_DAG_OWNER='***' AIRFLOW_CTX_DAG_ID='wiki_trending_pipeline' AIRFLOW_CTX_TASK_ID='fetch_top_pages' AIRFLOW_CTX_EXECUTION_DATE='2025-10-17T00:00:00+00:00' AIRFLOW_CTX_TRY_NUMBER='2' AIRFLOW_CTX_DAG_RUN_ID='scheduled__2025-10-17T00:00:00+00:00'
[2025-10-18T18:45:59.694+0000] {taskinstance.py:430} INFO - ::endgroup::
[2025-10-18T18:45:59.750+0000] {logging_mixin.py:188} INFO - 📥 Fetching Wikipedia data for 2025/10/17
[2025-10-18T18:46:00.233+0000] {logging_mixin.py:188} INFO - ✓ Fetched 1 items from API
[2025-10-18T18:46:00.279+0000] {logging_mixin.py:188} INFO - ✓ Converted to DataFrame with 1000 records
[2025-10-18T18:46:09.711+0000] {logging_mixin.py:188} INFO - ✓ Created bucket 'bronze'
[2025-10-18T18:46:14.068+0000] {logging_mixin.py:188} INFO - ✅ Uploaded to MinIO: s3://bronze/top_pages_2025_10_17.csv
[2025-10-18T18:46:14.090+0000] {python.py:237} INFO - Done. Returned value was: top_pages_2025_10_17.csv
[2025-10-18T18:46:14.092+0000] {taskinstance.py:441} INFO - ::group::Post task execution logs
[2025-10-18T18:46:14.174+0000] {taskinstance.py:1205} INFO - Marking task as SUCCESS. dag_id=wiki_trending_pipeline, task_id=fetch_top_pages, execution_date=20251017T000000, start_date=20251018T184559, end_date=20251018T184614
[2025-10-18T18:46:14.293+0000] {local_task_job_runner.py:240} INFO - Task exited with return code 0
[2025-10-18T18:46:14.371+0000] {taskinstance.py:3482} INFO - 1 downstream tasks scheduled from follow-on schedule check
[2025-10-18T18:46:14.374+0000] {local_task_job_runner.py:222} INFO - ::endgroup::
