[2025-10-18T10:31:50.414+0000] {local_task_job_runner.py:120} INFO - ::group::Pre task execution logs
[2025-10-18T10:31:50.468+0000] {taskinstance.py:2073} INFO - Dependencies all met for dep_context=non-requeueable deps ti=<TaskInstance: wiki_trending_pipeline.clean_top_pages manual__2025-10-18T10:31:45.719547+00:00 [queued]>
[2025-10-18T10:31:50.483+0000] {taskinstance.py:2073} INFO - Dependencies all met for dep_context=requeueable deps ti=<TaskInstance: wiki_trending_pipeline.clean_top_pages manual__2025-10-18T10:31:45.719547+00:00 [queued]>
[2025-10-18T10:31:50.484+0000] {taskinstance.py:2303} INFO - Starting attempt 1 of 2
[2025-10-18T10:31:50.501+0000] {taskinstance.py:2327} INFO - Executing <Task(PythonOperator): clean_top_pages> on 2025-10-18 10:31:45.719547+00:00
[2025-10-18T10:31:50.517+0000] {logging_mixin.py:188} WARNING - /home/***/.local/lib/python3.12/site-packages/***/task/task_runner/standard_task_runner.py:61 DeprecationWarning: This process (pid=183) is multi-threaded, use of fork() may lead to deadlocks in the child.
[2025-10-18T10:31:50.519+0000] {standard_task_runner.py:63} INFO - Started process 184 to run task
[2025-10-18T10:31:50.517+0000] {standard_task_runner.py:90} INFO - Running: ['***', 'tasks', 'run', 'wiki_trending_pipeline', 'clean_top_pages', 'manual__2025-10-18T10:31:45.719547+00:00', '--job-id', '4', '--raw', '--subdir', 'DAGS_FOLDER/wiki_dag/wiki_top_pages_dag.py', '--cfg-path', '/tmp/tmpxlgdufke']
[2025-10-18T10:31:50.520+0000] {standard_task_runner.py:91} INFO - Job 4: Subtask clean_top_pages
[2025-10-18T10:31:50.547+0000] {logging_mixin.py:188} WARNING - /home/***/.local/lib/python3.12/site-packages/***/settings.py:195 DeprecationWarning: The sql_alchemy_conn option in [core] has been moved to the sql_alchemy_conn option in [database] - the old setting has been used, but please update your config.
[2025-10-18T10:31:50.602+0000] {task_command.py:426} INFO - Running <TaskInstance: wiki_trending_pipeline.clean_top_pages manual__2025-10-18T10:31:45.719547+00:00 [running]> on host 6001116caf96
[2025-10-18T10:31:50.736+0000] {taskinstance.py:2644} INFO - Exporting env vars: AIRFLOW_CTX_DAG_OWNER='***' AIRFLOW_CTX_DAG_ID='wiki_trending_pipeline' AIRFLOW_CTX_TASK_ID='clean_top_pages' AIRFLOW_CTX_EXECUTION_DATE='2025-10-18T10:31:45.719547+00:00' AIRFLOW_CTX_TRY_NUMBER='1' AIRFLOW_CTX_DAG_RUN_ID='manual__2025-10-18T10:31:45.719547+00:00'
[2025-10-18T10:31:50.737+0000] {taskinstance.py:430} INFO - ::endgroup::
[2025-10-18T10:33:01.265+0000] {taskinstance.py:441} INFO - ::group::Post task execution logs
[2025-10-18T10:33:01.266+0000] {taskinstance.py:2890} ERROR - Task failed with exception
Traceback (most recent call last):
  File "/home/airflow/.local/lib/python3.12/site-packages/airflow/models/taskinstance.py", line 465, in _execute_task
    result = _execute_callable(context=context, **execute_callable_kwargs)
             ^^^^^^^^^^^^^^^^^^^^^^^^^^^^^^^^^^^^^^^^^^^^^^^^^^^^^^^^^^^^^
  File "/home/airflow/.local/lib/python3.12/site-packages/airflow/models/taskinstance.py", line 432, in _execute_callable
    return execute_callable(context=context, **execute_callable_kwargs)
           ^^^^^^^^^^^^^^^^^^^^^^^^^^^^^^^^^^^^^^^^^^^^^^^^^^^^^^^^^^^^
  File "/home/airflow/.local/lib/python3.12/site-packages/airflow/models/baseoperator.py", line 400, in wrapper
    return func(self, *args, **kwargs)
           ^^^^^^^^^^^^^^^^^^^^^^^^^^^
  File "/home/airflow/.local/lib/python3.12/site-packages/airflow/operators/python.py", line 235, in execute
    return_value = self.execute_callable()
                   ^^^^^^^^^^^^^^^^^^^^^^^
  File "/home/airflow/.local/lib/python3.12/site-packages/airflow/operators/python.py", line 252, in execute_callable
    return self.python_callable(*self.op_args, **self.op_kwargs)
           ^^^^^^^^^^^^^^^^^^^^^^^^^^^^^^^^^^^^^^^^^^^^^^^^^^^^^
  File "/opt/airflow/dags/tasks/clean_top_pages.py", line 27, in clean_top_pages
    df = spark.read.json(input_file)
         ^^^^^^^^^^^^^^^^^^^^^^^^^^^
  File "/home/airflow/.local/lib/python3.12/site-packages/pyspark/sql/readwriter.py", line 425, in json
    return self._df(self._jreader.json(self._spark._sc._jvm.PythonUtils.toSeq(path)))
                    ^^^^^^^^^^^^^^^^^^^^^^^^^^^^^^^^^^^^^^^^^^^^^^^^^^^^^^^^^^^^^^^^
  File "/home/airflow/.local/lib/python3.12/site-packages/py4j/java_gateway.py", line 1322, in __call__
    return_value = get_return_value(
                   ^^^^^^^^^^^^^^^^^
  File "/home/airflow/.local/lib/python3.12/site-packages/pyspark/errors/exceptions/captured.py", line 179, in deco
    return f(*a, **kw)
           ^^^^^^^^^^^
  File "/home/airflow/.local/lib/python3.12/site-packages/py4j/protocol.py", line 326, in get_return_value
    raise Py4JJavaError(
py4j.protocol.Py4JJavaError: An error occurred while calling o39.json.
: java.lang.IllegalStateException: Cannot call methods on a stopped SparkContext.
This stopped SparkContext was created at:

org.apache.spark.api.java.JavaSparkContext.<init>(JavaSparkContext.scala:58)
java.base/jdk.internal.reflect.NativeConstructorAccessorImpl.newInstance0(Native Method)
java.base/jdk.internal.reflect.NativeConstructorAccessorImpl.newInstance(NativeConstructorAccessorImpl.java:77)
java.base/jdk.internal.reflect.DelegatingConstructorAccessorImpl.newInstance(DelegatingConstructorAccessorImpl.java:45)
java.base/java.lang.reflect.Constructor.newInstanceWithCaller(Constructor.java:500)
java.base/java.lang.reflect.Constructor.newInstance(Constructor.java:481)
py4j.reflection.MethodInvoker.invoke(MethodInvoker.java:247)
py4j.reflection.ReflectionEngine.invoke(ReflectionEngine.java:374)
py4j.Gateway.invoke(Gateway.java:238)
py4j.commands.ConstructorCommand.invokeConstructor(ConstructorCommand.java:80)
py4j.commands.ConstructorCommand.execute(ConstructorCommand.java:69)
py4j.ClientServerConnection.waitForCommands(ClientServerConnection.java:182)
py4j.ClientServerConnection.run(ClientServerConnection.java:106)
java.base/java.lang.Thread.run(Thread.java:840)

The currently active SparkContext was created at:

(No active SparkContext.)
         
	at org.apache.spark.SparkContext.assertNotStopped(SparkContext.scala:122)
	at org.apache.spark.SparkContext.broadcastInternal(SparkContext.scala:1659)
	at org.apache.spark.SparkContext.broadcast(SparkContext.scala:1644)
	at org.apache.spark.sql.execution.datasources.text.TextFileFormat.buildReader(TextFileFormat.scala:106)
	at org.apache.spark.sql.execution.datasources.FileFormat.buildReaderWithPartitionValues(FileFormat.scala:138)
	at org.apache.spark.sql.execution.datasources.FileFormat.buildReaderWithPartitionValues$(FileFormat.scala:129)
	at org.apache.spark.sql.execution.datasources.TextBasedFileFormat.buildReaderWithPartitionValues(FileFormat.scala:346)
	at org.apache.spark.sql.execution.FileSourceScanExec.inputRDD$lzycompute(DataSourceScanExec.scala:548)
	at org.apache.spark.sql.execution.FileSourceScanExec.inputRDD(DataSourceScanExec.scala:537)
	at org.apache.spark.sql.execution.FileSourceScanExec.doExecute(DataSourceScanExec.scala:575)
	at org.apache.spark.sql.execution.SparkPlan.$anonfun$execute$1(SparkPlan.scala:195)
	at org.apache.spark.sql.execution.SparkPlan.$anonfun$executeQuery$1(SparkPlan.scala:246)
	at org.apache.spark.rdd.RDDOperationScope$.withScope(RDDOperationScope.scala:151)
	at org.apache.spark.sql.execution.SparkPlan.executeQuery(SparkPlan.scala:243)
	at org.apache.spark.sql.execution.SparkPlan.execute(SparkPlan.scala:191)
	at org.apache.spark.sql.execution.QueryExecution.toRdd$lzycompute(QueryExecution.scala:207)
	at org.apache.spark.sql.execution.QueryExecution.toRdd(QueryExecution.scala:206)
	at org.apache.spark.sql.execution.datasources.json.TextInputJsonDataSource$.inferFromDataset(JsonDataSource.scala:103)
	at org.apache.spark.sql.execution.datasources.json.TextInputJsonDataSource$.infer(JsonDataSource.scala:98)
	at org.apache.spark.sql.execution.datasources.json.JsonDataSource.inferSchema(JsonDataSource.scala:64)
	at org.apache.spark.sql.execution.datasources.json.JsonFileFormat.inferSchema(JsonFileFormat.scala:59)
	at org.apache.spark.sql.execution.datasources.DataSource.$anonfun$getOrInferFileFormatSchema$11(DataSource.scala:208)
	at scala.Option.orElse(Option.scala:447)
	at org.apache.spark.sql.execution.datasources.DataSource.getOrInferFileFormatSchema(DataSource.scala:205)
	at org.apache.spark.sql.execution.datasources.DataSource.resolveRelation(DataSource.scala:407)
	at org.apache.spark.sql.DataFrameReader.loadV1Source(DataFrameReader.scala:229)
	at org.apache.spark.sql.DataFrameReader.$anonfun$load$2(DataFrameReader.scala:211)
	at scala.Option.getOrElse(Option.scala:189)
	at org.apache.spark.sql.DataFrameReader.load(DataFrameReader.scala:211)
	at org.apache.spark.sql.DataFrameReader.json(DataFrameReader.scala:362)
	at java.base/jdk.internal.reflect.NativeMethodAccessorImpl.invoke0(Native Method)
	at java.base/jdk.internal.reflect.NativeMethodAccessorImpl.invoke(NativeMethodAccessorImpl.java:77)
	at java.base/jdk.internal.reflect.DelegatingMethodAccessorImpl.invoke(DelegatingMethodAccessorImpl.java:43)
	at java.base/java.lang.reflect.Method.invoke(Method.java:569)
	at py4j.reflection.MethodInvoker.invoke(MethodInvoker.java:244)
	at py4j.reflection.ReflectionEngine.invoke(ReflectionEngine.java:374)
	at py4j.Gateway.invoke(Gateway.java:282)
	at py4j.commands.AbstractCommand.invokeMethod(AbstractCommand.java:132)
	at py4j.commands.CallCommand.execute(CallCommand.java:79)
	at py4j.ClientServerConnection.waitForCommands(ClientServerConnection.java:182)
	at py4j.ClientServerConnection.run(ClientServerConnection.java:106)
	at java.base/java.lang.Thread.run(Thread.java:840)

[2025-10-18T10:33:01.290+0000] {taskinstance.py:1205} INFO - Marking task as UP_FOR_RETRY. dag_id=wiki_trending_pipeline, task_id=clean_top_pages, execution_date=20251018T103145, start_date=20251018T103150, end_date=20251018T103301
[2025-10-18T10:33:01.311+0000] {standard_task_runner.py:110} ERROR - Failed to execute job 4 for task clean_top_pages (An error occurred while calling o39.json.
: java.lang.IllegalStateException: Cannot call methods on a stopped SparkContext.
This stopped SparkContext was created at:

org.apache.spark.api.java.JavaSparkContext.<init>(JavaSparkContext.scala:58)
java.base/jdk.internal.reflect.NativeConstructorAccessorImpl.newInstance0(Native Method)
java.base/jdk.internal.reflect.NativeConstructorAccessorImpl.newInstance(NativeConstructorAccessorImpl.java:77)
java.base/jdk.internal.reflect.DelegatingConstructorAccessorImpl.newInstance(DelegatingConstructorAccessorImpl.java:45)
java.base/java.lang.reflect.Constructor.newInstanceWithCaller(Constructor.java:500)
java.base/java.lang.reflect.Constructor.newInstance(Constructor.java:481)
py4j.reflection.MethodInvoker.invoke(MethodInvoker.java:247)
py4j.reflection.ReflectionEngine.invoke(ReflectionEngine.java:374)
py4j.Gateway.invoke(Gateway.java:238)
py4j.commands.ConstructorCommand.invokeConstructor(ConstructorCommand.java:80)
py4j.commands.ConstructorCommand.execute(ConstructorCommand.java:69)
py4j.ClientServerConnection.waitForCommands(ClientServerConnection.java:182)
py4j.ClientServerConnection.run(ClientServerConnection.java:106)
java.base/java.lang.Thread.run(Thread.java:840)

The currently active SparkContext was created at:

(No active SparkContext.)
         
	at org.apache.spark.SparkContext.assertNotStopped(SparkContext.scala:122)
	at org.apache.spark.SparkContext.broadcastInternal(SparkContext.scala:1659)
	at org.apache.spark.SparkContext.broadcast(SparkContext.scala:1644)
	at org.apache.spark.sql.execution.datasources.text.TextFileFormat.buildReader(TextFileFormat.scala:106)
	at org.apache.spark.sql.execution.datasources.FileFormat.buildReaderWithPartitionValues(FileFormat.scala:138)
	at org.apache.spark.sql.execution.datasources.FileFormat.buildReaderWithPartitionValues$(FileFormat.scala:129)
	at org.apache.spark.sql.execution.datasources.TextBasedFileFormat.buildReaderWithPartitionValues(FileFormat.scala:346)
	at org.apache.spark.sql.execution.FileSourceScanExec.inputRDD$lzycompute(DataSourceScanExec.scala:548)
	at org.apache.spark.sql.execution.FileSourceScanExec.inputRDD(DataSourceScanExec.scala:537)
	at org.apache.spark.sql.execution.FileSourceScanExec.doExecute(DataSourceScanExec.scala:575)
	at org.apache.spark.sql.execution.SparkPlan.$anonfun$execute$1(SparkPlan.scala:195)
	at org.apache.spark.sql.execution.SparkPlan.$anonfun$executeQuery$1(SparkPlan.scala:246)
	at org.apache.spark.rdd.RDDOperationScope$.withScope(RDDOperationScope.scala:151)
	at org.apache.spark.sql.execution.SparkPlan.executeQuery(SparkPlan.scala:243)
	at org.apache.spark.sql.execution.SparkPlan.execute(SparkPlan.scala:191)
	at org.apache.spark.sql.execution.QueryExecution.toRdd$lzycompute(QueryExecution.scala:207)
	at org.apache.spark.sql.execution.QueryExecution.toRdd(QueryExecution.scala:206)
	at org.apache.spark.sql.execution.datasources.json.TextInputJsonDataSource$.inferFromDataset(JsonDataSource.scala:103)
	at org.apache.spark.sql.execution.datasources.json.TextInputJsonDataSource$.infer(JsonDataSource.scala:98)
	at org.apache.spark.sql.execution.datasources.json.JsonDataSource.inferSchema(JsonDataSource.scala:64)
	at org.apache.spark.sql.execution.datasources.json.JsonFileFormat.inferSchema(JsonFileFormat.scala:59)
	at org.apache.spark.sql.execution.datasources.DataSource.$anonfun$getOrInferFileFormatSchema$11(DataSource.scala:208)
	at scala.Option.orElse(Option.scala:447)
	at org.apache.spark.sql.execution.datasources.DataSource.getOrInferFileFormatSchema(DataSource.scala:205)
	at org.apache.spark.sql.execution.datasources.DataSource.resolveRelation(DataSource.scala:407)
	at org.apache.spark.sql.DataFrameReader.loadV1Source(DataFrameReader.scala:229)
	at org.apache.spark.sql.DataFrameReader.$anonfun$load$2(DataFrameReader.scala:211)
	at scala.Option.getOrElse(Option.scala:189)
	at org.apache.spark.sql.DataFrameReader.load(DataFrameReader.scala:211)
	at org.apache.spark.sql.DataFrameReader.json(DataFrameReader.scala:362)
	at java.base/jdk.internal.reflect.NativeMethodAccessorImpl.invoke0(Native Method)
	at java.base/jdk.internal.reflect.NativeMethodAccessorImpl.invoke(NativeMethodAccessorImpl.java:77)
	at java.base/jdk.internal.reflect.DelegatingMethodAccessorImpl.invoke(DelegatingMethodAccessorImpl.java:43)
	at java.base/java.lang.reflect.Method.invoke(Method.java:569)
	at py4j.reflection.MethodInvoker.invoke(MethodInvoker.java:244)
	at py4j.reflection.ReflectionEngine.invoke(ReflectionEngine.java:374)
	at py4j.Gateway.invoke(Gateway.java:282)
	at py4j.commands.AbstractCommand.invokeMethod(AbstractCommand.java:132)
	at py4j.commands.CallCommand.execute(CallCommand.java:79)
	at py4j.ClientServerConnection.waitForCommands(ClientServerConnection.java:182)
	at py4j.ClientServerConnection.run(ClientServerConnection.java:106)
	at java.base/java.lang.Thread.run(Thread.java:840)
; 184)
[2025-10-18T10:33:01.342+0000] {local_task_job_runner.py:240} INFO - Task exited with return code 1
[2025-10-18T10:33:01.379+0000] {taskinstance.py:3482} INFO - 0 downstream tasks scheduled from follow-on schedule check
[2025-10-18T10:33:01.381+0000] {local_task_job_runner.py:222} INFO - ::endgroup::
