[2025-10-19T14:54:31.127+0000] {local_task_job_runner.py:120} INFO - ::group::Pre task execution logs
[2025-10-19T14:54:31.181+0000] {taskinstance.py:2073} INFO - Dependencies all met for dep_context=non-requeueable deps ti=<TaskInstance: wiki_trending_pipeline.check_spark_cluster manual__2025-10-19T14:54:28.659389+00:00 [queued]>
[2025-10-19T14:54:31.195+0000] {taskinstance.py:2073} INFO - Dependencies all met for dep_context=requeueable deps ti=<TaskInstance: wiki_trending_pipeline.check_spark_cluster manual__2025-10-19T14:54:28.659389+00:00 [queued]>
[2025-10-19T14:54:31.196+0000] {taskinstance.py:2303} INFO - Starting attempt 1 of 3
[2025-10-19T14:54:31.215+0000] {taskinstance.py:2327} INFO - Executing <Task(PythonOperator): check_spark_cluster> on 2025-10-19 14:54:28.659389+00:00
[2025-10-19T14:54:31.230+0000] {standard_task_runner.py:63} INFO - Started process 539 to run task
[2025-10-19T14:54:31.236+0000] {standard_task_runner.py:90} INFO - Running: ['***', 'tasks', 'run', 'wiki_trending_pipeline', 'check_spark_cluster', 'manual__2025-10-19T14:54:28.659389+00:00', '--job-id', '50', '--raw', '--subdir', 'DAGS_FOLDER/wiki_top_pages_dag.py', '--cfg-path', '/tmp/tmppkmhflhi']
[2025-10-19T14:54:31.239+0000] {standard_task_runner.py:91} INFO - Job 50: Subtask check_spark_cluster
[2025-10-19T14:54:31.323+0000] {task_command.py:426} INFO - Running <TaskInstance: wiki_trending_pipeline.check_spark_cluster manual__2025-10-19T14:54:28.659389+00:00 [running]> on host 6045c73eb554
[2025-10-19T14:54:31.471+0000] {taskinstance.py:2644} INFO - Exporting env vars: AIRFLOW_CTX_DAG_OWNER='data-engineering' AIRFLOW_CTX_DAG_ID='wiki_trending_pipeline' AIRFLOW_CTX_TASK_ID='check_spark_cluster' AIRFLOW_CTX_EXECUTION_DATE='2025-10-19T14:54:28.659389+00:00' AIRFLOW_CTX_TRY_NUMBER='1' AIRFLOW_CTX_DAG_RUN_ID='manual__2025-10-19T14:54:28.659389+00:00'
[2025-10-19T14:54:31.472+0000] {taskinstance.py:430} INFO - ::endgroup::
[2025-10-19T14:54:31.487+0000] {logging_mixin.py:188} INFO - 🔍 Checking Spark cluster connectivity...
[2025-10-19T14:54:31.487+0000] {logging_mixin.py:188} INFO - Attempt 1/5 - Connecting to Spark cluster...
[2025-10-19T14:54:39.676+0000] {logging_mixin.py:188} INFO - Running test computation...
[2025-10-19T14:54:47.022+0000] {logging_mixin.py:188} INFO - ✅ Spark cluster is healthy!
[2025-10-19T14:54:47.024+0000] {logging_mixin.py:188} INFO -    • Spark Version: 3.5.1
[2025-10-19T14:54:47.024+0000] {logging_mixin.py:188} INFO -    • Master: spark://spark-master:7077
[2025-10-19T14:54:47.026+0000] {logging_mixin.py:188} INFO -    • Application ID: app-20251019145437-0001
[2025-10-19T14:54:47.027+0000] {logging_mixin.py:188} INFO -    • Test Result: Sum(1-5) = 15
[2025-10-19T14:54:47.998+0000] {python.py:237} INFO - Done. Returned value was: Spark cluster is ready
[2025-10-19T14:54:47.998+0000] {taskinstance.py:441} INFO - ::group::Post task execution logs
[2025-10-19T14:54:48.070+0000] {taskinstance.py:1205} INFO - Marking task as SUCCESS. dag_id=wiki_trending_pipeline, task_id=check_spark_cluster, execution_date=20251019T145428, start_date=20251019T145431, end_date=20251019T145448
[2025-10-19T14:54:48.139+0000] {local_task_job_runner.py:240} INFO - Task exited with return code 0
[2025-10-19T14:54:48.183+0000] {taskinstance.py:3482} INFO - 1 downstream tasks scheduled from follow-on schedule check
[2025-10-19T14:54:48.184+0000] {local_task_job_runner.py:222} INFO - ::endgroup::
