[2025-10-19T15:42:24.421+0000] {local_task_job_runner.py:120} INFO - ::group::Pre task execution logs
[2025-10-19T15:42:24.579+0000] {taskinstance.py:2073} INFO - Dependencies all met for dep_context=non-requeueable deps ti=<TaskInstance: wiki_trending_pipeline.fetch_top_pages manual__2025-10-19T15:42:22.754245+00:00 [queued]>
[2025-10-19T15:42:24.603+0000] {taskinstance.py:2073} INFO - Dependencies all met for dep_context=requeueable deps ti=<TaskInstance: wiki_trending_pipeline.fetch_top_pages manual__2025-10-19T15:42:22.754245+00:00 [queued]>
[2025-10-19T15:42:24.604+0000] {taskinstance.py:2303} INFO - Starting attempt 1 of 3
[2025-10-19T15:42:24.686+0000] {taskinstance.py:2327} INFO - Executing <Task(PythonOperator): fetch_top_pages> on 2025-10-19 15:42:22.754245+00:00
[2025-10-19T15:42:24.701+0000] {standard_task_runner.py:63} INFO - Started process 1859 to run task
[2025-10-19T15:42:24.708+0000] {standard_task_runner.py:90} INFO - Running: ['***', 'tasks', 'run', 'wiki_trending_pipeline', 'fetch_top_pages', 'manual__2025-10-19T15:42:22.754245+00:00', '--job-id', '72', '--raw', '--subdir', 'DAGS_FOLDER/wiki_top_pages_dag.py', '--cfg-path', '/tmp/tmpoi7cp0fb']
[2025-10-19T15:42:24.713+0000] {standard_task_runner.py:91} INFO - Job 72: Subtask fetch_top_pages
[2025-10-19T15:42:24.829+0000] {task_command.py:426} INFO - Running <TaskInstance: wiki_trending_pipeline.fetch_top_pages manual__2025-10-19T15:42:22.754245+00:00 [running]> on host 6045c73eb554
[2025-10-19T15:42:25.023+0000] {taskinstance.py:2644} INFO - Exporting env vars: AIRFLOW_CTX_DAG_OWNER='data-engineering' AIRFLOW_CTX_DAG_ID='wiki_trending_pipeline' AIRFLOW_CTX_TASK_ID='fetch_top_pages' AIRFLOW_CTX_EXECUTION_DATE='2025-10-19T15:42:22.754245+00:00' AIRFLOW_CTX_TRY_NUMBER='1' AIRFLOW_CTX_DAG_RUN_ID='manual__2025-10-19T15:42:22.754245+00:00'
[2025-10-19T15:42:25.025+0000] {taskinstance.py:430} INFO - ::endgroup::
[2025-10-19T15:42:25.050+0000] {logging_mixin.py:188} INFO - 📥 Fetching Wikipedia data for 2025/10/18
[2025-10-19T15:42:25.481+0000] {logging_mixin.py:188} INFO - ✓ Fetched 1 items from API
[2025-10-19T15:42:25.519+0000] {logging_mixin.py:188} INFO - ✓ Converted to DataFrame with 1000 records
[2025-10-19T15:42:26.797+0000] {logging_mixin.py:188} INFO - ✓ Bucket 'bronze' exists
[2025-10-19T15:42:26.836+0000] {logging_mixin.py:188} INFO - ✅ Uploaded to MinIO: s3://bronze/top_pages_2025_10_18.csv
[2025-10-19T15:42:26.840+0000] {python.py:237} INFO - Done. Returned value was: top_pages_2025_10_18.csv
[2025-10-19T15:42:26.841+0000] {taskinstance.py:441} INFO - ::group::Post task execution logs
[2025-10-19T15:42:26.897+0000] {taskinstance.py:1205} INFO - Marking task as SUCCESS. dag_id=wiki_trending_pipeline, task_id=fetch_top_pages, execution_date=20251019T154222, start_date=20251019T154224, end_date=20251019T154226
[2025-10-19T15:42:26.967+0000] {local_task_job_runner.py:240} INFO - Task exited with return code 0
[2025-10-19T15:42:27.016+0000] {taskinstance.py:3482} INFO - 0 downstream tasks scheduled from follow-on schedule check
[2025-10-19T15:42:27.018+0000] {local_task_job_runner.py:222} INFO - ::endgroup::
