[2025-10-18T09:54:57.752+0000] {local_task_job_runner.py:120} INFO - ::group::Pre task execution logs
[2025-10-18T09:54:57.811+0000] {taskinstance.py:2073} INFO - Dependencies all met for dep_context=non-requeueable deps ti=<TaskInstance: wiki_trending_pipeline.upload_bronze manual__2025-10-18T09:49:51.845181+00:00 [queued]>
[2025-10-18T09:54:57.823+0000] {taskinstance.py:2073} INFO - Dependencies all met for dep_context=requeueable deps ti=<TaskInstance: wiki_trending_pipeline.upload_bronze manual__2025-10-18T09:49:51.845181+00:00 [queued]>
[2025-10-18T09:54:57.824+0000] {taskinstance.py:2303} INFO - Starting attempt 2 of 2
[2025-10-18T09:54:57.841+0000] {taskinstance.py:2327} INFO - Executing <Task(PythonOperator): upload_bronze> on 2025-10-18 09:49:51.845181+00:00
[2025-10-18T09:54:57.856+0000] {logging_mixin.py:188} WARNING - /home/***/.local/lib/python3.12/site-packages/***/task/task_runner/standard_task_runner.py:61 DeprecationWarning: This process (pid=184) is multi-threaded, use of fork() may lead to deadlocks in the child.
[2025-10-18T09:54:57.858+0000] {standard_task_runner.py:63} INFO - Started process 187 to run task
[2025-10-18T09:54:57.858+0000] {standard_task_runner.py:90} INFO - Running: ['***', 'tasks', 'run', 'wiki_trending_pipeline', 'upload_bronze', 'manual__2025-10-18T09:49:51.845181+00:00', '--job-id', '5', '--raw', '--subdir', 'DAGS_FOLDER/wiki_dag/wiki_top_pages_dag.py', '--cfg-path', '/tmp/tmpqps0yopr']
[2025-10-18T09:54:57.861+0000] {standard_task_runner.py:91} INFO - Job 5: Subtask upload_bronze
[2025-10-18T09:54:57.883+0000] {logging_mixin.py:188} WARNING - /home/***/.local/lib/python3.12/site-packages/***/settings.py:195 DeprecationWarning: The sql_alchemy_conn option in [core] has been moved to the sql_alchemy_conn option in [database] - the old setting has been used, but please update your config.
[2025-10-18T09:54:57.939+0000] {task_command.py:426} INFO - Running <TaskInstance: wiki_trending_pipeline.upload_bronze manual__2025-10-18T09:49:51.845181+00:00 [running]> on host 6ab8c125868b
[2025-10-18T09:54:58.069+0000] {taskinstance.py:2644} INFO - Exporting env vars: AIRFLOW_CTX_DAG_OWNER='***' AIRFLOW_CTX_DAG_ID='wiki_trending_pipeline' AIRFLOW_CTX_TASK_ID='upload_bronze' AIRFLOW_CTX_EXECUTION_DATE='2025-10-18T09:49:51.845181+00:00' AIRFLOW_CTX_TRY_NUMBER='2' AIRFLOW_CTX_DAG_RUN_ID='manual__2025-10-18T09:49:51.845181+00:00'
[2025-10-18T09:54:58.072+0000] {taskinstance.py:430} INFO - ::endgroup::
[2025-10-18T09:54:58.144+0000] {logging_mixin.py:188} INFO - Created new bucket: bronze
[2025-10-18T09:54:58.154+0000] {logging_mixin.py:188} INFO - ✅ Uploaded top_pages_2025_10_17.json to bucket 'bronze'
[2025-10-18T09:54:58.155+0000] {python.py:237} INFO - Done. Returned value was: s3://bronze/top_pages_2025_10_17.json
[2025-10-18T09:54:58.155+0000] {taskinstance.py:441} INFO - ::group::Post task execution logs
[2025-10-18T09:54:58.189+0000] {taskinstance.py:1205} INFO - Marking task as SUCCESS. dag_id=wiki_trending_pipeline, task_id=upload_bronze, execution_date=20251018T094951, start_date=20251018T095457, end_date=20251018T095458
[2025-10-18T09:54:58.235+0000] {local_task_job_runner.py:240} INFO - Task exited with return code 0
[2025-10-18T09:54:58.292+0000] {taskinstance.py:3482} INFO - 1 downstream tasks scheduled from follow-on schedule check
[2025-10-18T09:54:58.294+0000] {local_task_job_runner.py:222} INFO - ::endgroup::
