[2025-10-18T14:04:52.282+0000] {local_task_job_runner.py:120} INFO - ::group::Pre task execution logs
[2025-10-18T14:04:52.364+0000] {taskinstance.py:2073} INFO - Dependencies all met for dep_context=non-requeueable deps ti=<TaskInstance: wiki_trending_pipeline.fetch_top_pages manual__2025-10-18T14:04:50.327561+00:00 [queued]>
[2025-10-18T14:04:52.388+0000] {taskinstance.py:2073} INFO - Dependencies all met for dep_context=requeueable deps ti=<TaskInstance: wiki_trending_pipeline.fetch_top_pages manual__2025-10-18T14:04:50.327561+00:00 [queued]>
[2025-10-18T14:04:52.389+0000] {taskinstance.py:2303} INFO - Starting attempt 1 of 3
[2025-10-18T14:04:52.461+0000] {taskinstance.py:2327} INFO - Executing <Task(PythonOperator): fetch_top_pages> on 2025-10-18 14:04:50.327561+00:00
[2025-10-18T14:04:52.497+0000] {standard_task_runner.py:63} INFO - Started process 182 to run task
[2025-10-18T14:04:52.510+0000] {standard_task_runner.py:90} INFO - Running: ['***', 'tasks', 'run', 'wiki_trending_pipeline', 'fetch_top_pages', 'manual__2025-10-18T14:04:50.327561+00:00', '--job-id', '17', '--raw', '--subdir', 'DAGS_FOLDER/wiki_dag/wiki_top_pages_dag.py', '--cfg-path', '/tmp/tmpfh_itfha']
[2025-10-18T14:04:52.516+0000] {standard_task_runner.py:91} INFO - Job 17: Subtask fetch_top_pages
[2025-10-18T14:04:52.681+0000] {task_command.py:426} INFO - Running <TaskInstance: wiki_trending_pipeline.fetch_top_pages manual__2025-10-18T14:04:50.327561+00:00 [running]> on host 2e1e6784598a
[2025-10-18T14:04:52.941+0000] {taskinstance.py:2644} INFO - Exporting env vars: AIRFLOW_CTX_DAG_OWNER='***' AIRFLOW_CTX_DAG_ID='wiki_trending_pipeline' AIRFLOW_CTX_TASK_ID='fetch_top_pages' AIRFLOW_CTX_EXECUTION_DATE='2025-10-18T14:04:50.327561+00:00' AIRFLOW_CTX_TRY_NUMBER='1' AIRFLOW_CTX_DAG_RUN_ID='manual__2025-10-18T14:04:50.327561+00:00'
[2025-10-18T14:04:52.946+0000] {taskinstance.py:430} INFO - ::endgroup::
[2025-10-18T14:04:53.012+0000] {logging_mixin.py:188} INFO - 📥 Fetching Wikipedia data for 2025/10/17
[2025-10-18T14:04:53.461+0000] {logging_mixin.py:188} INFO - ✓ Fetched 1 items from API
[2025-10-18T14:04:53.831+0000] {logging_mixin.py:188} INFO - ✓ Bucket 'bronze' exists
[2025-10-18T14:04:53.883+0000] {logging_mixin.py:188} INFO - ✅ Uploaded to MinIO: s3://bronze/top_pages_2025_10_17.json
[2025-10-18T14:04:53.897+0000] {python.py:237} INFO - Done. Returned value was: top_pages_2025_10_17.json
[2025-10-18T14:04:53.898+0000] {taskinstance.py:441} INFO - ::group::Post task execution logs
[2025-10-18T14:04:53.982+0000] {taskinstance.py:1205} INFO - Marking task as SUCCESS. dag_id=wiki_trending_pipeline, task_id=fetch_top_pages, execution_date=20251018T140450, start_date=20251018T140452, end_date=20251018T140453
[2025-10-18T14:04:54.070+0000] {local_task_job_runner.py:240} INFO - Task exited with return code 0
[2025-10-18T14:04:54.152+0000] {taskinstance.py:3482} INFO - 1 downstream tasks scheduled from follow-on schedule check
[2025-10-18T14:04:54.154+0000] {local_task_job_runner.py:222} INFO - ::endgroup::
