[2025-10-19T07:08:57.196+0000] {processor.py:161} INFO - Started process (PID=163) to work on /opt/airflow/dags/wiki_dag/wiki_top_pages_dag.py
[2025-10-19T07:08:57.197+0000] {processor.py:830} INFO - Processing file /opt/airflow/dags/wiki_dag/wiki_top_pages_dag.py for tasks to queue
[2025-10-19T07:08:57.200+0000] {logging_mixin.py:188} INFO - [2025-10-19T07:08:57.199+0000] {dagbag.py:540} INFO - Filling up the DagBag from /opt/airflow/dags/wiki_dag/wiki_top_pages_dag.py
[2025-10-19T07:08:57.210+0000] {logging_mixin.py:188} INFO - [2025-10-19T07:08:57.207+0000] {dagbag.py:350} ERROR - Failed to import: /opt/airflow/dags/wiki_dag/wiki_top_pages_dag.py
Traceback (most recent call last):
  File "/home/airflow/.local/lib/python3.11/site-packages/airflow/models/dagbag.py", line 346, in parse
    loader.exec_module(new_module)
  File "<frozen importlib._bootstrap_external>", line 940, in exec_module
  File "<frozen importlib._bootstrap>", line 241, in _call_with_frames_removed
  File "/opt/airflow/dags/wiki_dag/wiki_top_pages_dag.py", line 16, in <module>
    from dags.tasks.categorize_pages import categorize_pages
ModuleNotFoundError: No module named 'dags.tasks'
[2025-10-19T07:08:57.211+0000] {processor.py:842} WARNING - No viable dags retrieved from /opt/airflow/dags/wiki_dag/wiki_top_pages_dag.py
[2025-10-19T07:08:57.245+0000] {processor.py:183} INFO - Processing /opt/airflow/dags/wiki_dag/wiki_top_pages_dag.py took 0.059 seconds
[2025-10-19T07:13:21.719+0000] {processor.py:161} INFO - Started process (PID=163) to work on /opt/airflow/dags/wiki_dag/wiki_top_pages_dag.py
[2025-10-19T07:13:21.720+0000] {processor.py:830} INFO - Processing file /opt/airflow/dags/wiki_dag/wiki_top_pages_dag.py for tasks to queue
[2025-10-19T07:13:21.723+0000] {logging_mixin.py:188} INFO - [2025-10-19T07:13:21.722+0000] {dagbag.py:540} INFO - Filling up the DagBag from /opt/airflow/dags/wiki_dag/wiki_top_pages_dag.py
[2025-10-19T07:13:21.730+0000] {logging_mixin.py:188} INFO - [2025-10-19T07:13:21.727+0000] {dagbag.py:350} ERROR - Failed to import: /opt/airflow/dags/wiki_dag/wiki_top_pages_dag.py
Traceback (most recent call last):
  File "/home/airflow/.local/lib/python3.11/site-packages/airflow/models/dagbag.py", line 346, in parse
    loader.exec_module(new_module)
  File "<frozen importlib._bootstrap_external>", line 940, in exec_module
  File "<frozen importlib._bootstrap>", line 241, in _call_with_frames_removed
  File "/opt/airflow/dags/wiki_dag/wiki_top_pages_dag.py", line 16, in <module>
    from dags.tasks.categorize_pages import categorize_pages
ModuleNotFoundError: No module named 'dags.tasks'
[2025-10-19T07:13:21.730+0000] {processor.py:842} WARNING - No viable dags retrieved from /opt/airflow/dags/wiki_dag/wiki_top_pages_dag.py
[2025-10-19T07:13:21.790+0000] {processor.py:183} INFO - Processing /opt/airflow/dags/wiki_dag/wiki_top_pages_dag.py took 0.079 seconds
[2025-10-19T07:13:51.924+0000] {processor.py:161} INFO - Started process (PID=176) to work on /opt/airflow/dags/wiki_dag/wiki_top_pages_dag.py
[2025-10-19T07:13:51.924+0000] {processor.py:830} INFO - Processing file /opt/airflow/dags/wiki_dag/wiki_top_pages_dag.py for tasks to queue
[2025-10-19T07:13:51.927+0000] {logging_mixin.py:188} INFO - [2025-10-19T07:13:51.926+0000] {dagbag.py:540} INFO - Filling up the DagBag from /opt/airflow/dags/wiki_dag/wiki_top_pages_dag.py
[2025-10-19T07:13:51.931+0000] {logging_mixin.py:188} INFO - [2025-10-19T07:13:51.929+0000] {dagbag.py:350} ERROR - Failed to import: /opt/airflow/dags/wiki_dag/wiki_top_pages_dag.py
Traceback (most recent call last):
  File "/home/airflow/.local/lib/python3.11/site-packages/airflow/models/dagbag.py", line 346, in parse
    loader.exec_module(new_module)
  File "<frozen importlib._bootstrap_external>", line 940, in exec_module
  File "<frozen importlib._bootstrap>", line 241, in _call_with_frames_removed
  File "/opt/airflow/dags/wiki_dag/wiki_top_pages_dag.py", line 16, in <module>
    from dags.tasks.categorize_pages import categorize_pages
ModuleNotFoundError: No module named 'dags.tasks'
[2025-10-19T07:13:51.932+0000] {processor.py:842} WARNING - No viable dags retrieved from /opt/airflow/dags/wiki_dag/wiki_top_pages_dag.py
[2025-10-19T07:13:51.968+0000] {processor.py:183} INFO - Processing /opt/airflow/dags/wiki_dag/wiki_top_pages_dag.py took 0.051 seconds
[2025-10-19T07:14:22.111+0000] {processor.py:161} INFO - Started process (PID=188) to work on /opt/airflow/dags/wiki_dag/wiki_top_pages_dag.py
[2025-10-19T07:14:22.112+0000] {processor.py:830} INFO - Processing file /opt/airflow/dags/wiki_dag/wiki_top_pages_dag.py for tasks to queue
[2025-10-19T07:14:22.115+0000] {logging_mixin.py:188} INFO - [2025-10-19T07:14:22.113+0000] {dagbag.py:540} INFO - Filling up the DagBag from /opt/airflow/dags/wiki_dag/wiki_top_pages_dag.py
[2025-10-19T07:14:22.122+0000] {logging_mixin.py:188} INFO - [2025-10-19T07:14:22.121+0000] {dagbag.py:350} ERROR - Failed to import: /opt/airflow/dags/wiki_dag/wiki_top_pages_dag.py
Traceback (most recent call last):
  File "/home/airflow/.local/lib/python3.11/site-packages/airflow/models/dagbag.py", line 346, in parse
    loader.exec_module(new_module)
  File "<frozen importlib._bootstrap_external>", line 940, in exec_module
  File "<frozen importlib._bootstrap>", line 241, in _call_with_frames_removed
  File "/opt/airflow/dags/wiki_dag/wiki_top_pages_dag.py", line 16, in <module>
    from dags.tasks.categorize_pages import categorize_pages
ModuleNotFoundError: No module named 'dags.tasks'
[2025-10-19T07:14:22.123+0000] {processor.py:842} WARNING - No viable dags retrieved from /opt/airflow/dags/wiki_dag/wiki_top_pages_dag.py
[2025-10-19T07:14:22.162+0000] {processor.py:183} INFO - Processing /opt/airflow/dags/wiki_dag/wiki_top_pages_dag.py took 0.057 seconds
[2025-10-19T07:14:52.300+0000] {processor.py:161} INFO - Started process (PID=200) to work on /opt/airflow/dags/wiki_dag/wiki_top_pages_dag.py
[2025-10-19T07:14:52.301+0000] {processor.py:830} INFO - Processing file /opt/airflow/dags/wiki_dag/wiki_top_pages_dag.py for tasks to queue
[2025-10-19T07:14:52.302+0000] {logging_mixin.py:188} INFO - [2025-10-19T07:14:52.301+0000] {dagbag.py:540} INFO - Filling up the DagBag from /opt/airflow/dags/wiki_dag/wiki_top_pages_dag.py
[2025-10-19T07:14:52.305+0000] {logging_mixin.py:188} INFO - [2025-10-19T07:14:52.304+0000] {dagbag.py:350} ERROR - Failed to import: /opt/airflow/dags/wiki_dag/wiki_top_pages_dag.py
Traceback (most recent call last):
  File "/home/airflow/.local/lib/python3.11/site-packages/airflow/models/dagbag.py", line 346, in parse
    loader.exec_module(new_module)
  File "<frozen importlib._bootstrap_external>", line 940, in exec_module
  File "<frozen importlib._bootstrap>", line 241, in _call_with_frames_removed
  File "/opt/airflow/dags/wiki_dag/wiki_top_pages_dag.py", line 16, in <module>
    from dags.tasks.categorize_pages import categorize_pages
ModuleNotFoundError: No module named 'dags.tasks'
[2025-10-19T07:14:52.306+0000] {processor.py:842} WARNING - No viable dags retrieved from /opt/airflow/dags/wiki_dag/wiki_top_pages_dag.py
[2025-10-19T07:14:52.336+0000] {processor.py:183} INFO - Processing /opt/airflow/dags/wiki_dag/wiki_top_pages_dag.py took 0.046 seconds
[2025-10-19T07:15:23.055+0000] {processor.py:161} INFO - Started process (PID=212) to work on /opt/airflow/dags/wiki_dag/wiki_top_pages_dag.py
[2025-10-19T07:15:23.057+0000] {processor.py:830} INFO - Processing file /opt/airflow/dags/wiki_dag/wiki_top_pages_dag.py for tasks to queue
[2025-10-19T07:15:23.059+0000] {logging_mixin.py:188} INFO - [2025-10-19T07:15:23.058+0000] {dagbag.py:540} INFO - Filling up the DagBag from /opt/airflow/dags/wiki_dag/wiki_top_pages_dag.py
[2025-10-19T07:15:23.067+0000] {logging_mixin.py:188} INFO - [2025-10-19T07:15:23.064+0000] {dagbag.py:350} ERROR - Failed to import: /opt/airflow/dags/wiki_dag/wiki_top_pages_dag.py
Traceback (most recent call last):
  File "/home/airflow/.local/lib/python3.11/site-packages/airflow/models/dagbag.py", line 346, in parse
    loader.exec_module(new_module)
  File "<frozen importlib._bootstrap_external>", line 940, in exec_module
  File "<frozen importlib._bootstrap>", line 241, in _call_with_frames_removed
  File "/opt/airflow/dags/wiki_dag/wiki_top_pages_dag.py", line 16, in <module>
    from dags.tasks.categorize_pages import categorize_pages
ModuleNotFoundError: No module named 'dags.tasks'
[2025-10-19T07:15:23.068+0000] {processor.py:842} WARNING - No viable dags retrieved from /opt/airflow/dags/wiki_dag/wiki_top_pages_dag.py
[2025-10-19T07:15:23.118+0000] {processor.py:183} INFO - Processing /opt/airflow/dags/wiki_dag/wiki_top_pages_dag.py took 0.074 seconds
[2025-10-19T07:15:53.224+0000] {processor.py:161} INFO - Started process (PID=217) to work on /opt/airflow/dags/wiki_dag/wiki_top_pages_dag.py
[2025-10-19T07:15:53.224+0000] {processor.py:830} INFO - Processing file /opt/airflow/dags/wiki_dag/wiki_top_pages_dag.py for tasks to queue
[2025-10-19T07:15:53.225+0000] {logging_mixin.py:188} INFO - [2025-10-19T07:15:53.225+0000] {dagbag.py:540} INFO - Filling up the DagBag from /opt/airflow/dags/wiki_dag/wiki_top_pages_dag.py
[2025-10-19T07:15:53.229+0000] {logging_mixin.py:188} INFO - [2025-10-19T07:15:53.227+0000] {dagbag.py:350} ERROR - Failed to import: /opt/airflow/dags/wiki_dag/wiki_top_pages_dag.py
Traceback (most recent call last):
  File "/home/airflow/.local/lib/python3.11/site-packages/airflow/models/dagbag.py", line 346, in parse
    loader.exec_module(new_module)
  File "<frozen importlib._bootstrap_external>", line 940, in exec_module
  File "<frozen importlib._bootstrap>", line 241, in _call_with_frames_removed
  File "/opt/airflow/dags/wiki_dag/wiki_top_pages_dag.py", line 16, in <module>
    from dags.tasks.categorize_pages import categorize_pages
ModuleNotFoundError: No module named 'dags.tasks'
[2025-10-19T07:15:53.229+0000] {processor.py:842} WARNING - No viable dags retrieved from /opt/airflow/dags/wiki_dag/wiki_top_pages_dag.py
[2025-10-19T07:15:53.268+0000] {processor.py:183} INFO - Processing /opt/airflow/dags/wiki_dag/wiki_top_pages_dag.py took 0.051 seconds
