[2025-10-19T12:21:01.147+0000] {local_task_job_runner.py:120} INFO - ::group::Pre task execution logs
[2025-10-19T12:21:01.208+0000] {taskinstance.py:2073} INFO - Dependencies all met for dep_context=non-requeueable deps ti=<TaskInstance: wiki_trending_pipeline.check_spark_cluster scheduled__2025-10-18T00:00:00+00:00 [queued]>
[2025-10-19T12:21:01.223+0000] {taskinstance.py:2073} INFO - Dependencies all met for dep_context=requeueable deps ti=<TaskInstance: wiki_trending_pipeline.check_spark_cluster scheduled__2025-10-18T00:00:00+00:00 [queued]>
[2025-10-19T12:21:01.223+0000] {taskinstance.py:2303} INFO - Starting attempt 1 of 3
[2025-10-19T12:21:01.244+0000] {taskinstance.py:2327} INFO - Executing <Task(PythonOperator): check_spark_cluster> on 2025-10-18 00:00:00+00:00
[2025-10-19T12:21:01.260+0000] {standard_task_runner.py:63} INFO - Started process 196 to run task
[2025-10-19T12:21:01.264+0000] {standard_task_runner.py:90} INFO - Running: ['***', 'tasks', 'run', 'wiki_trending_pipeline', 'check_spark_cluster', 'scheduled__2025-10-18T00:00:00+00:00', '--job-id', '6', '--raw', '--subdir', 'DAGS_FOLDER/wiki_top_pages_dag.py', '--cfg-path', '/tmp/tmp6rehw57_']
[2025-10-19T12:21:01.267+0000] {standard_task_runner.py:91} INFO - Job 6: Subtask check_spark_cluster
[2025-10-19T12:21:01.349+0000] {task_command.py:426} INFO - Running <TaskInstance: wiki_trending_pipeline.check_spark_cluster scheduled__2025-10-18T00:00:00+00:00 [running]> on host 6045c73eb554
[2025-10-19T12:21:01.510+0000] {taskinstance.py:2644} INFO - Exporting env vars: AIRFLOW_CTX_DAG_OWNER='data-engineering' AIRFLOW_CTX_DAG_ID='wiki_trending_pipeline' AIRFLOW_CTX_TASK_ID='check_spark_cluster' AIRFLOW_CTX_EXECUTION_DATE='2025-10-18T00:00:00+00:00' AIRFLOW_CTX_TRY_NUMBER='1' AIRFLOW_CTX_DAG_RUN_ID='scheduled__2025-10-18T00:00:00+00:00'
[2025-10-19T12:21:01.512+0000] {taskinstance.py:430} INFO - ::endgroup::
[2025-10-19T12:21:01.543+0000] {logging_mixin.py:188} INFO - 🔍 Checking Spark cluster connectivity...
[2025-10-19T12:21:01.544+0000] {logging_mixin.py:188} INFO - Attempt 1/5 - Connecting to Spark cluster...
[2025-10-19T12:21:09.447+0000] {logging_mixin.py:188} INFO - Running test computation...
[2025-10-19T12:21:17.658+0000] {logging_mixin.py:188} INFO - ✅ Spark cluster is healthy!
[2025-10-19T12:21:17.665+0000] {logging_mixin.py:188} INFO -    • Spark Version: 3.5.1
[2025-10-19T12:21:17.666+0000] {logging_mixin.py:188} INFO -    • Master: spark://spark-master:7077
[2025-10-19T12:21:17.669+0000] {logging_mixin.py:188} INFO -    • Application ID: app-20251019122107-0000
[2025-10-19T12:21:17.669+0000] {logging_mixin.py:188} INFO -    • Test Result: Sum(1-5) = 15
[2025-10-19T12:21:18.611+0000] {python.py:237} INFO - Done. Returned value was: Spark cluster is ready
[2025-10-19T12:21:18.612+0000] {taskinstance.py:441} INFO - ::group::Post task execution logs
[2025-10-19T12:21:18.717+0000] {taskinstance.py:1205} INFO - Marking task as SUCCESS. dag_id=wiki_trending_pipeline, task_id=check_spark_cluster, execution_date=20251018T000000, start_date=20251019T122101, end_date=20251019T122118
[2025-10-19T12:21:18.825+0000] {local_task_job_runner.py:240} INFO - Task exited with return code 0
[2025-10-19T12:21:18.902+0000] {taskinstance.py:3482} INFO - 1 downstream tasks scheduled from follow-on schedule check
[2025-10-19T12:21:18.905+0000] {local_task_job_runner.py:222} INFO - ::endgroup::
[2025-10-19T18:03:11.018+0000] {local_task_job_runner.py:120} INFO - ::group::Pre task execution logs
[2025-10-19T18:03:11.071+0000] {taskinstance.py:2073} INFO - Dependencies all met for dep_context=non-requeueable deps ti=<TaskInstance: wiki_trending_pipeline.check_spark_cluster scheduled__2025-10-18T00:00:00+00:00 [queued]>
[2025-10-19T18:03:11.084+0000] {taskinstance.py:2073} INFO - Dependencies all met for dep_context=requeueable deps ti=<TaskInstance: wiki_trending_pipeline.check_spark_cluster scheduled__2025-10-18T00:00:00+00:00 [queued]>
[2025-10-19T18:03:11.085+0000] {taskinstance.py:2303} INFO - Starting attempt 1 of 3
[2025-10-19T18:03:11.104+0000] {taskinstance.py:2327} INFO - Executing <Task(PythonOperator): check_spark_cluster> on 2025-10-18 00:00:00+00:00
[2025-10-19T18:03:11.119+0000] {standard_task_runner.py:63} INFO - Started process 187 to run task
[2025-10-19T18:03:11.123+0000] {standard_task_runner.py:90} INFO - Running: ['***', 'tasks', 'run', 'wiki_trending_pipeline', 'check_spark_cluster', 'scheduled__2025-10-18T00:00:00+00:00', '--job-id', '4', '--raw', '--subdir', 'DAGS_FOLDER/wiki_top_pages_dag.py', '--cfg-path', '/tmp/tmp4s7zwfqb']
[2025-10-19T18:03:11.126+0000] {standard_task_runner.py:91} INFO - Job 4: Subtask check_spark_cluster
[2025-10-19T18:03:11.206+0000] {task_command.py:426} INFO - Running <TaskInstance: wiki_trending_pipeline.check_spark_cluster scheduled__2025-10-18T00:00:00+00:00 [running]> on host fd86742dd253
[2025-10-19T18:03:11.723+0000] {taskinstance.py:2644} INFO - Exporting env vars: AIRFLOW_CTX_DAG_OWNER='data-engineering' AIRFLOW_CTX_DAG_ID='wiki_trending_pipeline' AIRFLOW_CTX_TASK_ID='check_spark_cluster' AIRFLOW_CTX_EXECUTION_DATE='2025-10-18T00:00:00+00:00' AIRFLOW_CTX_TRY_NUMBER='1' AIRFLOW_CTX_DAG_RUN_ID='scheduled__2025-10-18T00:00:00+00:00'
[2025-10-19T18:03:11.723+0000] {taskinstance.py:430} INFO - ::endgroup::
[2025-10-19T18:03:11.744+0000] {logging_mixin.py:188} INFO - 🔍 Checking Spark cluster connectivity...
[2025-10-19T18:03:11.744+0000] {logging_mixin.py:188} INFO - Attempt 1/5 - Connecting to Spark cluster...
[2025-10-19T18:03:17.698+0000] {logging_mixin.py:188} INFO - Running test computation...
[2025-10-19T18:03:27.484+0000] {logging_mixin.py:188} INFO - ✅ Spark cluster is healthy!
[2025-10-19T18:03:27.500+0000] {logging_mixin.py:188} INFO -    • Spark Version: 3.5.1
[2025-10-19T18:03:27.502+0000] {logging_mixin.py:188} INFO -    • Master: spark://spark-master:7077
[2025-10-19T18:03:27.504+0000] {logging_mixin.py:188} INFO -    • Application ID: app-20251019180316-0000
[2025-10-19T18:03:27.505+0000] {logging_mixin.py:188} INFO -    • Test Result: Sum(1-5) = 15
[2025-10-19T18:03:28.414+0000] {python.py:237} INFO - Done. Returned value was: Spark cluster is ready
[2025-10-19T18:03:28.417+0000] {taskinstance.py:441} INFO - ::group::Post task execution logs
[2025-10-19T18:03:28.667+0000] {taskinstance.py:1205} INFO - Marking task as SUCCESS. dag_id=wiki_trending_pipeline, task_id=check_spark_cluster, execution_date=20251018T000000, start_date=20251019T180311, end_date=20251019T180328
[2025-10-19T18:03:28.834+0000] {local_task_job_runner.py:240} INFO - Task exited with return code 0
[2025-10-19T18:03:29.049+0000] {taskinstance.py:3482} INFO - 1 downstream tasks scheduled from follow-on schedule check
[2025-10-19T18:03:29.052+0000] {local_task_job_runner.py:222} INFO - ::endgroup::
