[2025-10-18T13:40:02.865+0000] {local_task_job_runner.py:120} INFO - ::group::Pre task execution logs
[2025-10-18T13:40:02.912+0000] {taskinstance.py:2073} INFO - Dependencies all met for dep_context=non-requeueable deps ti=<TaskInstance: wiki_trending_pipeline.clean_top_pages scheduled__2025-10-17T00:00:00+00:00 [queued]>
[2025-10-18T13:40:02.926+0000] {taskinstance.py:2073} INFO - Dependencies all met for dep_context=requeueable deps ti=<TaskInstance: wiki_trending_pipeline.clean_top_pages scheduled__2025-10-17T00:00:00+00:00 [queued]>
[2025-10-18T13:40:02.927+0000] {taskinstance.py:2303} INFO - Starting attempt 2 of 3
[2025-10-18T13:40:02.946+0000] {taskinstance.py:2327} INFO - Executing <Task(PythonOperator): clean_top_pages> on 2025-10-17 00:00:00+00:00
[2025-10-18T13:40:02.960+0000] {standard_task_runner.py:63} INFO - Started process 653 to run task
[2025-10-18T13:40:02.964+0000] {standard_task_runner.py:90} INFO - Running: ['***', 'tasks', 'run', 'wiki_trending_pipeline', 'clean_top_pages', 'scheduled__2025-10-17T00:00:00+00:00', '--job-id', '7', '--raw', '--subdir', 'DAGS_FOLDER/wiki_dag/wiki_top_pages_dag.py', '--cfg-path', '/tmp/tmpdw6x8z4p']
[2025-10-18T13:40:02.967+0000] {standard_task_runner.py:91} INFO - Job 7: Subtask clean_top_pages
[2025-10-18T13:40:03.058+0000] {task_command.py:426} INFO - Running <TaskInstance: wiki_trending_pipeline.clean_top_pages scheduled__2025-10-17T00:00:00+00:00 [running]> on host 43c98df84003
[2025-10-18T13:40:03.223+0000] {taskinstance.py:2644} INFO - Exporting env vars: AIRFLOW_CTX_DAG_OWNER='***' AIRFLOW_CTX_DAG_ID='wiki_trending_pipeline' AIRFLOW_CTX_TASK_ID='clean_top_pages' AIRFLOW_CTX_EXECUTION_DATE='2025-10-17T00:00:00+00:00' AIRFLOW_CTX_TRY_NUMBER='2' AIRFLOW_CTX_DAG_RUN_ID='scheduled__2025-10-17T00:00:00+00:00'
[2025-10-18T13:40:03.224+0000] {taskinstance.py:430} INFO - ::endgroup::
[2025-10-18T13:40:03.876+0000] {logging_mixin.py:188} INFO - 📊 Processing file: top_pages_2025_10_17.json
[2025-10-18T13:40:04.093+0000] {logging_mixin.py:188} INFO - ✓ Bucket 'silver' exists
[2025-10-18T13:40:06.582+0000] {local_task_job_runner.py:124} ERROR - Received SIGTERM. Terminating subprocesses
[2025-10-18T13:40:06.604+0000] {process_utils.py:132} INFO - Sending 15 to group 653. PIDs of all processes in the group: [694, 653]
[2025-10-18T13:40:06.605+0000] {process_utils.py:87} INFO - Sending the signal 15 to group 653
[2025-10-18T13:40:06.610+0000] {taskinstance.py:2607} ERROR - Received SIGTERM. Terminating subprocesses.
[2025-10-18T13:40:06.612+0000] {taskinstance.py:441} INFO - ::group::Post task execution logs
[2025-10-18T13:40:06.697+0000] {taskinstance.py:2890} ERROR - Task failed with exception
Traceback (most recent call last):
  File "/home/airflow/.local/lib/python3.11/site-packages/airflow/models/taskinstance.py", line 465, in _execute_task
    result = _execute_callable(context=context, **execute_callable_kwargs)
             ^^^^^^^^^^^^^^^^^^^^^^^^^^^^^^^^^^^^^^^^^^^^^^^^^^^^^^^^^^^^^
  File "/home/airflow/.local/lib/python3.11/site-packages/airflow/models/taskinstance.py", line 432, in _execute_callable
    return execute_callable(context=context, **execute_callable_kwargs)
           ^^^^^^^^^^^^^^^^^^^^^^^^^^^^^^^^^^^^^^^^^^^^^^^^^^^^^^^^^^^^
  File "/home/airflow/.local/lib/python3.11/site-packages/airflow/models/baseoperator.py", line 400, in wrapper
    return func(self, *args, **kwargs)
           ^^^^^^^^^^^^^^^^^^^^^^^^^^^
  File "/home/airflow/.local/lib/python3.11/site-packages/airflow/operators/python.py", line 235, in execute
    return_value = self.execute_callable()
                   ^^^^^^^^^^^^^^^^^^^^^^^
  File "/home/airflow/.local/lib/python3.11/site-packages/airflow/operators/python.py", line 252, in execute_callable
    return self.python_callable(*self.op_args, **self.op_kwargs)
           ^^^^^^^^^^^^^^^^^^^^^^^^^^^^^^^^^^^^^^^^^^^^^^^^^^^^^
  File "/opt/airflow/dags/wiki_dag/wiki_top_pages_dag.py", line 173, in clean_top_pages
    .getOrCreate()
     ^^^^^^^^^^^^^
  File "/opt/spark/python/pyspark/sql/session.py", line 497, in getOrCreate
    sc = SparkContext.getOrCreate(sparkConf)
         ^^^^^^^^^^^^^^^^^^^^^^^^^^^^^^^^^^^
  File "/opt/spark/python/pyspark/context.py", line 515, in getOrCreate
    SparkContext(conf=conf or SparkConf())
  File "/opt/spark/python/pyspark/context.py", line 201, in __init__
    SparkContext._ensure_initialized(self, gateway=gateway, conf=conf)
  File "/opt/spark/python/pyspark/context.py", line 436, in _ensure_initialized
    SparkContext._gateway = gateway or launch_gateway(conf)
                                       ^^^^^^^^^^^^^^^^^^^^
  File "/opt/spark/python/pyspark/java_gateway.py", line 104, in launch_gateway
    time.sleep(0.1)
  File "/home/airflow/.local/lib/python3.11/site-packages/airflow/models/taskinstance.py", line 2609, in signal_handler
    raise AirflowTaskTerminated("Task received SIGTERM signal")
airflow.exceptions.AirflowTaskTerminated: Task received SIGTERM signal
[2025-10-18T13:40:06.729+0000] {taskinstance.py:1205} INFO - Marking task as UP_FOR_RETRY. dag_id=wiki_trending_pipeline, task_id=clean_top_pages, execution_date=20251017T000000, start_date=20251018T134002, end_date=20251018T134006
[2025-10-18T13:40:06.811+0000] {process_utils.py:80} INFO - Process psutil.Process(pid=653, status='terminated', exitcode=2, started='13:40:02') (653) terminated with exit code 2
[2025-10-18T13:40:06.813+0000] {process_utils.py:80} INFO - Process psutil.Process(pid=694, status='terminated', started='13:40:03') (694) terminated with exit code None
[2025-10-18T13:40:06.827+0000] {local_task_job_runner.py:240} INFO - Task exited with return code 143
[2025-10-18T13:40:06.953+0000] {taskinstance.py:3482} INFO - 0 downstream tasks scheduled from follow-on schedule check
[2025-10-18T13:40:07.801+0000] {local_task_job_runner.py:222} INFO - ::endgroup::
