[2025-10-18T17:05:42.265+0000] {local_task_job_runner.py:120} INFO - ::group::Pre task execution logs
[2025-10-18T17:05:42.344+0000] {taskinstance.py:2073} INFO - Dependencies all met for dep_context=non-requeueable deps ti=<TaskInstance: wiki_trending_pipeline.check_spark_cluster manual__2025-10-18T14:04:50.327561+00:00 [queued]>
[2025-10-18T17:05:42.363+0000] {taskinstance.py:2073} INFO - Dependencies all met for dep_context=requeueable deps ti=<TaskInstance: wiki_trending_pipeline.check_spark_cluster manual__2025-10-18T14:04:50.327561+00:00 [queued]>
[2025-10-18T17:05:42.364+0000] {taskinstance.py:2303} INFO - Starting attempt 1 of 3
[2025-10-18T17:05:42.391+0000] {taskinstance.py:2327} INFO - Executing <Task(PythonOperator): check_spark_cluster> on 2025-10-18 14:04:50.327561+00:00
[2025-10-18T17:05:42.407+0000] {standard_task_runner.py:63} INFO - Started process 177 to run task
[2025-10-18T17:05:42.412+0000] {standard_task_runner.py:90} INFO - Running: ['***', 'tasks', 'run', 'wiki_trending_pipeline', 'check_spark_cluster', 'manual__2025-10-18T14:04:50.327561+00:00', '--job-id', '20', '--raw', '--subdir', 'DAGS_FOLDER/wiki_dag/wiki_top_pages_dag.py', '--cfg-path', '/tmp/tmp9toqgovq']
[2025-10-18T17:05:42.416+0000] {standard_task_runner.py:91} INFO - Job 20: Subtask check_spark_cluster
[2025-10-18T17:05:42.544+0000] {task_command.py:426} INFO - Running <TaskInstance: wiki_trending_pipeline.check_spark_cluster manual__2025-10-18T14:04:50.327561+00:00 [running]> on host 68d884e677a4
[2025-10-18T17:05:42.843+0000] {taskinstance.py:2644} INFO - Exporting env vars: AIRFLOW_CTX_DAG_OWNER='***' AIRFLOW_CTX_DAG_ID='wiki_trending_pipeline' AIRFLOW_CTX_TASK_ID='check_spark_cluster' AIRFLOW_CTX_EXECUTION_DATE='2025-10-18T14:04:50.327561+00:00' AIRFLOW_CTX_TRY_NUMBER='1' AIRFLOW_CTX_DAG_RUN_ID='manual__2025-10-18T14:04:50.327561+00:00'
[2025-10-18T17:05:42.845+0000] {taskinstance.py:430} INFO - ::endgroup::
[2025-10-18T17:05:43.815+0000] {logging_mixin.py:188} INFO - 🔍 Testing Spark in local mode...
[2025-10-18T17:06:10.356+0000] {logging_mixin.py:188} INFO - ✅ Spark (local mode) is working!
[2025-10-18T17:06:10.364+0000] {logging_mixin.py:188} INFO -    • Spark Version: 3.5.1
[2025-10-18T17:06:10.364+0000] {logging_mixin.py:188} INFO -    • Master: local[*]
[2025-10-18T17:06:10.365+0000] {logging_mixin.py:188} INFO -    • Test Result: Sum(1-5) = 15
[2025-10-18T17:06:12.113+0000] {python.py:237} INFO - Done. Returned value was: Spark local mode is ready
[2025-10-18T17:06:12.117+0000] {taskinstance.py:441} INFO - ::group::Post task execution logs
[2025-10-18T17:06:12.247+0000] {taskinstance.py:1205} INFO - Marking task as SUCCESS. dag_id=wiki_trending_pipeline, task_id=check_spark_cluster, execution_date=20251018T140450, start_date=20251018T170542, end_date=20251018T170612
[2025-10-18T17:06:12.350+0000] {local_task_job_runner.py:240} INFO - Task exited with return code 0
[2025-10-18T17:06:12.430+0000] {taskinstance.py:3482} INFO - 0 downstream tasks scheduled from follow-on schedule check
[2025-10-18T17:06:12.442+0000] {local_task_job_runner.py:222} INFO - ::endgroup::
