[2025-10-18T17:22:00.126+0000] {local_task_job_runner.py:120} INFO - ::group::Pre task execution logs
[2025-10-18T17:22:00.189+0000] {taskinstance.py:2073} INFO - Dependencies all met for dep_context=non-requeueable deps ti=<TaskInstance: wiki_trending_pipeline.fetch_top_pages manual__2025-10-18T17:21:37.207533+00:00 [queued]>
[2025-10-18T17:22:00.201+0000] {taskinstance.py:2073} INFO - Dependencies all met for dep_context=requeueable deps ti=<TaskInstance: wiki_trending_pipeline.fetch_top_pages manual__2025-10-18T17:21:37.207533+00:00 [queued]>
[2025-10-18T17:22:00.201+0000] {taskinstance.py:2303} INFO - Starting attempt 1 of 3
[2025-10-18T17:22:00.218+0000] {taskinstance.py:2327} INFO - Executing <Task(PythonOperator): fetch_top_pages> on 2025-10-18 17:21:37.207533+00:00
[2025-10-18T17:22:00.229+0000] {standard_task_runner.py:63} INFO - Started process 343 to run task
[2025-10-18T17:22:00.235+0000] {standard_task_runner.py:90} INFO - Running: ['***', 'tasks', 'run', 'wiki_trending_pipeline', 'fetch_top_pages', 'manual__2025-10-18T17:21:37.207533+00:00', '--job-id', '29', '--raw', '--subdir', 'DAGS_FOLDER/wiki_dag/wiki_top_pages_dag.py', '--cfg-path', '/tmp/tmpx64snxzo']
[2025-10-18T17:22:00.238+0000] {standard_task_runner.py:91} INFO - Job 29: Subtask fetch_top_pages
[2025-10-18T17:22:00.321+0000] {task_command.py:426} INFO - Running <TaskInstance: wiki_trending_pipeline.fetch_top_pages manual__2025-10-18T17:21:37.207533+00:00 [running]> on host 0071083d7e69
[2025-10-18T17:22:00.485+0000] {taskinstance.py:2644} INFO - Exporting env vars: AIRFLOW_CTX_DAG_OWNER='***' AIRFLOW_CTX_DAG_ID='wiki_trending_pipeline' AIRFLOW_CTX_TASK_ID='fetch_top_pages' AIRFLOW_CTX_EXECUTION_DATE='2025-10-18T17:21:37.207533+00:00' AIRFLOW_CTX_TRY_NUMBER='1' AIRFLOW_CTX_DAG_RUN_ID='manual__2025-10-18T17:21:37.207533+00:00'
[2025-10-18T17:22:00.486+0000] {taskinstance.py:430} INFO - ::endgroup::
[2025-10-18T17:22:01.185+0000] {logging_mixin.py:188} INFO - 📥 Fetching Wikipedia data for 2025/10/17
[2025-10-18T17:22:01.543+0000] {logging_mixin.py:188} INFO - ✓ Fetched 1 items from API
[2025-10-18T17:22:01.551+0000] {logging_mixin.py:188} INFO - ✓ Converted to DataFrame with 1000 records
[2025-10-18T17:22:02.144+0000] {logging_mixin.py:188} INFO - ✓ Bucket 'bronze' exists
[2025-10-18T17:22:02.191+0000] {logging_mixin.py:188} INFO - ✅ Uploaded to MinIO: s3://bronze/top_pages_2025_10_17.csv
[2025-10-18T17:22:02.193+0000] {python.py:237} INFO - Done. Returned value was: top_pages_2025_10_17.csv
[2025-10-18T17:22:02.194+0000] {taskinstance.py:441} INFO - ::group::Post task execution logs
[2025-10-18T17:22:02.239+0000] {taskinstance.py:1205} INFO - Marking task as SUCCESS. dag_id=wiki_trending_pipeline, task_id=fetch_top_pages, execution_date=20251018T172137, start_date=20251018T172200, end_date=20251018T172202
[2025-10-18T17:22:02.291+0000] {local_task_job_runner.py:240} INFO - Task exited with return code 0
[2025-10-18T17:22:02.337+0000] {taskinstance.py:3482} INFO - 1 downstream tasks scheduled from follow-on schedule check
[2025-10-18T17:22:02.338+0000] {local_task_job_runner.py:222} INFO - ::endgroup::
