[2025-10-19T15:38:19.597+0000] {local_task_job_runner.py:120} INFO - ::group::Pre task execution logs
[2025-10-19T15:38:19.737+0000] {taskinstance.py:2073} INFO - Dependencies all met for dep_context=non-requeueable deps ti=<TaskInstance: wiki_trending_pipeline.fetch_top_pages manual__2025-10-19T15:38:17.345526+00:00 [queued]>
[2025-10-19T15:38:19.761+0000] {taskinstance.py:2073} INFO - Dependencies all met for dep_context=requeueable deps ti=<TaskInstance: wiki_trending_pipeline.fetch_top_pages manual__2025-10-19T15:38:17.345526+00:00 [queued]>
[2025-10-19T15:38:19.762+0000] {taskinstance.py:2303} INFO - Starting attempt 1 of 3
[2025-10-19T15:38:19.802+0000] {taskinstance.py:2327} INFO - Executing <Task(PythonOperator): fetch_top_pages> on 2025-10-19 15:38:17.345526+00:00
[2025-10-19T15:38:19.824+0000] {standard_task_runner.py:63} INFO - Started process 1283 to run task
[2025-10-19T15:38:19.830+0000] {standard_task_runner.py:90} INFO - Running: ['***', 'tasks', 'run', 'wiki_trending_pipeline', 'fetch_top_pages', 'manual__2025-10-19T15:38:17.345526+00:00', '--job-id', '68', '--raw', '--subdir', 'DAGS_FOLDER/wiki_top_pages_dag.py', '--cfg-path', '/tmp/tmpy54trd29']
[2025-10-19T15:38:19.834+0000] {standard_task_runner.py:91} INFO - Job 68: Subtask fetch_top_pages
[2025-10-19T15:38:19.984+0000] {task_command.py:426} INFO - Running <TaskInstance: wiki_trending_pipeline.fetch_top_pages manual__2025-10-19T15:38:17.345526+00:00 [running]> on host 6045c73eb554
[2025-10-19T15:38:20.181+0000] {taskinstance.py:2644} INFO - Exporting env vars: AIRFLOW_CTX_DAG_OWNER='data-engineering' AIRFLOW_CTX_DAG_ID='wiki_trending_pipeline' AIRFLOW_CTX_TASK_ID='fetch_top_pages' AIRFLOW_CTX_EXECUTION_DATE='2025-10-19T15:38:17.345526+00:00' AIRFLOW_CTX_TRY_NUMBER='1' AIRFLOW_CTX_DAG_RUN_ID='manual__2025-10-19T15:38:17.345526+00:00'
[2025-10-19T15:38:20.183+0000] {taskinstance.py:430} INFO - ::endgroup::
[2025-10-19T15:38:20.220+0000] {logging_mixin.py:188} INFO - 📥 Fetching Wikipedia data for 2025/10/18
[2025-10-19T15:38:20.636+0000] {logging_mixin.py:188} INFO - ✓ Fetched 1 items from API
[2025-10-19T15:38:20.660+0000] {logging_mixin.py:188} INFO - ✓ Converted to DataFrame with 1000 records
[2025-10-19T15:38:21.419+0000] {logging_mixin.py:188} INFO - ✓ Bucket 'bronze' exists
[2025-10-19T15:38:21.451+0000] {logging_mixin.py:188} INFO - ✅ Uploaded to MinIO: s3://bronze/top_pages_2025_10_18.csv
[2025-10-19T15:38:21.454+0000] {python.py:237} INFO - Done. Returned value was: top_pages_2025_10_18.csv
[2025-10-19T15:38:21.455+0000] {taskinstance.py:441} INFO - ::group::Post task execution logs
[2025-10-19T15:38:21.511+0000] {taskinstance.py:1205} INFO - Marking task as SUCCESS. dag_id=wiki_trending_pipeline, task_id=fetch_top_pages, execution_date=20251019T153817, start_date=20251019T153819, end_date=20251019T153821
[2025-10-19T15:38:21.611+0000] {local_task_job_runner.py:240} INFO - Task exited with return code 0
[2025-10-19T15:38:21.656+0000] {taskinstance.py:3482} INFO - 0 downstream tasks scheduled from follow-on schedule check
[2025-10-19T15:38:21.657+0000] {local_task_job_runner.py:222} INFO - ::endgroup::
