[2025-10-18T18:58:45.899+0000] {local_task_job_runner.py:120} INFO - ::group::Pre task execution logs
[2025-10-18T18:58:45.963+0000] {taskinstance.py:2073} INFO - Dependencies all met for dep_context=non-requeueable deps ti=<TaskInstance: wiki_trending_pipeline.check_spark_cluster manual__2025-10-18T18:53:35.406074+00:00 [queued]>
[2025-10-18T18:58:45.975+0000] {taskinstance.py:2073} INFO - Dependencies all met for dep_context=requeueable deps ti=<TaskInstance: wiki_trending_pipeline.check_spark_cluster manual__2025-10-18T18:53:35.406074+00:00 [queued]>
[2025-10-18T18:58:45.976+0000] {taskinstance.py:2303} INFO - Starting attempt 1 of 3
[2025-10-18T18:58:46.001+0000] {taskinstance.py:2327} INFO - Executing <Task(PythonOperator): check_spark_cluster> on 2025-10-18 18:53:35.406074+00:00
[2025-10-18T18:58:46.014+0000] {standard_task_runner.py:63} INFO - Started process 791 to run task
[2025-10-18T18:58:46.019+0000] {standard_task_runner.py:90} INFO - Running: ['***', 'tasks', 'run', 'wiki_trending_pipeline', 'check_spark_cluster', 'manual__2025-10-18T18:53:35.406074+00:00', '--job-id', '8', '--raw', '--subdir', 'DAGS_FOLDER/wiki_dag/wiki_top_pages_dag.py', '--cfg-path', '/tmp/tmpxix1fi2z']
[2025-10-18T18:58:46.023+0000] {standard_task_runner.py:91} INFO - Job 8: Subtask check_spark_cluster
[2025-10-18T18:58:46.130+0000] {task_command.py:426} INFO - Running <TaskInstance: wiki_trending_pipeline.check_spark_cluster manual__2025-10-18T18:53:35.406074+00:00 [running]> on host 96f4bad2117e
[2025-10-18T18:58:46.306+0000] {taskinstance.py:2644} INFO - Exporting env vars: AIRFLOW_CTX_DAG_OWNER='***' AIRFLOW_CTX_DAG_ID='wiki_trending_pipeline' AIRFLOW_CTX_TASK_ID='check_spark_cluster' AIRFLOW_CTX_EXECUTION_DATE='2025-10-18T18:53:35.406074+00:00' AIRFLOW_CTX_TRY_NUMBER='1' AIRFLOW_CTX_DAG_RUN_ID='manual__2025-10-18T18:53:35.406074+00:00'
[2025-10-18T18:58:46.307+0000] {taskinstance.py:430} INFO - ::endgroup::
[2025-10-18T18:58:46.326+0000] {logging_mixin.py:188} INFO - 🔍 Checking Spark cluster connectivity...
[2025-10-18T18:58:46.327+0000] {logging_mixin.py:188} INFO - Attempt 1/5 - Connecting to Spark cluster...
[2025-10-18T18:58:55.646+0000] {logging_mixin.py:188} INFO - Running test computation...
[2025-10-18T18:59:07.969+0000] {logging_mixin.py:188} INFO - ✅ Spark cluster is healthy!
[2025-10-18T18:59:07.978+0000] {logging_mixin.py:188} INFO -    • Spark Version: 3.5.1
[2025-10-18T18:59:07.983+0000] {logging_mixin.py:188} INFO -    • Master: spark://spark-master:7077
[2025-10-18T18:59:07.990+0000] {logging_mixin.py:188} INFO -    • Application ID: app-20251018185853-0002
[2025-10-18T18:59:07.991+0000] {logging_mixin.py:188} INFO -    • Test Result: Sum(1-5) = 15
[2025-10-18T18:59:08.892+0000] {python.py:237} INFO - Done. Returned value was: Spark cluster is ready
[2025-10-18T18:59:08.893+0000] {taskinstance.py:441} INFO - ::group::Post task execution logs
[2025-10-18T18:59:08.992+0000] {taskinstance.py:1205} INFO - Marking task as SUCCESS. dag_id=wiki_trending_pipeline, task_id=check_spark_cluster, execution_date=20251018T185335, start_date=20251018T185845, end_date=20251018T185908
[2025-10-18T18:59:09.122+0000] {local_task_job_runner.py:240} INFO - Task exited with return code 0
[2025-10-18T18:59:09.204+0000] {taskinstance.py:3482} INFO - 1 downstream tasks scheduled from follow-on schedule check
[2025-10-18T18:59:09.211+0000] {local_task_job_runner.py:222} INFO - ::endgroup::
