[2025-10-19T12:20:59.184+0000] {local_task_job_runner.py:120} INFO - ::group::Pre task execution logs
[2025-10-19T12:20:59.240+0000] {taskinstance.py:2073} INFO - Dependencies all met for dep_context=non-requeueable deps ti=<TaskInstance: wiki_trending_pipeline.fetch_top_pages scheduled__2025-10-18T00:00:00+00:00 [queued]>
[2025-10-19T12:20:59.257+0000] {taskinstance.py:2073} INFO - Dependencies all met for dep_context=requeueable deps ti=<TaskInstance: wiki_trending_pipeline.fetch_top_pages scheduled__2025-10-18T00:00:00+00:00 [queued]>
[2025-10-19T12:20:59.258+0000] {taskinstance.py:2303} INFO - Starting attempt 1 of 3
[2025-10-19T12:20:59.283+0000] {taskinstance.py:2327} INFO - Executing <Task(PythonOperator): fetch_top_pages> on 2025-10-18 00:00:00+00:00
[2025-10-19T12:20:59.297+0000] {standard_task_runner.py:63} INFO - Started process 194 to run task
[2025-10-19T12:20:59.303+0000] {standard_task_runner.py:90} INFO - Running: ['***', 'tasks', 'run', 'wiki_trending_pipeline', 'fetch_top_pages', 'scheduled__2025-10-18T00:00:00+00:00', '--job-id', '5', '--raw', '--subdir', 'DAGS_FOLDER/wiki_top_pages_dag.py', '--cfg-path', '/tmp/tmprzbf5xb9']
[2025-10-19T12:20:59.307+0000] {standard_task_runner.py:91} INFO - Job 5: Subtask fetch_top_pages
[2025-10-19T12:20:59.422+0000] {task_command.py:426} INFO - Running <TaskInstance: wiki_trending_pipeline.fetch_top_pages scheduled__2025-10-18T00:00:00+00:00 [running]> on host 6045c73eb554
[2025-10-19T12:20:59.619+0000] {taskinstance.py:2644} INFO - Exporting env vars: AIRFLOW_CTX_DAG_OWNER='data-engineering' AIRFLOW_CTX_DAG_ID='wiki_trending_pipeline' AIRFLOW_CTX_TASK_ID='fetch_top_pages' AIRFLOW_CTX_EXECUTION_DATE='2025-10-18T00:00:00+00:00' AIRFLOW_CTX_TRY_NUMBER='1' AIRFLOW_CTX_DAG_RUN_ID='scheduled__2025-10-18T00:00:00+00:00'
[2025-10-19T12:20:59.620+0000] {taskinstance.py:430} INFO - ::endgroup::
[2025-10-19T12:20:59.667+0000] {logging_mixin.py:188} INFO - 📥 Fetching Wikipedia data for 2025/10/18
[2025-10-19T12:21:00.051+0000] {logging_mixin.py:188} INFO - ✓ Fetched 1 items from API
[2025-10-19T12:21:00.064+0000] {logging_mixin.py:188} INFO - ✓ Converted to DataFrame with 1000 records
[2025-10-19T12:21:00.556+0000] {logging_mixin.py:188} INFO - ✓ Created bucket 'bronze'
[2025-10-19T12:21:00.575+0000] {logging_mixin.py:188} INFO - ✅ Uploaded to MinIO: s3://bronze/top_pages_2025_10_18.csv
[2025-10-19T12:21:00.576+0000] {python.py:237} INFO - Done. Returned value was: top_pages_2025_10_18.csv
[2025-10-19T12:21:00.577+0000] {taskinstance.py:441} INFO - ::group::Post task execution logs
[2025-10-19T12:21:00.624+0000] {taskinstance.py:1205} INFO - Marking task as SUCCESS. dag_id=wiki_trending_pipeline, task_id=fetch_top_pages, execution_date=20251018T000000, start_date=20251019T122059, end_date=20251019T122100
[2025-10-19T12:21:00.676+0000] {local_task_job_runner.py:240} INFO - Task exited with return code 0
[2025-10-19T12:21:00.752+0000] {taskinstance.py:3482} INFO - 1 downstream tasks scheduled from follow-on schedule check
[2025-10-19T12:21:00.754+0000] {local_task_job_runner.py:222} INFO - ::endgroup::
[2025-10-19T18:03:11.011+0000] {local_task_job_runner.py:120} INFO - ::group::Pre task execution logs
[2025-10-19T18:03:11.066+0000] {taskinstance.py:2073} INFO - Dependencies all met for dep_context=non-requeueable deps ti=<TaskInstance: wiki_trending_pipeline.fetch_top_pages scheduled__2025-10-18T00:00:00+00:00 [queued]>
[2025-10-19T18:03:11.078+0000] {taskinstance.py:2073} INFO - Dependencies all met for dep_context=requeueable deps ti=<TaskInstance: wiki_trending_pipeline.fetch_top_pages scheduled__2025-10-18T00:00:00+00:00 [queued]>
[2025-10-19T18:03:11.078+0000] {taskinstance.py:2303} INFO - Starting attempt 1 of 3
[2025-10-19T18:03:11.094+0000] {taskinstance.py:2327} INFO - Executing <Task(PythonOperator): fetch_top_pages> on 2025-10-18 00:00:00+00:00
[2025-10-19T18:03:11.108+0000] {standard_task_runner.py:63} INFO - Started process 185 to run task
[2025-10-19T18:03:11.112+0000] {standard_task_runner.py:90} INFO - Running: ['***', 'tasks', 'run', 'wiki_trending_pipeline', 'fetch_top_pages', 'scheduled__2025-10-18T00:00:00+00:00', '--job-id', '2', '--raw', '--subdir', 'DAGS_FOLDER/wiki_top_pages_dag.py', '--cfg-path', '/tmp/tmp9khmtis2']
[2025-10-19T18:03:11.115+0000] {standard_task_runner.py:91} INFO - Job 2: Subtask fetch_top_pages
[2025-10-19T18:03:11.203+0000] {task_command.py:426} INFO - Running <TaskInstance: wiki_trending_pipeline.fetch_top_pages scheduled__2025-10-18T00:00:00+00:00 [running]> on host fd86742dd253
[2025-10-19T18:03:11.680+0000] {taskinstance.py:2644} INFO - Exporting env vars: AIRFLOW_CTX_DAG_OWNER='data-engineering' AIRFLOW_CTX_DAG_ID='wiki_trending_pipeline' AIRFLOW_CTX_TASK_ID='fetch_top_pages' AIRFLOW_CTX_EXECUTION_DATE='2025-10-18T00:00:00+00:00' AIRFLOW_CTX_TRY_NUMBER='1' AIRFLOW_CTX_DAG_RUN_ID='scheduled__2025-10-18T00:00:00+00:00'
[2025-10-19T18:03:11.681+0000] {taskinstance.py:430} INFO - ::endgroup::
[2025-10-19T18:03:11.719+0000] {logging_mixin.py:188} INFO - 📥 Fetching Wikipedia data for 2025/10/18
[2025-10-19T18:03:12.148+0000] {logging_mixin.py:188} INFO - ✓ Fetched 1 items from API
[2025-10-19T18:03:12.158+0000] {logging_mixin.py:188} INFO - ✓ Converted to DataFrame with 1000 records
[2025-10-19T18:03:12.568+0000] {logging_mixin.py:188} INFO - ✓ Created bucket 'bronze'
[2025-10-19T18:03:12.599+0000] {logging_mixin.py:188} INFO - ✅ Uploaded to MinIO: s3://bronze/top_pages_2025_10_18.csv
[2025-10-19T18:03:12.602+0000] {python.py:237} INFO - Done. Returned value was: top_pages_2025_10_18.csv
[2025-10-19T18:03:12.602+0000] {taskinstance.py:441} INFO - ::group::Post task execution logs
[2025-10-19T18:03:12.646+0000] {taskinstance.py:1205} INFO - Marking task as SUCCESS. dag_id=wiki_trending_pipeline, task_id=fetch_top_pages, execution_date=20251018T000000, start_date=20251019T180311, end_date=20251019T180312
[2025-10-19T18:03:12.730+0000] {local_task_job_runner.py:240} INFO - Task exited with return code 0
[2025-10-19T18:03:12.774+0000] {taskinstance.py:3482} INFO - 0 downstream tasks scheduled from follow-on schedule check
[2025-10-19T18:03:12.776+0000] {local_task_job_runner.py:222} INFO - ::endgroup::
