[2025-10-19T15:11:04.409+0000] {local_task_job_runner.py:120} INFO - ::group::Pre task execution logs
[2025-10-19T15:11:04.465+0000] {taskinstance.py:2073} INFO - Dependencies all met for dep_context=non-requeueable deps ti=<TaskInstance: wiki_trending_pipeline.check_spark_cluster manual__2025-10-19T15:11:01.579851+00:00 [queued]>
[2025-10-19T15:11:04.477+0000] {taskinstance.py:2073} INFO - Dependencies all met for dep_context=requeueable deps ti=<TaskInstance: wiki_trending_pipeline.check_spark_cluster manual__2025-10-19T15:11:01.579851+00:00 [queued]>
[2025-10-19T15:11:04.478+0000] {taskinstance.py:2303} INFO - Starting attempt 1 of 3
[2025-10-19T15:11:04.494+0000] {taskinstance.py:2327} INFO - Executing <Task(PythonOperator): check_spark_cluster> on 2025-10-19 15:11:01.579851+00:00
[2025-10-19T15:11:04.506+0000] {standard_task_runner.py:63} INFO - Started process 180 to run task
[2025-10-19T15:11:04.510+0000] {standard_task_runner.py:90} INFO - Running: ['***', 'tasks', 'run', 'wiki_trending_pipeline', 'check_spark_cluster', 'manual__2025-10-19T15:11:01.579851+00:00', '--job-id', '60', '--raw', '--subdir', 'DAGS_FOLDER/wiki_top_pages_dag.py', '--cfg-path', '/tmp/tmp67knjbpv']
[2025-10-19T15:11:04.513+0000] {standard_task_runner.py:91} INFO - Job 60: Subtask check_spark_cluster
[2025-10-19T15:11:04.594+0000] {task_command.py:426} INFO - Running <TaskInstance: wiki_trending_pipeline.check_spark_cluster manual__2025-10-19T15:11:01.579851+00:00 [running]> on host 6045c73eb554
[2025-10-19T15:11:04.745+0000] {taskinstance.py:2644} INFO - Exporting env vars: AIRFLOW_CTX_DAG_OWNER='data-engineering' AIRFLOW_CTX_DAG_ID='wiki_trending_pipeline' AIRFLOW_CTX_TASK_ID='check_spark_cluster' AIRFLOW_CTX_EXECUTION_DATE='2025-10-19T15:11:01.579851+00:00' AIRFLOW_CTX_TRY_NUMBER='1' AIRFLOW_CTX_DAG_RUN_ID='manual__2025-10-19T15:11:01.579851+00:00'
[2025-10-19T15:11:04.746+0000] {taskinstance.py:430} INFO - ::endgroup::
[2025-10-19T15:11:04.760+0000] {logging_mixin.py:188} INFO - 🔍 Checking Spark cluster connectivity...
[2025-10-19T15:11:04.761+0000] {logging_mixin.py:188} INFO - Attempt 1/5 - Connecting to Spark cluster...
[2025-10-19T15:11:11.003+0000] {logging_mixin.py:188} INFO - Running test computation...
[2025-10-19T15:11:18.971+0000] {logging_mixin.py:188} INFO - ✅ Spark cluster is healthy!
[2025-10-19T15:11:18.973+0000] {logging_mixin.py:188} INFO -    • Spark Version: 3.5.1
[2025-10-19T15:11:18.975+0000] {logging_mixin.py:188} INFO -    • Master: spark://spark-master:7077
[2025-10-19T15:11:18.976+0000] {logging_mixin.py:188} INFO -    • Application ID: app-20251019151109-0000
[2025-10-19T15:11:18.977+0000] {logging_mixin.py:188} INFO -    • Test Result: Sum(1-5) = 15
[2025-10-19T15:11:19.923+0000] {python.py:237} INFO - Done. Returned value was: Spark cluster is ready
[2025-10-19T15:11:19.924+0000] {taskinstance.py:441} INFO - ::group::Post task execution logs
[2025-10-19T15:11:19.987+0000] {taskinstance.py:1205} INFO - Marking task as SUCCESS. dag_id=wiki_trending_pipeline, task_id=check_spark_cluster, execution_date=20251019T151101, start_date=20251019T151104, end_date=20251019T151119
[2025-10-19T15:11:20.069+0000] {local_task_job_runner.py:240} INFO - Task exited with return code 0
[2025-10-19T15:11:20.132+0000] {taskinstance.py:3482} INFO - 1 downstream tasks scheduled from follow-on schedule check
[2025-10-19T15:11:20.134+0000] {local_task_job_runner.py:222} INFO - ::endgroup::
